#
# There is insufficient memory for the Java Runtime Environment to continue.
# Native memory allocation (malloc) failed to allocate 1583216 bytes for Chunk::new
# Possible reasons:
#   The system is out of physical RAM or swap space
#   The process is running with CompressedOops enabled, and the Java Heap may be blocking the growth of the native heap
# Possible solutions:
#   Reduce memory load on the system
#   Increase physical memory or swap space
#   Check if swap backing store is full
#   Decrease Java heap size (-Xmx/-Xms)
#   Decrease number of Java threads
#   Decrease Java thread stack sizes (-Xss)
#   Set larger code cache with -XX:ReservedCodeCacheSize=
#   JVM is running with Unscaled Compressed Oops mode in which the Java heap is
#     placed in the first 4GB address space. The Java Heap base address is the
#     maximum limit for the native heap growth. Please use -XX:HeapBaseMinAddress
#     to set the Java Heap base and to place the Java Heap above 4GB virtual address.
# This output file may be truncated or incomplete.
#
#  Out of Memory Error (arena.cpp:191), pid=4052, tid=3328
#
# JRE version: OpenJDK Runtime Environment Corretto-17.0.10.7.1 (17.0.10+7) (build 17.0.10+7-LTS)
# Java VM: OpenJDK 64-Bit Server VM Corretto-17.0.10.7.1 (17.0.10+7-LTS, mixed mode, sharing, tiered, compressed oops, compressed class ptrs, g1 gc, windows-amd64)
# No core dump will be written. Minidumps are not enabled by default on client versions of Windows
#

---------------  S U M M A R Y ------------

Command Line: -javaagent:C:\Program Files\JetBrains\IntelliJ IDEA Community Edition 2024.1\lib\idea_rt.jar=51631:C:\Program Files\JetBrains\IntelliJ IDEA Community Edition 2024.1\bin -Dfile.encoding=UTF-8 com.example.demo.DemoApplication

Host: Intel(R) Core(TM) i5-6200U CPU @ 2.30GHz, 4 cores, 7G,  Windows 10 , 64 bit Build 19041 (10.0.19041.3636)
Time: Wed Apr 24 20:47:11 2024 E. Africa Standard Time elapsed time: 23.115329 seconds (0d 0h 0m 23s)

---------------  T H R E A D  ---------------

Current thread (0x000001f8568945a0):  JavaThread "C2 CompilerThread1" daemon [_thread_in_native, id=3328, stack(0x0000007e03000000,0x0000007e03100000)]


Current CompileTask:
C2:  23115 4700   !   4       org.springframework.core.annotation.AnnotationsScanner::processClassHierarchy (234 bytes)

Stack: [0x0000007e03000000,0x0000007e03100000]
Native frames: (J=compiled Java code, j=interpreted, Vv=VM code, C=native code)
V  [jvm.dll+0x67d2c9]
V  [jvm.dll+0x834b1a]
V  [jvm.dll+0x8365de]
V  [jvm.dll+0x836c43]
V  [jvm.dll+0x2477ff]
V  [jvm.dll+0xac514]
V  [jvm.dll+0xacb5c]
V  [jvm.dll+0x366782]
V  [jvm.dll+0x330bfa]
V  [jvm.dll+0x33009a]
V  [jvm.dll+0x219ef1]
V  [jvm.dll+0x219311]
V  [jvm.dll+0x1a502d]
V  [jvm.dll+0x2290de]
V  [jvm.dll+0x2272ac]
V  [jvm.dll+0x7e9bd7]
V  [jvm.dll+0x7e3fda]
V  [jvm.dll+0x67c1b5]
C  [ucrtbase.dll+0x21bb2]
C  [KERNEL32.DLL+0x17344]
C  [ntdll.dll+0x526b1]


---------------  P R O C E S S  ---------------

Threads class SMR info:
_java_thread_list=0x000001f85b3287b0, length=19, elements={
0x000001f86fbfc540, 0x000001f87e6462f0, 0x000001f87e647910, 0x000001f87e658570,
0x000001f87e659130, 0x000001f87e65c3a0, 0x000001f87e661510, 0x000001f87e68ef70,
0x000001f87e693450, 0x000001f87e6a4a20, 0x000001f87e84b3e0, 0x000001f87ecca200,
0x000001f87ebcaa90, 0x000001f8570b7080, 0x000001f858499240, 0x000001f8574e6550,
0x000001f8573a66c0, 0x000001f85b6f1800, 0x000001f8568945a0
}

Java Threads: ( => current thread )
  0x000001f86fbfc540 JavaThread "main" [_thread_in_native, id=9768, stack(0x0000007e01300000,0x0000007e01400000)]
  0x000001f87e6462f0 JavaThread "Reference Handler" daemon [_thread_blocked, id=4720, stack(0x0000007e01a00000,0x0000007e01b00000)]
  0x000001f87e647910 JavaThread "Finalizer" daemon [_thread_blocked, id=14140, stack(0x0000007e01b00000,0x0000007e01c00000)]
  0x000001f87e658570 JavaThread "Signal Dispatcher" daemon [_thread_blocked, id=13464, stack(0x0000007e01c00000,0x0000007e01d00000)]
  0x000001f87e659130 JavaThread "Attach Listener" daemon [_thread_blocked, id=4528, stack(0x0000007e01d00000,0x0000007e01e00000)]
  0x000001f87e65c3a0 JavaThread "Service Thread" daemon [_thread_blocked, id=11792, stack(0x0000007e01e00000,0x0000007e01f00000)]
  0x000001f87e661510 JavaThread "Monitor Deflation Thread" daemon [_thread_blocked, id=14332, stack(0x0000007e01f00000,0x0000007e02000000)]
  0x000001f87e68ef70 JavaThread "C2 CompilerThread0" daemon [_thread_in_native, id=632, stack(0x0000007e02000000,0x0000007e02100000)]
  0x000001f87e693450 JavaThread "C1 CompilerThread0" daemon [_thread_blocked, id=11988, stack(0x0000007e02100000,0x0000007e02200000)]
  0x000001f87e6a4a20 JavaThread "Sweeper thread" daemon [_thread_blocked, id=5832, stack(0x0000007e02200000,0x0000007e02300000)]
  0x000001f87e84b3e0 JavaThread "Common-Cleaner" daemon [_thread_blocked, id=13844, stack(0x0000007e02300000,0x0000007e02400000)]
  0x000001f87ecca200 JavaThread "Monitor Ctrl-Break" daemon [_thread_in_native, id=3436, stack(0x0000007e02400000,0x0000007e02500000)]
  0x000001f87ebcaa90 JavaThread "Notification Thread" daemon [_thread_blocked, id=13196, stack(0x0000007e02500000,0x0000007e02600000)]
  0x000001f8570b7080 JavaThread "Catalina-utility-1" [_thread_blocked, id=4336, stack(0x0000007e02700000,0x0000007e02800000)]
  0x000001f858499240 JavaThread "Catalina-utility-2" [_thread_blocked, id=1664, stack(0x0000007e02c00000,0x0000007e02d00000)]
  0x000001f8574e6550 JavaThread "container-0" [_thread_blocked, id=1424, stack(0x0000007e02d00000,0x0000007e02e00000)]
  0x000001f8573a66c0 JavaThread "mysql-cj-abandoned-connection-cleanup" daemon [_thread_blocked, id=9464, stack(0x0000007e02e00000,0x0000007e02f00000)]
  0x000001f85b6f1800 JavaThread "HikariPool-1 housekeeper" daemon [_thread_blocked, id=2096, stack(0x0000007e02f00000,0x0000007e03000000)]
=>0x000001f8568945a0 JavaThread "C2 CompilerThread1" daemon [_thread_in_native, id=3328, stack(0x0000007e03000000,0x0000007e03100000)]

Other Threads:
  0x000001f87e640680 VMThread "VM Thread" [stack: 0x0000007e01900000,0x0000007e01a00000] [id=13352]
  0x000001f87ecca6e0 WatcherThread [stack: 0x0000007e02600000,0x0000007e02700000] [id=5396]
  0x000001f86fc54ad0 GCTaskThread "GC Thread#0" [stack: 0x0000007e01400000,0x0000007e01500000] [id=9188]
  0x000001f87f23ec20 GCTaskThread "GC Thread#1" [stack: 0x0000007e02800000,0x0000007e02900000] [id=10588]
  0x000001f87f1b4b20 GCTaskThread "GC Thread#2" [stack: 0x0000007e02900000,0x0000007e02a00000] [id=12360]
  0x000001f87f239fa0 GCTaskThread "GC Thread#3" [stack: 0x0000007e02a00000,0x0000007e02b00000] [id=11344]
  0x000001f86fb9dea0 ConcurrentGCThread "G1 Main Marker" [stack: 0x0000007e01500000,0x0000007e01600000] [id=12104]
  0x000001f86fb9e8c0 ConcurrentGCThread "G1 Conc#0" [stack: 0x0000007e01600000,0x0000007e01700000] [id=5928]
  0x000001f86fca5b60 ConcurrentGCThread "G1 Refine#0" [stack: 0x0000007e01700000,0x0000007e01800000] [id=13204]
  0x000001f86fca6590 ConcurrentGCThread "G1 Service" [stack: 0x0000007e01800000,0x0000007e01900000] [id=8564]

Threads with active compile tasks:
C2 CompilerThread0    23169 4672   !   4       org.springframework.util.ReflectionUtils::doWithMethods (186 bytes)
C2 CompilerThread1    23169 4700   !   4       org.springframework.core.annotation.AnnotationsScanner::processClassHierarchy (234 bytes)

VM state: not at safepoint (normal execution)

VM Mutex/Monitor currently owned by a thread: None

Heap address: 0x0000000081c00000, size: 2020 MB, Compressed Oops mode: 32-bit

CDS archive(s) mapped at: [0x000001f811000000-0x000001f811bb0000-0x000001f811bb0000), size 12255232, SharedBaseAddress: 0x000001f811000000, ArchiveRelocationMode: 1.
Compressed class space mapped at: 0x000001f812000000-0x000001f852000000, reserved size: 1073741824
Narrow klass base: 0x000001f811000000, Narrow klass shift: 0, Narrow klass range: 0x100000000

GC Precious Log:
 CPUs: 4 total, 4 available
 Memory: 8072M
 Large Page Support: Disabled
 NUMA Support: Disabled
 Compressed Oops: Enabled (32-bit)
 Heap Region Size: 1M
 Heap Min Capacity: 8M
 Heap Initial Capacity: 128M
 Heap Max Capacity: 2020M
 Pre-touch: Disabled
 Parallel Workers: 4
 Concurrent Workers: 1
 Concurrent Refinement Workers: 4
 Periodic GC: Disabled

Heap:
 garbage-first heap   total 53248K, used 35469K [0x0000000081c00000, 0x0000000100000000)
  region size 1024K, 16 young (16384K), 2 survivors (2048K)
 Metaspace       used 54433K, committed 54912K, reserved 1114112K
  class space    used 7318K, committed 7552K, reserved 1048576K

Heap Regions: E=young(eden), S=young(survivor), O=old, HS=humongous(starts), HC=humongous(continues), CS=collection set, F=free, OA=open archive, CA=closed archive, TAMS=top-at-mark-start (previous, next)
|   0|0x0000000081c00000, 0x0000000081d00000, 0x0000000081d00000|100%|HS|  |TAMS 0x0000000081d00000, 0x0000000081c00000| Complete 
|   1|0x0000000081d00000, 0x0000000081e00000, 0x0000000081e00000|100%| O|  |TAMS 0x0000000081e00000, 0x0000000081d00000| Untracked 
|   2|0x0000000081e00000, 0x0000000081f00000, 0x0000000081f00000|100%| O|  |TAMS 0x0000000081f00000, 0x0000000081e00000| Untracked 
|   3|0x0000000081f00000, 0x0000000082000000, 0x0000000082000000|100%| O|  |TAMS 0x0000000082000000, 0x0000000081f00000| Untracked 
|   4|0x0000000082000000, 0x0000000082100000, 0x0000000082100000|100%| O|  |TAMS 0x0000000082100000, 0x0000000082000000| Untracked 
|   5|0x0000000082100000, 0x00000000821f2800, 0x0000000082200000| 94%| O|  |TAMS 0x00000000821f2800, 0x0000000082100000| Untracked 
|   6|0x0000000082200000, 0x0000000082300000, 0x0000000082300000|100%| O|  |TAMS 0x0000000082300000, 0x0000000082200000| Untracked 
|   7|0x0000000082300000, 0x0000000082400000, 0x0000000082400000|100%| O|  |TAMS 0x0000000082400000, 0x0000000082300000| Untracked 
|   8|0x0000000082400000, 0x0000000082500000, 0x0000000082500000|100%| O|  |TAMS 0x0000000082400000, 0x0000000082400000| Untracked 
|   9|0x0000000082500000, 0x0000000082600000, 0x0000000082600000|100%| O|  |TAMS 0x0000000082500000, 0x0000000082500000| Untracked 
|  10|0x0000000082600000, 0x0000000082700000, 0x0000000082700000|100%| O|  |TAMS 0x0000000082600000, 0x0000000082600000| Untracked 
|  11|0x0000000082700000, 0x0000000082800000, 0x0000000082800000|100%| O|  |TAMS 0x0000000082700000, 0x0000000082700000| Untracked 
|  12|0x0000000082800000, 0x0000000082811600, 0x0000000082900000|  6%| O|  |TAMS 0x0000000082800000, 0x0000000082800000| Untracked 
|  13|0x0000000082900000, 0x0000000082900000, 0x0000000082a00000|  0%| F|  |TAMS 0x0000000082900000, 0x0000000082900000| Untracked 
|  14|0x0000000082a00000, 0x0000000082a00000, 0x0000000082b00000|  0%| F|  |TAMS 0x0000000082a00000, 0x0000000082a00000| Untracked 
|  15|0x0000000082b00000, 0x0000000082c00000, 0x0000000082c00000|100%| O|  |TAMS 0x0000000082c00000, 0x0000000082b00000| Untracked 
|  16|0x0000000082c00000, 0x0000000082d00000, 0x0000000082d00000|100%| O|  |TAMS 0x0000000082d00000, 0x0000000082c00000| Untracked 
|  17|0x0000000082d00000, 0x0000000082e00000, 0x0000000082e00000|100%| O|  |TAMS 0x0000000082e00000, 0x0000000082d00000| Untracked 
|  18|0x0000000082e00000, 0x0000000082f00000, 0x0000000082f00000|100%| O|  |TAMS 0x0000000082f00000, 0x0000000082e00000| Untracked 
|  19|0x0000000082f00000, 0x0000000083000000, 0x0000000083000000|100%| O|  |TAMS 0x0000000083000000, 0x0000000082f00000| Untracked 
|  20|0x0000000083000000, 0x0000000083100000, 0x0000000083100000|100%| O|  |TAMS 0x0000000083100000, 0x0000000083000000| Untracked 
|  21|0x0000000083100000, 0x0000000083200000, 0x0000000083200000|100%| O|  |TAMS 0x0000000083193000, 0x0000000083100000| Untracked 
|  22|0x0000000083200000, 0x0000000083200000, 0x0000000083300000|  0%| F|  |TAMS 0x0000000083200000, 0x0000000083200000| Untracked 
|  23|0x0000000083300000, 0x0000000083300000, 0x0000000083400000|  0%| F|  |TAMS 0x0000000083300000, 0x0000000083300000| Untracked 
|  24|0x0000000083400000, 0x0000000083400000, 0x0000000083500000|  0%| F|  |TAMS 0x0000000083400000, 0x0000000083400000| Untracked 
|  25|0x0000000083500000, 0x0000000083500000, 0x0000000083600000|  0%| F|  |TAMS 0x0000000083500000, 0x0000000083500000| Untracked 
|  26|0x0000000083600000, 0x0000000083600000, 0x0000000083700000|  0%| F|  |TAMS 0x0000000083600000, 0x0000000083600000| Untracked 
|  27|0x0000000083700000, 0x0000000083700000, 0x0000000083800000|  0%| F|  |TAMS 0x0000000083700000, 0x0000000083700000| Untracked 
|  28|0x0000000083800000, 0x0000000083800000, 0x0000000083900000|  0%| F|  |TAMS 0x0000000083800000, 0x0000000083800000| Untracked 
|  29|0x0000000083900000, 0x0000000083900000, 0x0000000083a00000|  0%| F|  |TAMS 0x0000000083900000, 0x0000000083900000| Untracked 
|  30|0x0000000083a00000, 0x0000000083a9f890, 0x0000000083b00000| 62%| S|CS|TAMS 0x0000000083a00000, 0x0000000083a00000| Complete 
|  31|0x0000000083b00000, 0x0000000083b00000, 0x0000000083c00000|  0%| F|  |TAMS 0x0000000083b00000, 0x0000000083b00000| Untracked 
|  32|0x0000000083c00000, 0x0000000083d00000, 0x0000000083d00000|100%| S|CS|TAMS 0x0000000083c00000, 0x0000000083c00000| Complete 
|  33|0x0000000083d00000, 0x0000000083d00000, 0x0000000083e00000|  0%| F|  |TAMS 0x0000000083d00000, 0x0000000083d00000| Untracked 
|  34|0x0000000083e00000, 0x0000000083e00000, 0x0000000083f00000|  0%| F|  |TAMS 0x0000000083e00000, 0x0000000083e00000| Untracked 
|  35|0x0000000083f00000, 0x0000000083f00000, 0x0000000084000000|  0%| F|  |TAMS 0x0000000083f00000, 0x0000000083f00000| Untracked 
|  36|0x0000000084000000, 0x0000000084000000, 0x0000000084100000|  0%| F|  |TAMS 0x0000000084000000, 0x0000000084000000| Untracked 
|  37|0x0000000084100000, 0x00000000841b1e60, 0x0000000084200000| 69%| E|  |TAMS 0x0000000084100000, 0x0000000084100000| Complete 
|  38|0x0000000084200000, 0x0000000084300000, 0x0000000084300000|100%| E|CS|TAMS 0x0000000084200000, 0x0000000084200000| Complete 
|  39|0x0000000084300000, 0x0000000084400000, 0x0000000084400000|100%| E|CS|TAMS 0x0000000084300000, 0x0000000084300000| Complete 
|  40|0x0000000084400000, 0x0000000084500000, 0x0000000084500000|100%| E|CS|TAMS 0x0000000084400000, 0x0000000084400000| Complete 
|  41|0x0000000084500000, 0x0000000084600000, 0x0000000084600000|100%| E|CS|TAMS 0x0000000084500000, 0x0000000084500000| Complete 
|  63|0x0000000085b00000, 0x0000000085c00000, 0x0000000085c00000|100%| E|CS|TAMS 0x0000000085b00000, 0x0000000085b00000| Complete 
|  64|0x0000000085c00000, 0x0000000085d00000, 0x0000000085d00000|100%| E|CS|TAMS 0x0000000085c00000, 0x0000000085c00000| Complete 
|  65|0x0000000085d00000, 0x0000000085e00000, 0x0000000085e00000|100%| E|CS|TAMS 0x0000000085d00000, 0x0000000085d00000| Complete 
|  66|0x0000000085e00000, 0x0000000085f00000, 0x0000000085f00000|100%| E|CS|TAMS 0x0000000085e00000, 0x0000000085e00000| Complete 
|  67|0x0000000085f00000, 0x0000000086000000, 0x0000000086000000|100%| E|CS|TAMS 0x0000000085f00000, 0x0000000085f00000| Complete 
|  68|0x0000000086000000, 0x0000000086100000, 0x0000000086100000|100%| E|CS|TAMS 0x0000000086000000, 0x0000000086000000| Complete 
|  69|0x0000000086100000, 0x0000000086200000, 0x0000000086200000|100%| E|CS|TAMS 0x0000000086100000, 0x0000000086100000| Complete 
|  70|0x0000000086200000, 0x0000000086300000, 0x0000000086300000|100%| E|CS|TAMS 0x0000000086200000, 0x0000000086200000| Complete 
| 127|0x0000000089b00000, 0x0000000089c00000, 0x0000000089c00000|100%| E|CS|TAMS 0x0000000089b00000, 0x0000000089b00000| Complete 
|2019|0x00000000fff00000, 0x0000000100000000, 0x0000000100000000|100%| O|  |TAMS 0x0000000100000000, 0x00000000fff00000| Untracked 

Card table byte_map: [0x000001f879920000,0x000001f879d20000] _byte_map_base: 0x000001f879512000

Marking Bits (Prev, Next): (CMBitMap*) 0x000001f86fc550f0, (CMBitMap*) 0x000001f86fc55130
 Prev Bits: [0x000001f87a120000, 0x000001f87c0b0000)
 Next Bits: [0x000001f87c0b0000, 0x000001f87e040000)

Polling page: 0x000001f86fcb0000

Metaspace:

Usage:
  Non-class:     46.02 MB used.
      Class:      7.15 MB used.
       Both:     53.17 MB used.

Virtual space:
  Non-class space:       64.00 MB reserved,      46.25 MB ( 72%) committed,  1 nodes.
      Class space:        1.00 GB reserved,       7.38 MB ( <1%) committed,  1 nodes.
             Both:        1.06 GB reserved,      53.62 MB (  5%) committed. 

Chunk freelists:
   Non-Class:  1.56 MB
       Class:  8.50 MB
        Both:  10.06 MB

MaxMetaspaceSize: unlimited
CompressedClassSpaceSize: 1.00 GB
Initial GC threshold: 21.00 MB
Current GC threshold: 59.00 MB
CDS: on
MetaspaceReclaimPolicy: balanced
 - commit_granule_bytes: 65536.
 - commit_granule_words: 8192.
 - virtual_space_node_default_size: 8388608.
 - enlarge_chunks_in_place: 1.
 - new_chunks_are_fully_committed: 0.
 - uncommit_free_chunks: 1.
 - use_allocation_guard: 0.
 - handle_deallocations: 1.


Internal statistics:

num_allocs_failed_limit: 6.
num_arena_births: 656.
num_arena_deaths: 0.
num_vsnodes_births: 2.
num_vsnodes_deaths: 0.
num_space_committed: 858.
num_space_uncommitted: 0.
num_chunks_returned_to_freelist: 6.
num_chunks_taken_from_freelist: 2608.
num_chunk_merges: 6.
num_chunk_splits: 1890.
num_chunks_enlarged: 1482.
num_inconsistent_stats: 0.

CodeHeap 'non-profiled nmethods': size=120000Kb used=3096Kb max_used=3096Kb free=116903Kb
 bounds [0x000001f807ad0000, 0x000001f807de0000, 0x000001f80f000000]
CodeHeap 'profiled nmethods': size=120000Kb used=9667Kb max_used=9667Kb free=110333Kb
 bounds [0x000001f800000000, 0x000001f800980000, 0x000001f807530000]
CodeHeap 'non-nmethods': size=5760Kb used=1311Kb max_used=1361Kb free=4449Kb
 bounds [0x000001f807530000, 0x000001f8077a0000, 0x000001f807ad0000]
 total_blobs=5337 nmethods=4698 adapters=551
 compilation: enabled
              stopped_count=0, restarted_count=0
 full_count=0

Compilation events (20 events):
Event: 22.692 Thread 0x000001f87e693450 4704       2       org.springframework.core.convert.support.GenericConversionService$Converters::add (75 bytes)
Event: 22.693 Thread 0x000001f87e693450 nmethod 4704 0x000001f80096c690 code [0x000001f80096c8a0, 0x000001f80096cd18]
Event: 22.700 Thread 0x000001f8568945a0 nmethod 4627 0x000001f807dcc710 code [0x000001f807dccce0, 0x000001f807dd18e8]
Event: 22.701 Thread 0x000001f8568945a0 4700   !   4       org.springframework.core.annotation.AnnotationsScanner::processClassHierarchy (234 bytes)
Event: 22.704 Thread 0x000001f87e693450 4705       2       org.springframework.core.convert.support.GenericConversionService$ConverterAdapter::<init> (41 bytes)
Event: 22.705 Thread 0x000001f87e693450 nmethod 4705 0x000001f80096cf90 code [0x000001f80096d160, 0x000001f80096d6f8]
Event: 22.705 Thread 0x000001f87e693450 4706       2       org.springframework.core.convert.support.GenericConversionService$ConverterAdapter::getConvertibleTypes (8 bytes)
Event: 22.706 Thread 0x000001f87e693450 nmethod 4706 0x000001f80096d910 code [0x000001f80096daa0, 0x000001f80096dc58]
Event: 23.040 Thread 0x000001f87e693450 4709       2       java.lang.invoke.MethodHandle::bindArgumentL (10 bytes)
Event: 23.041 Thread 0x000001f87e693450 nmethod 4709 0x000001f80096dd10 code [0x000001f80096dee0, 0x000001f80096e148]
Event: 23.090 Thread 0x000001f87e693450 4710       2       java.util.stream.AbstractPipeline::copyIntoWithCancel (46 bytes)
Event: 23.090 Thread 0x000001f87e693450 nmethod 4710 0x000001f80096e310 code [0x000001f80096e4e0, 0x000001f80096e718]
Event: 23.091 Thread 0x000001f87e693450 4711       2       java.util.stream.MatchOps$1MatchSink::accept (44 bytes)
Event: 23.091 Thread 0x000001f87e693450 nmethod 4711 0x000001f80096e890 code [0x000001f80096ea20, 0x000001f80096eb88]
Event: 23.099 Thread 0x000001f87e693450 4713       1       java.util.stream.FindOps$FindOp::getOpFlags (5 bytes)
Event: 23.099 Thread 0x000001f87e693450 nmethod 4713 0x000001f807dd5d90 code [0x000001f807dd5f20, 0x000001f807dd5ff8]
Event: 23.099 Thread 0x000001f87e693450 4714       2       java.util.stream.Stream::of (13 bytes)
Event: 23.100 Thread 0x000001f87e693450 nmethod 4714 0x000001f80096ec90 code [0x000001f80096ee40, 0x000001f80096f008]
Event: 23.100 Thread 0x000001f87e693450 4715       2       java.util.stream.Streams$StreamBuilderImpl::<init> (16 bytes)
Event: 23.100 Thread 0x000001f87e693450 nmethod 4715 0x000001f80096f110 code [0x000001f80096f2a0, 0x000001f80096f3f8]

GC Heap History (20 events):
Event: 1.205 GC heap before
{Heap before GC invocations=0 (full 0):
 garbage-first heap   total 131072K, used 13312K [0x0000000081c00000, 0x0000000100000000)
  region size 1024K, 13 young (13312K), 0 survivors (0K)
 Metaspace       used 3361K, committed 3520K, reserved 1114112K
  class space    used 343K, committed 448K, reserved 1048576K
}
Event: 1.213 GC heap after
{Heap after GC invocations=1 (full 0):
 garbage-first heap   total 131072K, used 5884K [0x0000000081c00000, 0x0000000100000000)
  region size 1024K, 2 young (2048K), 2 survivors (2048K)
 Metaspace       used 3361K, committed 3520K, reserved 1114112K
  class space    used 343K, committed 448K, reserved 1048576K
}
Event: 1.977 GC heap before
{Heap before GC invocations=1 (full 0):
 garbage-first heap   total 131072K, used 16124K [0x0000000081c00000, 0x0000000100000000)
  region size 1024K, 12 young (12288K), 2 survivors (2048K)
 Metaspace       used 6521K, committed 6720K, reserved 1114112K
  class space    used 761K, committed 832K, reserved 1048576K
}
Event: 1.986 GC heap after
{Heap after GC invocations=2 (full 0):
 garbage-first heap   total 131072K, used 7348K [0x0000000081c00000, 0x0000000100000000)
  region size 1024K, 2 young (2048K), 2 survivors (2048K)
 Metaspace       used 6521K, committed 6720K, reserved 1114112K
  class space    used 761K, committed 832K, reserved 1048576K
}
Event: 3.074 GC heap before
{Heap before GC invocations=2 (full 0):
 garbage-first heap   total 131072K, used 26804K [0x0000000081c00000, 0x0000000100000000)
  region size 1024K, 22 young (22528K), 2 survivors (2048K)
 Metaspace       used 11858K, committed 12096K, reserved 1114112K
  class space    used 1404K, committed 1472K, reserved 1048576K
}
Event: 3.083 GC heap after
{Heap after GC invocations=3 (full 0):
 garbage-first heap   total 131072K, used 9078K [0x0000000081c00000, 0x0000000100000000)
  region size 1024K, 3 young (3072K), 3 survivors (3072K)
 Metaspace       used 11858K, committed 12096K, reserved 1114112K
  class space    used 1404K, committed 1472K, reserved 1048576K
}
Event: 7.212 GC heap before
{Heap before GC invocations=3 (full 0):
 garbage-first heap   total 131072K, used 62326K [0x0000000081c00000, 0x0000000100000000)
  region size 1024K, 57 young (58368K), 3 survivors (3072K)
 Metaspace       used 21294K, committed 21504K, reserved 1114112K
  class space    used 2638K, committed 2752K, reserved 1048576K
}
Event: 7.239 GC heap after
{Heap after GC invocations=4 (full 0):
 garbage-first heap   total 131072K, used 13418K [0x0000000081c00000, 0x0000000100000000)
  region size 1024K, 8 young (8192K), 8 survivors (8192K)
 Metaspace       used 21294K, committed 21504K, reserved 1114112K
  class space    used 2638K, committed 2752K, reserved 1048576K
}
Event: 10.804 GC heap before
{Heap before GC invocations=5 (full 0):
 garbage-first heap   total 51200K, used 40042K [0x0000000081c00000, 0x0000000100000000)
  region size 1024K, 35 young (35840K), 8 survivors (8192K)
 Metaspace       used 27341K, committed 27712K, reserved 1114112K
  class space    used 3465K, committed 3648K, reserved 1048576K
}
Event: 10.854 GC heap after
{Heap after GC invocations=6 (full 0):
 garbage-first heap   total 53248K, used 16515K [0x0000000081c00000, 0x0000000100000000)
  region size 1024K, 8 young (8192K), 8 survivors (8192K)
 Metaspace       used 27341K, committed 27712K, reserved 1114112K
  class space    used 3465K, committed 3648K, reserved 1048576K
}
Event: 13.521 GC heap before
{Heap before GC invocations=6 (full 0):
 garbage-first heap   total 53248K, used 35971K [0x0000000081c00000, 0x0000000100000000)
  region size 1024K, 27 young (27648K), 8 survivors (8192K)
 Metaspace       used 31489K, committed 31936K, reserved 1114112K
  class space    used 4058K, committed 4288K, reserved 1048576K
}
Event: 13.539 GC heap after
{Heap after GC invocations=7 (full 0):
 garbage-first heap   total 53248K, used 17580K [0x0000000081c00000, 0x0000000100000000)
  region size 1024K, 2 young (2048K), 2 survivors (2048K)
 Metaspace       used 31489K, committed 31936K, reserved 1114112K
  class space    used 4058K, committed 4288K, reserved 1048576K
}
Event: 15.860 GC heap before
{Heap before GC invocations=7 (full 0):
 garbage-first heap   total 53248K, used 31916K [0x0000000081c00000, 0x0000000100000000)
  region size 1024K, 18 young (18432K), 2 survivors (2048K)
 Metaspace       used 35661K, committed 36096K, reserved 1114112K
  class space    used 4663K, committed 4864K, reserved 1048576K
}
Event: 15.869 GC heap after
{Heap after GC invocations=8 (full 0):
 garbage-first heap   total 53248K, used 18434K [0x0000000081c00000, 0x0000000100000000)
  region size 1024K, 3 young (3072K), 3 survivors (3072K)
 Metaspace       used 35661K, committed 36096K, reserved 1114112K
  class space    used 4663K, committed 4864K, reserved 1048576K
}
Event: 17.972 GC heap before
{Heap before GC invocations=9 (full 0):
 garbage-first heap   total 53248K, used 38914K [0x0000000081c00000, 0x0000000100000000)
  region size 1024K, 23 young (23552K), 3 survivors (3072K)
 Metaspace       used 41301K, committed 41728K, reserved 1114112K
  class space    used 5387K, committed 5568K, reserved 1048576K
}
Event: 17.989 GC heap after
{Heap after GC invocations=10 (full 0):
 garbage-first heap   total 53248K, used 20426K [0x0000000081c00000, 0x0000000100000000)
  region size 1024K, 3 young (3072K), 3 survivors (3072K)
 Metaspace       used 41301K, committed 41728K, reserved 1114112K
  class space    used 5387K, committed 5568K, reserved 1048576K
}
Event: 19.777 GC heap before
{Heap before GC invocations=10 (full 0):
 garbage-first heap   total 53248K, used 38858K [0x0000000081c00000, 0x0000000100000000)
  region size 1024K, 22 young (22528K), 3 survivors (3072K)
 Metaspace       used 47341K, committed 47744K, reserved 1114112K
  class space    used 6262K, committed 6464K, reserved 1048576K
}
Event: 19.798 GC heap after
{Heap after GC invocations=11 (full 0):
 garbage-first heap   total 53248K, used 21519K [0x0000000081c00000, 0x0000000100000000)
  region size 1024K, 1 young (1024K), 1 survivors (1024K)
 Metaspace       used 47341K, committed 47744K, reserved 1114112K
  class space    used 6262K, committed 6464K, reserved 1048576K
}
Event: 21.778 GC heap before
{Heap before GC invocations=11 (full 0):
 garbage-first heap   total 53248K, used 39951K [0x0000000081c00000, 0x0000000100000000)
  region size 1024K, 19 young (19456K), 1 survivors (1024K)
 Metaspace       used 51666K, committed 52160K, reserved 1114112K
  class space    used 6990K, committed 7168K, reserved 1048576K
}
Event: 21.787 GC heap after
{Heap after GC invocations=12 (full 0):
 garbage-first heap   total 53248K, used 22157K [0x0000000081c00000, 0x0000000100000000)
  region size 1024K, 2 young (2048K), 2 survivors (2048K)
 Metaspace       used 51666K, committed 52160K, reserved 1114112K
  class space    used 6990K, committed 7168K, reserved 1048576K
}

Dll operation events (14 events):
Event: 0.027 Loaded shared library C:\Users\hp\.jdks\corretto-17.0.10\bin\java.dll
Event: 0.092 Loaded shared library C:\Users\hp\.jdks\corretto-17.0.10\bin\jsvml.dll
Event: 0.328 Loaded shared library C:\Users\hp\.jdks\corretto-17.0.10\bin\zip.dll
Event: 0.337 Loaded shared library C:\Users\hp\.jdks\corretto-17.0.10\bin\instrument.dll
Event: 0.356 Loaded shared library C:\Users\hp\.jdks\corretto-17.0.10\bin\net.dll
Event: 0.359 Loaded shared library C:\Users\hp\.jdks\corretto-17.0.10\bin\nio.dll
Event: 0.365 Loaded shared library C:\Users\hp\.jdks\corretto-17.0.10\bin\zip.dll
Event: 0.574 Loaded shared library C:\Program Files\JetBrains\IntelliJ IDEA Community Edition 2024.1\bin\breakgen64.dll
Event: 0.602 Loaded shared library C:\Users\hp\.jdks\corretto-17.0.10\bin\extnet.dll
Event: 0.703 Loaded shared library C:\Users\hp\.jdks\corretto-17.0.10\bin\jimage.dll
Event: 4.159 Loaded shared library C:\Users\hp\.jdks\corretto-17.0.10\bin\sunmscapi.dll
Event: 10.574 Loaded shared library C:\Users\hp\.jdks\corretto-17.0.10\bin\management.dll
Event: 10.578 Loaded shared library C:\Users\hp\.jdks\corretto-17.0.10\bin\management_ext.dll
Event: 13.874 Loaded shared library C:\Users\hp\.jdks\corretto-17.0.10\bin\verify.dll

Deoptimization events (20 events):
Event: 22.428 Thread 0x000001f86fbfc540 DEOPT PACKING pc=0x000001f807c7837c sp=0x0000007e013fbd30
Event: 22.428 Thread 0x000001f86fbfc540 DEOPT UNPACKING pc=0x000001f8075869a3 sp=0x0000007e013fbc98 mode 2
Event: 23.088 Thread 0x000001f86fbfc540 DEOPT PACKING pc=0x000001f80045fa5c sp=0x0000007e013fbea0
Event: 23.088 Thread 0x000001f86fbfc540 DEOPT UNPACKING pc=0x000001f807587143 sp=0x0000007e013fb3f8 mode 0
Event: 23.098 Thread 0x000001f86fbfc540 Uncommon trap: trap_request=0xffffffde fr.pc=0x000001f807ca0f30 relative=0x0000000000000cb0
Event: 23.098 Thread 0x000001f86fbfc540 Uncommon trap: reason=class_check action=maybe_recompile pc=0x000001f807ca0f30 method=org.springframework.util.ConcurrentReferenceHashMap$Segment.findInChain(Lorg/springframework/util/ConcurrentReferenceHashMap$Reference;Ljava/lang/Object;I)Lorg/springfra
Event: 23.098 Thread 0x000001f86fbfc540 DEOPT PACKING pc=0x000001f807ca0f30 sp=0x0000007e013fc120
Event: 23.098 Thread 0x000001f86fbfc540 DEOPT UNPACKING pc=0x000001f8075869a3 sp=0x0000007e013fbf68 mode 2
Event: 23.098 Thread 0x000001f86fbfc540 Uncommon trap: trap_request=0xffffffde fr.pc=0x000001f807ca0f30 relative=0x0000000000000cb0
Event: 23.098 Thread 0x000001f86fbfc540 Uncommon trap: reason=class_check action=maybe_recompile pc=0x000001f807ca0f30 method=org.springframework.util.ConcurrentReferenceHashMap$Segment.findInChain(Lorg/springframework/util/ConcurrentReferenceHashMap$Reference;Ljava/lang/Object;I)Lorg/springfra
Event: 23.098 Thread 0x000001f86fbfc540 DEOPT PACKING pc=0x000001f807ca0f30 sp=0x0000007e013fc120
Event: 23.098 Thread 0x000001f86fbfc540 DEOPT UNPACKING pc=0x000001f8075869a3 sp=0x0000007e013fbf68 mode 2
Event: 23.105 Thread 0x000001f86fbfc540 Uncommon trap: trap_request=0xffffffde fr.pc=0x000001f807ca0f30 relative=0x0000000000000cb0
Event: 23.105 Thread 0x000001f86fbfc540 Uncommon trap: reason=class_check action=maybe_recompile pc=0x000001f807ca0f30 method=org.springframework.util.ConcurrentReferenceHashMap$Segment.findInChain(Lorg/springframework/util/ConcurrentReferenceHashMap$Reference;Ljava/lang/Object;I)Lorg/springfra
Event: 23.105 Thread 0x000001f86fbfc540 DEOPT PACKING pc=0x000001f807ca0f30 sp=0x0000007e013fc120
Event: 23.105 Thread 0x000001f86fbfc540 DEOPT UNPACKING pc=0x000001f8075869a3 sp=0x0000007e013fbf68 mode 2
Event: 23.105 Thread 0x000001f86fbfc540 Uncommon trap: trap_request=0xffffffde fr.pc=0x000001f807ca0f30 relative=0x0000000000000cb0
Event: 23.105 Thread 0x000001f86fbfc540 Uncommon trap: reason=class_check action=maybe_recompile pc=0x000001f807ca0f30 method=org.springframework.util.ConcurrentReferenceHashMap$Segment.findInChain(Lorg/springframework/util/ConcurrentReferenceHashMap$Reference;Ljava/lang/Object;I)Lorg/springfra
Event: 23.106 Thread 0x000001f86fbfc540 DEOPT PACKING pc=0x000001f807ca0f30 sp=0x0000007e013fc120
Event: 23.106 Thread 0x000001f86fbfc540 DEOPT UNPACKING pc=0x000001f8075869a3 sp=0x0000007e013fbf68 mode 2

Classes unloaded (0 events):
No events

Classes redefined (0 events):
No events

Internal exceptions (20 events):
Event: 18.786 Thread 0x000001f86fbfc540 Exception <a 'java/lang/NoSuchMethodError'{0x0000000085b41538}: 'java.lang.Object java.lang.invoke.DirectMethodHandle$Holder.invokeStatic(java.lang.Object, java.lang.Object, int, java.lang.Object)'> (0x0000000085b41538) 
thrown [s\src\hotspot\share\interpreter\linkResolver.cpp, line 759]
Event: 18.787 Thread 0x000001f86fbfc540 Exception <a 'java/lang/NoSuchMethodError'{0x0000000085b44fd0}: 'java.lang.Object java.lang.invoke.DirectMethodHandle$Holder.invokeStaticInit(java.lang.Object, java.lang.Object, int, java.lang.Object)'> (0x0000000085b44fd0) 
thrown [s\src\hotspot\share\interpreter\linkResolver.cpp, line 759]
Event: 21.157 Thread 0x000001f86fbfc540 Exception <a 'java/lang/NoSuchMethodError'{0x00000000844a6c50}: 'void java.lang.invoke.DirectMethodHandle$Holder.invokeInterface(java.lang.Object, java.lang.Object, int, java.lang.Object)'> (0x00000000844a6c50) 
thrown [s\src\hotspot\share\interpreter\linkResolver.cpp, line 759]
Event: 21.169 Thread 0x000001f86fbfc540 Exception <a 'java/lang/NoSuchMethodError'{0x00000000844dd210}: 'java.lang.Object java.lang.invoke.DirectMethodHandle$Holder.newInvokeSpecial(java.lang.Object, java.lang.Object, int, java.lang.Object)'> (0x00000000844dd210) 
thrown [s\src\hotspot\share\interpreter\linkResolver.cpp, line 759]
Event: 21.170 Thread 0x000001f86fbfc540 Exception <a 'java/lang/NoSuchMethodError'{0x00000000844e0dd8}: 'java.lang.Object java.lang.invoke.Invokers$Holder.linkToTargetMethod(java.lang.Object, int, java.lang.Object, java.lang.Object)'> (0x00000000844e0dd8) 
thrown [s\src\hotspot\share\interpreter\linkResolver.cpp, line 759]
Event: 21.223 Thread 0x000001f86fbfc540 Exception <a 'java/lang/NoSuchMethodError'{0x000000008439a468}: 'java.lang.Object java.lang.invoke.DirectMethodHandle$Holder.newInvokeSpecial(java.lang.Object, java.lang.Object, int)'> (0x000000008439a468) 
thrown [s\src\hotspot\share\interpreter\linkResolver.cpp, line 759]
Event: 21.223 Thread 0x000001f86fbfc540 Exception <a 'java/lang/IncompatibleClassChangeError'{0x000000008439e130}: Found class java.lang.Object, but interface was expected> (0x000000008439e130) 
thrown [s\src\hotspot\share\interpreter\linkResolver.cpp, line 826]
Event: 21.312 Thread 0x000001f86fbfc540 Exception <a 'java/lang/NoSuchMethodError'{0x00000000842f3a30}: 'int java.lang.invoke.DirectMethodHandle$Holder.invokeStatic(java.lang.Object, int, java.lang.Object)'> (0x00000000842f3a30) 
thrown [s\src\hotspot\share\interpreter\linkResolver.cpp, line 759]
Event: 21.321 Thread 0x000001f86fbfc540 Exception <a 'java/lang/NoSuchMethodError'{0x00000000841144b8}: 'java.lang.Object java.lang.invoke.DirectMethodHandle$Holder.newInvokeSpecial(java.lang.Object, java.lang.Object, java.lang.Object, java.lang.Object, java.lang.Object, int, java.lang.Object)'> (0x00000000841144b8) 
thrown [s\src\hotspot\share\interpreter\linkResolver.cpp, line 759]
Event: 21.331 Thread 0x000001f86fbfc540 Exception <a 'java/lang/NoSuchMethodError'{0x000000008414b4b0}: 'java.lang.Object java.lang.invoke.DirectMethodHandle$Holder.newInvokeSpecial(java.lang.Object, java.lang.Object, java.lang.Object, java.lang.Object, java.lang.Object, java.lang.Object, java.lang.Object, java.lang.Object, java.lang.Object, java.lang.Object, java.lang.Object, java.lang.Object)'> (0x000000008414b4b0) 
thrown [s\src\hotspot\share\interpreter\linkResolver.cpp, line 759]
Event: 21.332 Thread 0x000001f86fbfc540 Exception <a 'java/lang/NoSuchMethodError'{0x000000008414ff48}: 'java.lang.Object java.lang.invoke.DirectMethodHandle$Holder.invokeSpecial(java.lang.Object, java.lang.Object, java.lang.Object, java.lang.Object, java.lang.Object, java.lang.Object, java.lang.Object, java.lang.Object, java.lang.Object, java.lang.Object, java.lang.Object, java.lang.Object, java.lang.Object)'> (0x000000008414ff48) 
thrown [s\src\hotspot\share\interpreter\linkResolver.cpp, line 759]
Event: 21.334 Thread 0x000001f86fbfc540 Exception <a 'java/lang/NoSuchMethodError'{0x0000000084154660}: 'java.lang.Object java.lang.invoke.Invokers$Holder.linkToTargetMethod(java.lang.Object, java.lang.Object, java.lang.Object, java.lang.Object, java.lang.Object, java.lang.Object, java.lang.Object, java.lang.Object, java.lang.Object, java.lang.Object, java.lang.Object, java.lang.Object)'> (0x0000000084154660) 
thrown [s\src\hotspot\share\interpreter\linkResolver.cpp, line 759]
Event: 21.542 Thread 0x000001f86fbfc540 Exception <a 'java/lang/NoSuchMethodError'{0x0000000083f12440}: 'java.lang.Object java.lang.invoke.DirectMethodHandle$Holder.newInvokeSpecial(java.lang.Object, java.lang.Object, java.lang.Object, java.lang.Object, java.lang.Object, java.lang.Object)'> (0x0000000083f12440) 
thrown [s\src\hotspot\share\interpreter\linkResolver.cpp, line 759]
Event: 21.594 Thread 0x000001f86fbfc540 Exception <a 'java/lang/NoSuchMethodError'{0x0000000083f7f0b0}: 'java.lang.Object java.lang.invoke.DirectMethodHandle$Holder.newInvokeSpecial(java.lang.Object, java.lang.Object, java.lang.Object, java.lang.Object, java.lang.Object, java.lang.Object, java.lang.Object, int)'> (0x0000000083f7f0b0) 
thrown [s\src\hotspot\share\interpreter\linkResolver.cpp, line 759]
Event: 21.594 Thread 0x000001f86fbfc540 Exception <a 'java/lang/NoSuchMethodError'{0x0000000083f840a8}: 'java.lang.Object java.lang.invoke.DirectMethodHandle$Holder.invokeSpecial(java.lang.Object, java.lang.Object, java.lang.Object, java.lang.Object, java.lang.Object, java.lang.Object, java.lang.Object, java.lang.Object, int)'> (0x0000000083f840a8) 
thrown [s\src\hotspot\share\interpreter\linkResolver.cpp, line 759]
Event: 21.595 Thread 0x000001f86fbfc540 Exception <a 'java/lang/NoSuchMethodError'{0x0000000083f88b70}: 'java.lang.Object java.lang.invoke.Invokers$Holder.linkToTargetMethod(java.lang.Object, java.lang.Object, java.lang.Object, java.lang.Object, java.lang.Object, java.lang.Object, int, java.lang.Object)'> (0x0000000083f88b70) 
thrown [s\src\hotspot\share\interpreter\linkResolver.cpp, line 759]
Event: 21.671 Thread 0x000001f86fbfc540 Exception <a 'java/lang/NoSuchMethodError'{0x0000000083e60a58}: 'void java.lang.invoke.DirectMethodHandle$Holder.invokeInterface(java.lang.Object, java.lang.Object)'> (0x0000000083e60a58) 
thrown [s\src\hotspot\share\interpreter\linkResolver.cpp, line 759]
Event: 22.427 Thread 0x000001f86fbfc540 Exception <a 'java/lang/IncompatibleClassChangeError'{0x0000000085ec3a58}: Found class java.lang.Object, but interface was expected> (0x0000000085ec3a58) 
thrown [s\src\hotspot\share\interpreter\linkResolver.cpp, line 826]
Event: 22.513 Thread 0x000001f86fbfc540 Exception <a 'java/lang/IncompatibleClassChangeError'{0x0000000085d43ac8}: Found class java.lang.Object, but interface was expected> (0x0000000085d43ac8) 
thrown [s\src\hotspot\share\interpreter\linkResolver.cpp, line 826]
Event: 22.682 Thread 0x000001f86fbfc540 Exception <a 'java/lang/IncompatibleClassChangeError'{0x0000000085ca6ca8}: Found class java.lang.Object, but interface was expected> (0x0000000085ca6ca8) 
thrown [s\src\hotspot\share\interpreter\linkResolver.cpp, line 826]

VM Operations (20 events):
Event: 16.336 Executing VM operation: HandshakeAllThreads
Event: 16.337 Executing VM operation: HandshakeAllThreads done
Event: 16.579 Executing VM operation: HandshakeAllThreads
Event: 16.579 Executing VM operation: HandshakeAllThreads done
Event: 17.583 Executing VM operation: Cleanup
Event: 17.583 Executing VM operation: Cleanup done
Event: 17.972 Executing VM operation: G1CollectForAllocation
Event: 17.989 Executing VM operation: G1CollectForAllocation done
Event: 18.996 Executing VM operation: Cleanup
Event: 19.012 Executing VM operation: Cleanup done
Event: 19.777 Executing VM operation: G1CollectForAllocation
Event: 19.802 Executing VM operation: G1CollectForAllocation done
Event: 20.805 Executing VM operation: Cleanup
Event: 20.805 Executing VM operation: Cleanup done
Event: 21.778 Executing VM operation: G1CollectForAllocation
Event: 21.787 Executing VM operation: G1CollectForAllocation done
Event: 22.796 Executing VM operation: Cleanup
Event: 22.796 Executing VM operation: Cleanup done
Event: 23.087 Executing VM operation: HandshakeAllThreads
Event: 23.088 Executing VM operation: HandshakeAllThreads done

Events (20 events):
Event: 22.194 loading class javax/naming/Reference done
Event: 22.199 loading class jdk/internal/reflect/UnsafeObjectFieldAccessorImpl
Event: 22.199 loading class jdk/internal/reflect/UnsafeObjectFieldAccessorImpl done
Event: 22.202 Thread 0x000001f8568945a0 Thread added: 0x000001f8568945a0
Event: 22.275 loading class java/lang/SafeVarargs
Event: 22.275 loading class java/lang/SafeVarargs done
Event: 22.278 loading class sun/reflect/generics/reflectiveObjects/GenericArrayTypeImpl
Event: 22.278 loading class sun/reflect/generics/reflectiveObjects/GenericArrayTypeImpl done
Event: 22.426 loading class java/util/concurrent/ConcurrentHashMap$TreeNode
Event: 22.426 loading class java/util/concurrent/ConcurrentHashMap$TreeNode done
Event: 22.427 loading class java/util/concurrent/ConcurrentHashMap$TreeBin
Event: 22.427 loading class java/util/concurrent/ConcurrentHashMap$TreeBin done
Event: 23.095 loading class java/util/WeakHashMap$KeyIterator
Event: 23.095 loading class java/util/WeakHashMap$HashIterator
Event: 23.095 loading class java/util/WeakHashMap$HashIterator done
Event: 23.095 loading class java/util/WeakHashMap$KeyIterator done
Event: 23.095 loading class java/util/WeakHashMap$EntrySet
Event: 23.096 loading class java/util/WeakHashMap$EntrySet done
Event: 23.096 loading class java/util/WeakHashMap$EntryIterator
Event: 23.096 loading class java/util/WeakHashMap$EntryIterator done


Dynamic libraries:
0x00007ff6c3530000 - 0x00007ff6c353e000 	C:\Users\hp\.jdks\corretto-17.0.10\bin\java.exe
0x00007ff95a070000 - 0x00007ff95a268000 	C:\Windows\SYSTEM32\ntdll.dll
0x00007ff959b40000 - 0x00007ff959bfd000 	C:\Windows\System32\KERNEL32.DLL
0x00007ff9577e0000 - 0x00007ff957ad6000 	C:\Windows\System32\KERNELBASE.dll
0x00007ff957ae0000 - 0x00007ff957be0000 	C:\Windows\System32\ucrtbase.dll
0x00007ff941100000 - 0x00007ff941117000 	C:\Users\hp\.jdks\corretto-17.0.10\bin\jli.dll
0x00007ff9586d0000 - 0x00007ff95886f000 	C:\Windows\System32\USER32.dll
0x00007ff957f20000 - 0x00007ff957f42000 	C:\Windows\System32\win32u.dll
0x00007ff958510000 - 0x00007ff95853b000 	C:\Windows\System32\GDI32.dll
0x00007ff957d40000 - 0x00007ff957e57000 	C:\Windows\System32\gdi32full.dll
0x00007ff958000000 - 0x00007ff95809d000 	C:\Windows\System32\msvcp_win.dll
0x00007ff93d830000 - 0x00007ff93daca000 	C:\Windows\WinSxS\amd64_microsoft.windows.common-controls_6595b64144ccf1df_6.0.19041.3636_none_60b6a03d71f818d5\COMCTL32.dll
0x00007ff9410e0000 - 0x00007ff9410fb000 	C:\Users\hp\.jdks\corretto-17.0.10\bin\VCRUNTIME140.dll
0x00007ff959e60000 - 0x00007ff959efe000 	C:\Windows\System32\msvcrt.dll
0x00007ff958550000 - 0x00007ff958582000 	C:\Windows\System32\IMM32.DLL
0x00007ff950e50000 - 0x00007ff950e5c000 	C:\Users\hp\.jdks\corretto-17.0.10\bin\vcruntime140_1.dll
0x00007ff929ae0000 - 0x00007ff929b6d000 	C:\Users\hp\.jdks\corretto-17.0.10\bin\msvcp140.dll
0x00007ff90ab70000 - 0x00007ff90b7d2000 	C:\Users\hp\.jdks\corretto-17.0.10\bin\server\jvm.dll
0x00007ff958620000 - 0x00007ff9586d0000 	C:\Windows\System32\ADVAPI32.dll
0x00007ff958870000 - 0x00007ff958910000 	C:\Windows\System32\sechost.dll
0x00007ff959f00000 - 0x00007ff95a023000 	C:\Windows\System32\RPCRT4.dll
0x00007ff957e60000 - 0x00007ff957e87000 	C:\Windows\System32\bcrypt.dll
0x00007ff956ed0000 - 0x00007ff956f1b000 	C:\Windows\SYSTEM32\POWRPROF.dll
0x00007ff93a220000 - 0x00007ff93a229000 	C:\Windows\SYSTEM32\WSOCK32.dll
0x00007ff9585b0000 - 0x00007ff95861b000 	C:\Windows\System32\WS2_32.dll
0x00007ff9416c0000 - 0x00007ff9416e7000 	C:\Windows\SYSTEM32\WINMM.dll
0x00007ff94b4d0000 - 0x00007ff94b4da000 	C:\Windows\SYSTEM32\VERSION.dll
0x00007ff956e40000 - 0x00007ff956e52000 	C:\Windows\SYSTEM32\UMPDC.dll
0x00007ff955f30000 - 0x00007ff955f42000 	C:\Windows\SYSTEM32\kernel.appcore.dll
0x00007ff94f110000 - 0x00007ff94f11a000 	C:\Users\hp\.jdks\corretto-17.0.10\bin\jimage.dll
0x00007ff955430000 - 0x00007ff955614000 	C:\Windows\SYSTEM32\DBGHELP.DLL
0x00007ff930be0000 - 0x00007ff930c14000 	C:\Windows\SYSTEM32\dbgcore.DLL
0x00007ff957e90000 - 0x00007ff957f12000 	C:\Windows\System32\bcryptPrimitives.dll
0x00007ff941d60000 - 0x00007ff941d6e000 	C:\Users\hp\.jdks\corretto-17.0.10\bin\instrument.dll
0x00007ff940de0000 - 0x00007ff940e05000 	C:\Users\hp\.jdks\corretto-17.0.10\bin\java.dll
0x00007ff929070000 - 0x00007ff929147000 	C:\Users\hp\.jdks\corretto-17.0.10\bin\jsvml.dll
0x00007ff958f50000 - 0x00007ff9596bb000 	C:\Windows\System32\SHELL32.dll
0x00007ff955790000 - 0x00007ff955f2e000 	C:\Windows\SYSTEM32\windows.storage.dll
0x00007ff9597e0000 - 0x00007ff959b33000 	C:\Windows\System32\combase.dll
0x00007ff957150000 - 0x00007ff95717e000 	C:\Windows\SYSTEM32\Wldp.dll
0x00007ff959d80000 - 0x00007ff959e4d000 	C:\Windows\System32\OLEAUT32.dll
0x00007ff958ba0000 - 0x00007ff958c4d000 	C:\Windows\System32\SHCORE.dll
0x00007ff959780000 - 0x00007ff9597d5000 	C:\Windows\System32\shlwapi.dll
0x00007ff957650000 - 0x00007ff957673000 	C:\Windows\SYSTEM32\profapi.dll
0x00007ff93ff10000 - 0x00007ff93ff28000 	C:\Users\hp\.jdks\corretto-17.0.10\bin\zip.dll
0x00007ff93fef0000 - 0x00007ff93ff09000 	C:\Users\hp\.jdks\corretto-17.0.10\bin\net.dll
0x00007ff9455d0000 - 0x00007ff9456da000 	C:\Windows\SYSTEM32\WINHTTP.dll
0x00007ff956e60000 - 0x00007ff956eca000 	C:\Windows\system32\mswsock.dll
0x00007ff93fed0000 - 0x00007ff93fee6000 	C:\Users\hp\.jdks\corretto-17.0.10\bin\nio.dll
0x00007ff93fe20000 - 0x00007ff93fe3a000 	C:\Program Files\JetBrains\IntelliJ IDEA Community Edition 2024.1\bin\breakgen64.dll
0x00007ff9410d0000 - 0x00007ff9410d9000 	C:\Users\hp\.jdks\corretto-17.0.10\bin\extnet.dll
0x00007ff940dd0000 - 0x00007ff940dde000 	C:\Users\hp\.jdks\corretto-17.0.10\bin\sunmscapi.dll
0x00007ff957be0000 - 0x00007ff957d3e000 	C:\Windows\System32\CRYPT32.dll
0x00007ff9571c0000 - 0x00007ff9571e8000 	C:\Windows\SYSTEM32\ncrypt.dll
0x00007ff957180000 - 0x00007ff9571bb000 	C:\Windows\SYSTEM32\NTASN1.dll
0x00007ff9570b0000 - 0x00007ff9570c8000 	C:\Windows\SYSTEM32\CRYPTSP.dll
0x00007ff956700000 - 0x00007ff956734000 	C:\Windows\system32\rsaenh.dll
0x00007ff9575d0000 - 0x00007ff9575fe000 	C:\Windows\SYSTEM32\USERENV.dll
0x00007ff9570a0000 - 0x00007ff9570ac000 	C:\Windows\SYSTEM32\CRYPTBASE.dll
0x00007ff956b20000 - 0x00007ff956b5b000 	C:\Windows\SYSTEM32\IPHLPAPI.DLL
0x00007ff958540000 - 0x00007ff958548000 	C:\Windows\System32\NSI.dll
0x00007ff9464b0000 - 0x00007ff9464c7000 	C:\Windows\SYSTEM32\dhcpcsvc6.DLL
0x00007ff946490000 - 0x00007ff9464ad000 	C:\Windows\SYSTEM32\dhcpcsvc.DLL
0x00007ff956b60000 - 0x00007ff956c2b000 	C:\Windows\SYSTEM32\DNSAPI.dll
0x00007ff93fe10000 - 0x00007ff93fe19000 	C:\Users\hp\.jdks\corretto-17.0.10\bin\management.dll
0x00007ff93fe00000 - 0x00007ff93fe0b000 	C:\Users\hp\.jdks\corretto-17.0.10\bin\management_ext.dll
0x00007ff959e50000 - 0x00007ff959e58000 	C:\Windows\System32\PSAPI.DLL
0x00007ff93fdf0000 - 0x00007ff93fe00000 	C:\Users\hp\.jdks\corretto-17.0.10\bin\verify.dll

dbghelp: loaded successfully - version: 4.0.5 - missing functions: none
symbol engine: initialized successfully - sym options: 0x614 - pdb path: .;C:\Users\hp\.jdks\corretto-17.0.10\bin;C:\Windows\SYSTEM32;C:\Windows\WinSxS\amd64_microsoft.windows.common-controls_6595b64144ccf1df_6.0.19041.3636_none_60b6a03d71f818d5;C:\Users\hp\.jdks\corretto-17.0.10\bin\server;C:\Program Files\JetBrains\IntelliJ IDEA Community Edition 2024.1\bin

VM Arguments:
jvm_args: -javaagent:C:\Program Files\JetBrains\IntelliJ IDEA Community Edition 2024.1\lib\idea_rt.jar=51631:C:\Program Files\JetBrains\IntelliJ IDEA Community Edition 2024.1\bin -Dfile.encoding=UTF-8 
java_command: com.example.demo.DemoApplication
java_class_path (initial): C:\Users\hp\Downloads\Shoppingapp\target\classes;C:\Users\hp\.m2\repository\org\springframework\boot\spring-boot-starter-data-jpa\3.2.4\spring-boot-starter-data-jpa-3.2.4.jar;C:\Users\hp\.m2\repository\org\springframework\boot\spring-boot-starter-aop\3.2.4\spring-boot-starter-aop-3.2.4.jar;C:\Users\hp\.m2\repository\org\springframework\spring-aop\6.1.5\spring-aop-6.1.5.jar;C:\Users\hp\.m2\repository\org\aspectj\aspectjweaver\1.9.21\aspectjweaver-1.9.21.jar;C:\Users\hp\.m2\repository\org\springframework\boot\spring-boot-starter-jdbc\3.2.4\spring-boot-starter-jdbc-3.2.4.jar;C:\Users\hp\.m2\repository\com\zaxxer\HikariCP\5.0.1\HikariCP-5.0.1.jar;C:\Users\hp\.m2\repository\org\springframework\spring-jdbc\6.1.5\spring-jdbc-6.1.5.jar;C:\Users\hp\.m2\repository\org\hibernate\orm\hibernate-core\6.4.4.Final\hibernate-core-6.4.4.Final.jar;C:\Users\hp\.m2\repository\jakarta\persistence\jakarta.persistence-api\3.1.0\jakarta.persistence-api-3.1.0.jar;C:\Users\hp\.m2\repository\jakarta\transaction\jakarta.transaction-api\2.0.1\jakarta.transaction-api-2.0.1.jar;C:\Users\hp\.m2\repository\org\jboss\logging\jboss-logging\3.5.3.Final\jboss-logging-3.5.3.Final.jar;C:\Users\hp\.m2\repository\org\hibernate\common\hibernate-commons-annotations\6.0.6.Final\hibernate-commons-annotations-6.0.6.Final.jar;C:\Users\hp\.m2\repository\io\smallrye\jandex\3.1.2\jandex-3.1.2.jar;C:\Users\hp\.m2\repository\com\fasterxml\classmate\1.6.0\classmate-1.6.0.jar;C:\Users\hp\.m2\repository\net\bytebuddy\byte-buddy\1.14.12\byte-buddy-1.14.12.jar;C:\Users\hp\.m2\repository\org\glassfish\jaxb\jaxb-runtime\4.0.5\jaxb-runtime-4.0.5.jar;C:\Users\hp\.m2\repository\org\glassfish\jaxb\jaxb-core\4.0.5\jaxb-core-4.0.5.jar;C:\Users\hp\.m2\repository\org\eclipse\angus\angus-activation\2.0.2\angus-activation-2.0.2.jar;C:\Users\hp\.m2\repository\org\glassfish\jaxb\txw2\4.0.5\txw2-4.0.5.jar;C:\Users\hp\.m2\repository\com\sun\istack\istack-commons-runtime\4.1.2\istack-commons-runtime-4.1.2.jar;C
Launcher Type: SUN_STANDARD

[Global flags]
     intx CICompilerCount                          = 3                                         {product} {ergonomic}
     uint ConcGCThreads                            = 1                                         {product} {ergonomic}
     uint G1ConcRefinementThreads                  = 4                                         {product} {ergonomic}
   size_t G1HeapRegionSize                         = 1048576                                   {product} {ergonomic}
    uintx GCDrainStackTargetSize                   = 64                                        {product} {ergonomic}
   size_t InitialHeapSize                          = 134217728                                 {product} {ergonomic}
   size_t MarkStackSize                            = 4194304                                   {product} {ergonomic}
   size_t MaxHeapSize                              = 2118123520                                {product} {ergonomic}
   size_t MaxNewSize                               = 1270874112                                {product} {ergonomic}
   size_t MinHeapDeltaBytes                        = 1048576                                   {product} {ergonomic}
   size_t MinHeapSize                              = 8388608                                   {product} {ergonomic}
    uintx NonNMethodCodeHeapSize                   = 5832780                                {pd product} {ergonomic}
    uintx NonProfiledCodeHeapSize                  = 122912730                              {pd product} {ergonomic}
    uintx ProfiledCodeHeapSize                     = 122912730                              {pd product} {ergonomic}
    uintx ReservedCodeCacheSize                    = 251658240                              {pd product} {ergonomic}
     bool SegmentedCodeCache                       = true                                      {product} {ergonomic}
   size_t SoftMaxHeapSize                          = 2118123520                             {manageable} {ergonomic}
     bool UseCompressedClassPointers               = true                           {product lp64_product} {ergonomic}
     bool UseCompressedOops                        = true                           {product lp64_product} {ergonomic}
     bool UseG1GC                                  = true                                      {product} {ergonomic}
     bool UseLargePagesIndividualAllocation        = false                                  {pd product} {ergonomic}

Logging:
Log output configuration:
 #0: stdout all=warning uptime,level,tags
 #1: stderr all=off uptime,level,tags

Environment Variables:
PATH=C:\Program Files\Common Files\Oracle\Java\javapath;C:\Users\hp\Desktop\ORACLE\bin;C:\Program Files (x86)\VMware\VMware Workstation\bin\;C:\Windows\system32;C:\Windows;C:\Windows\System32\Wbem;C:\Windows\System32\WindowsPowerShell\v1.0\;C:\Windows\System32\OpenSSH\;C:\php;C:\ProgramData\ComposerSetup\bin;C:\Program Files\Git\cmd;C:\Program Files\Git\cmd;C:\flutter\bin;C:\Program Files\Git\bin;"C:\Program Files\Git\bin\git.exe;C:\Program Files\Git\cmd;C:\Windows\System32";C:\Windows\System32;C:\Program Files\nodejs\;C:\Users\hp\AppData\Local\Programs\Python\Launcher\;C:\Users\hp\AppData\Local\Microsoft\WindowsApps;C:\Users\hp\AppData\Local\Programs\Microsoft VS Code\bin;C:\Users\hp\AppData\Local\GitHubDesktop\bin;C:\Users\hp\AppData\Roaming\Composer\vendor\bin;C:\flutter\bin;C:\Program Files\Git\bin\git.exe;C:\Users\hp\AppData\Roaming\npm
USERNAME=hp
OS=Windows_NT
PROCESSOR_IDENTIFIER=Intel64 Family 6 Model 78 Stepping 3, GenuineIntel
TMP=C:\Users\hp\AppData\Local\Temp
TEMP=C:\Users\hp\AppData\Local\Temp



Periodic native trim disabled


---------------  S Y S T E M  ---------------

OS:
 Windows 10 , 64 bit Build 19041 (10.0.19041.3636)
OS uptime: 0 days 8:13 hours

CPU: total 4 (initial active 4) (2 cores per cpu, 2 threads per core) family 6 model 78 stepping 3 microcode 0xcc, cx8, cmov, fxsr, ht, mmx, 3dnowpref, sse, sse2, sse3, ssse3, sse4.1, sse4.2, popcnt, lzcnt, tsc, tscinvbit, avx, avx2, aes, erms, clmul, bmi1, bmi2, adx, fma, vzeroupper, clflush, clflushopt
Processor Information for all 4 processors :
  Max Mhz: 2400, Current Mhz: 2300, Mhz Limit: 2280

Memory: 4k page, system-wide physical 8072M (765M free)
TotalPageFile size 8072M (AvailPageFile size 6M)
current process WorkingSet (physical memory assigned to process): 219M, peak: 219M
current process commit charge ("private bytes"): 249M, peak: 273M

vm_info: OpenJDK 64-Bit Server VM (17.0.10+7-LTS) for windows-amd64 JRE (17.0.10+7-LTS), built on Jan 10 2024 22:11:07 by "Administrator" with MS VC++ 16.10 / 16.11 (VS2019)

END.
