#
# There is insufficient memory for the Java Runtime Environment to continue.
# Native memory allocation (malloc) failed to allocate 1071696 bytes for Chunk::new
# Possible reasons:
#   The system is out of physical RAM or swap space
#   The process is running with CompressedOops enabled, and the Java Heap may be blocking the growth of the native heap
# Possible solutions:
#   Reduce memory load on the system
#   Increase physical memory or swap space
#   Check if swap backing store is full
#   Decrease Java heap size (-Xmx/-Xms)
#   Decrease number of Java threads
#   Decrease Java thread stack sizes (-Xss)
#   Set larger code cache with -XX:ReservedCodeCacheSize=
#   JVM is running with Unscaled Compressed Oops mode in which the Java heap is
#     placed in the first 4GB address space. The Java Heap base address is the
#     maximum limit for the native heap growth. Please use -XX:HeapBaseMinAddress
#     to set the Java Heap base and to place the Java Heap above 4GB virtual address.
# This output file may be truncated or incomplete.
#
#  Out of Memory Error (arena.cpp:191), pid=14116, tid=11104
#
# JRE version: OpenJDK Runtime Environment Corretto-17.0.10.7.1 (17.0.10+7) (build 17.0.10+7-LTS)
# Java VM: OpenJDK 64-Bit Server VM Corretto-17.0.10.7.1 (17.0.10+7-LTS, mixed mode, sharing, tiered, compressed oops, compressed class ptrs, g1 gc, windows-amd64)
# No core dump will be written. Minidumps are not enabled by default on client versions of Windows
#

---------------  S U M M A R Y ------------

Command Line: -javaagent:C:\Program Files\JetBrains\IntelliJ IDEA Community Edition 2024.1\lib\idea_rt.jar=51644:C:\Program Files\JetBrains\IntelliJ IDEA Community Edition 2024.1\bin -Dfile.encoding=UTF-8 com.example.demo.DemoApplication

Host: Intel(R) Core(TM) i5-6200U CPU @ 2.30GHz, 4 cores, 7G,  Windows 10 , 64 bit Build 19041 (10.0.19041.3636)
Time: Wed Apr 24 20:47:20 2024 E. Africa Standard Time elapsed time: 3.273234 seconds (0d 0h 0m 3s)

---------------  T H R E A D  ---------------

Current thread (0x000001f344f03f20):  JavaThread "C2 CompilerThread0" daemon [_thread_in_native, id=11104, stack(0x000000819f500000,0x000000819f600000)]


Current CompileTask:
C2:   3273 1698       4       jdk.internal.loader.URLClassPath::getResource (74 bytes)

Stack: [0x000000819f500000,0x000000819f600000]
Native frames: (J=compiled Java code, j=interpreted, Vv=VM code, C=native code)
V  [jvm.dll+0x67d2c9]
V  [jvm.dll+0x834b1a]
V  [jvm.dll+0x8365de]
V  [jvm.dll+0x836c43]
V  [jvm.dll+0x2477ff]
V  [jvm.dll+0xac514]
V  [jvm.dll+0xacb5c]
V  [jvm.dll+0x366782]
V  [jvm.dll+0x330bfa]
V  [jvm.dll+0x33009a]
V  [jvm.dll+0x219ef1]
V  [jvm.dll+0x219311]
V  [jvm.dll+0x1a502d]
V  [jvm.dll+0x2290de]
V  [jvm.dll+0x2272ac]
V  [jvm.dll+0x7e9bd7]
V  [jvm.dll+0x7e3fda]
V  [jvm.dll+0x67c1b5]
C  [ucrtbase.dll+0x21bb2]
C  [KERNEL32.DLL+0x17344]
C  [ntdll.dll+0x526b1]


---------------  P R O C E S S  ---------------

Threads class SMR info:
_java_thread_list=0x000001f38aece900, length=15, elements={
0x000001f3254987d0, 0x000001f344ee7550, 0x000001f344ee8b70, 0x000001f344ef6d90,
0x000001f344ef7950, 0x000001f344efabc0, 0x000001f344effd30, 0x000001f344f03f20,
0x000001f344f0d900, 0x000001f344f12940, 0x000001f344ed0100, 0x000001f38a42e1e0,
0x000001f38a241810, 0x000001f38aad54d0, 0x000001f344f108d0
}

Java Threads: ( => current thread )
  0x000001f3254987d0 JavaThread "main" [_thread_in_vm, id=5604, stack(0x000000819e800000,0x000000819e900000)]
  0x000001f344ee7550 JavaThread "Reference Handler" daemon [_thread_blocked, id=13452, stack(0x000000819ef00000,0x000000819f000000)]
  0x000001f344ee8b70 JavaThread "Finalizer" daemon [_thread_blocked, id=9744, stack(0x000000819f000000,0x000000819f100000)]
  0x000001f344ef6d90 JavaThread "Signal Dispatcher" daemon [_thread_blocked, id=1680, stack(0x000000819f100000,0x000000819f200000)]
  0x000001f344ef7950 JavaThread "Attach Listener" daemon [_thread_blocked, id=12712, stack(0x000000819f200000,0x000000819f300000)]
  0x000001f344efabc0 JavaThread "Service Thread" daemon [_thread_blocked, id=9564, stack(0x000000819f300000,0x000000819f400000)]
  0x000001f344effd30 JavaThread "Monitor Deflation Thread" daemon [_thread_blocked, id=2428, stack(0x000000819f400000,0x000000819f500000)]
=>0x000001f344f03f20 JavaThread "C2 CompilerThread0" daemon [_thread_in_native, id=11104, stack(0x000000819f500000,0x000000819f600000)]
  0x000001f344f0d900 JavaThread "C1 CompilerThread0" daemon [_thread_blocked, id=7744, stack(0x000000819f600000,0x000000819f700000)]
  0x000001f344f12940 JavaThread "Sweeper thread" daemon [_thread_blocked, id=13960, stack(0x000000819f700000,0x000000819f800000)]
  0x000001f344ed0100 JavaThread "Common-Cleaner" daemon [_thread_blocked, id=9704, stack(0x000000819f800000,0x000000819f900000)]
  0x000001f38a42e1e0 JavaThread "Monitor Ctrl-Break" daemon [_thread_in_native, id=7452, stack(0x000000819fa00000,0x000000819fb00000)]
  0x000001f38a241810 JavaThread "Notification Thread" daemon [_thread_blocked, id=5256, stack(0x000000819fb00000,0x000000819fc00000)]
  0x000001f38aad54d0 JavaThread "background-preinit" [_thread_in_vm, id=11352, stack(0x000000819f900000,0x000000819fa00000)]
  0x000001f344f108d0 JavaThread "C2 CompilerThread1" daemon [_thread_in_native, id=7348, stack(0x00000081a0000000,0x00000081a0100000)]

Other Threads:
  0x000001f344ee14e0 VMThread "VM Thread" [stack: 0x000000819ee00000,0x000000819ef00000] [id=13728]
  0x000001f38a2334b0 WatcherThread [stack: 0x000000819fc00000,0x000000819fd00000] [id=11684]
  0x000001f3254f0f80 GCTaskThread "GC Thread#0" [stack: 0x000000819e900000,0x000000819ea00000] [id=13968]
  0x000001f38aa3e290 GCTaskThread "GC Thread#1" [stack: 0x000000819fd00000,0x000000819fe00000] [id=2544]
  0x000001f38ab5c040 GCTaskThread "GC Thread#2" [stack: 0x000000819fe00000,0x000000819ff00000] [id=11772]
  0x000001f38ab9e780 GCTaskThread "GC Thread#3" [stack: 0x000000819ff00000,0x00000081a0000000] [id=4028]
  0x000001f325501b50 ConcurrentGCThread "G1 Main Marker" [stack: 0x000000819ea00000,0x000000819eb00000] [id=8976]
  0x000001f325502570 ConcurrentGCThread "G1 Conc#0" [stack: 0x000000819eb00000,0x000000819ec00000] [id=8052]
  0x000001f325548040 ConcurrentGCThread "G1 Refine#0" [stack: 0x000000819ec00000,0x000000819ed00000] [id=5492]
  0x000001f325548a70 ConcurrentGCThread "G1 Service" [stack: 0x000000819ed00000,0x000000819ee00000] [id=2848]

Threads with active compile tasks:
C2 CompilerThread0     3325 1698       4       jdk.internal.loader.URLClassPath::getResource (74 bytes)
C2 CompilerThread1     3325 1674       4       jdk.internal.org.objectweb.asm.Frame::execute (2305 bytes)

VM state: not at safepoint (normal execution)

VM Mutex/Monitor currently owned by a thread:  ([mutex/lock_event])
[0x000001f325492660] Metaspace_lock - owner thread: 0x000001f3254987d0

Heap address: 0x0000000081c00000, size: 2020 MB, Compressed Oops mode: 32-bit

CDS archive(s) mapped at: [0x000001f345000000-0x000001f345bb0000-0x000001f345bb0000), size 12255232, SharedBaseAddress: 0x000001f345000000, ArchiveRelocationMode: 1.
Compressed class space mapped at: 0x000001f346000000-0x000001f386000000, reserved size: 1073741824
Narrow klass base: 0x000001f345000000, Narrow klass shift: 0, Narrow klass range: 0x100000000

GC Precious Log:
 CPUs: 4 total, 4 available
 Memory: 8072M
 Large Page Support: Disabled
 NUMA Support: Disabled
 Compressed Oops: Enabled (32-bit)
 Heap Region Size: 1M
 Heap Min Capacity: 8M
 Heap Initial Capacity: 128M
 Heap Max Capacity: 2020M
 Pre-touch: Disabled
 Parallel Workers: 4
 Concurrent Workers: 1
 Concurrent Refinement Workers: 4
 Periodic GC: Disabled

Heap:
 garbage-first heap   total 131072K, used 28914K [0x0000000081c00000, 0x0000000100000000)
  region size 1024K, 25 young (25600K), 2 survivors (2048K)
 Metaspace       used 12796K, committed 12928K, reserved 1114112K
  class space    used 1534K, committed 1600K, reserved 1048576K

Heap Regions: E=young(eden), S=young(survivor), O=old, HS=humongous(starts), HC=humongous(continues), CS=collection set, F=free, OA=open archive, CA=closed archive, TAMS=top-at-mark-start (previous, next)
|   0|0x0000000081c00000, 0x0000000081d00000, 0x0000000081d00000|100%|HS|  |TAMS 0x0000000081c00000, 0x0000000081c00000| Complete 
|   1|0x0000000081d00000, 0x0000000081e00000, 0x0000000081e00000|100%| O|  |TAMS 0x0000000081d00000, 0x0000000081d00000| Untracked 
|   2|0x0000000081e00000, 0x0000000081f00000, 0x0000000081f00000|100%| O|  |TAMS 0x0000000081e00000, 0x0000000081e00000| Untracked 
|   3|0x0000000081f00000, 0x0000000082000000, 0x0000000082000000|100%| O|  |TAMS 0x0000000081f00000, 0x0000000081f00000| Untracked 
|   4|0x0000000082000000, 0x0000000082100000, 0x0000000082100000|100%| O|  |TAMS 0x0000000082000000, 0x0000000082000000| Untracked 
|   5|0x0000000082100000, 0x00000000821ecc00, 0x0000000082200000| 92%| O|  |TAMS 0x0000000082100000, 0x0000000082100000| Untracked 
|   6|0x0000000082200000, 0x0000000082200000, 0x0000000082300000|  0%| F|  |TAMS 0x0000000082200000, 0x0000000082200000| Untracked 
|   7|0x0000000082300000, 0x0000000082300000, 0x0000000082400000|  0%| F|  |TAMS 0x0000000082300000, 0x0000000082300000| Untracked 
|   8|0x0000000082400000, 0x0000000082400000, 0x0000000082500000|  0%| F|  |TAMS 0x0000000082400000, 0x0000000082400000| Untracked 
|   9|0x0000000082500000, 0x0000000082500000, 0x0000000082600000|  0%| F|  |TAMS 0x0000000082500000, 0x0000000082500000| Untracked 
|  10|0x0000000082600000, 0x0000000082600000, 0x0000000082700000|  0%| F|  |TAMS 0x0000000082600000, 0x0000000082600000| Untracked 
|  11|0x0000000082700000, 0x0000000082700000, 0x0000000082800000|  0%| F|  |TAMS 0x0000000082700000, 0x0000000082700000| Untracked 
|  12|0x0000000082800000, 0x0000000082800000, 0x0000000082900000|  0%| F|  |TAMS 0x0000000082800000, 0x0000000082800000| Untracked 
|  13|0x0000000082900000, 0x0000000082900000, 0x0000000082a00000|  0%| F|  |TAMS 0x0000000082900000, 0x0000000082900000| Untracked 
|  14|0x0000000082a00000, 0x0000000082a00000, 0x0000000082b00000|  0%| F|  |TAMS 0x0000000082a00000, 0x0000000082a00000| Untracked 
|  15|0x0000000082b00000, 0x0000000082b00000, 0x0000000082c00000|  0%| F|  |TAMS 0x0000000082b00000, 0x0000000082b00000| Untracked 
|  16|0x0000000082c00000, 0x0000000082c00000, 0x0000000082d00000|  0%| F|  |TAMS 0x0000000082c00000, 0x0000000082c00000| Untracked 
|  17|0x0000000082d00000, 0x0000000082d00000, 0x0000000082e00000|  0%| F|  |TAMS 0x0000000082d00000, 0x0000000082d00000| Untracked 
|  18|0x0000000082e00000, 0x0000000082e00000, 0x0000000082f00000|  0%| F|  |TAMS 0x0000000082e00000, 0x0000000082e00000| Untracked 
|  19|0x0000000082f00000, 0x0000000082f00000, 0x0000000083000000|  0%| F|  |TAMS 0x0000000082f00000, 0x0000000082f00000| Untracked 
|  20|0x0000000083000000, 0x0000000083000000, 0x0000000083100000|  0%| F|  |TAMS 0x0000000083000000, 0x0000000083000000| Untracked 
|  21|0x0000000083100000, 0x0000000083100000, 0x0000000083200000|  0%| F|  |TAMS 0x0000000083100000, 0x0000000083100000| Untracked 
|  22|0x0000000083200000, 0x0000000083200000, 0x0000000083300000|  0%| F|  |TAMS 0x0000000083200000, 0x0000000083200000| Untracked 
|  23|0x0000000083300000, 0x0000000083300000, 0x0000000083400000|  0%| F|  |TAMS 0x0000000083300000, 0x0000000083300000| Untracked 
|  24|0x0000000083400000, 0x0000000083400000, 0x0000000083500000|  0%| F|  |TAMS 0x0000000083400000, 0x0000000083400000| Untracked 
|  25|0x0000000083500000, 0x0000000083500000, 0x0000000083600000|  0%| F|  |TAMS 0x0000000083500000, 0x0000000083500000| Untracked 
|  26|0x0000000083600000, 0x0000000083600000, 0x0000000083700000|  0%| F|  |TAMS 0x0000000083600000, 0x0000000083600000| Untracked 
|  27|0x0000000083700000, 0x0000000083700000, 0x0000000083800000|  0%| F|  |TAMS 0x0000000083700000, 0x0000000083700000| Untracked 
|  28|0x0000000083800000, 0x0000000083800000, 0x0000000083900000|  0%| F|  |TAMS 0x0000000083800000, 0x0000000083800000| Untracked 
|  29|0x0000000083900000, 0x0000000083900000, 0x0000000083a00000|  0%| F|  |TAMS 0x0000000083900000, 0x0000000083900000| Untracked 
|  30|0x0000000083a00000, 0x0000000083a00000, 0x0000000083b00000|  0%| F|  |TAMS 0x0000000083a00000, 0x0000000083a00000| Untracked 
|  31|0x0000000083b00000, 0x0000000083b00000, 0x0000000083c00000|  0%| F|  |TAMS 0x0000000083b00000, 0x0000000083b00000| Untracked 
|  32|0x0000000083c00000, 0x0000000083c00000, 0x0000000083d00000|  0%| F|  |TAMS 0x0000000083c00000, 0x0000000083c00000| Untracked 
|  33|0x0000000083d00000, 0x0000000083d00000, 0x0000000083e00000|  0%| F|  |TAMS 0x0000000083d00000, 0x0000000083d00000| Untracked 
|  34|0x0000000083e00000, 0x0000000083e00000, 0x0000000083f00000|  0%| F|  |TAMS 0x0000000083e00000, 0x0000000083e00000| Untracked 
|  35|0x0000000083f00000, 0x0000000083f00000, 0x0000000084000000|  0%| F|  |TAMS 0x0000000083f00000, 0x0000000083f00000| Untracked 
|  36|0x0000000084000000, 0x0000000084000000, 0x0000000084100000|  0%| F|  |TAMS 0x0000000084000000, 0x0000000084000000| Untracked 
|  37|0x0000000084100000, 0x0000000084100000, 0x0000000084200000|  0%| F|  |TAMS 0x0000000084100000, 0x0000000084100000| Untracked 
|  38|0x0000000084200000, 0x0000000084200000, 0x0000000084300000|  0%| F|  |TAMS 0x0000000084200000, 0x0000000084200000| Untracked 
|  39|0x0000000084300000, 0x0000000084300000, 0x0000000084400000|  0%| F|  |TAMS 0x0000000084300000, 0x0000000084300000| Untracked 
|  40|0x0000000084400000, 0x0000000084400000, 0x0000000084500000|  0%| F|  |TAMS 0x0000000084400000, 0x0000000084400000| Untracked 
|  41|0x0000000084500000, 0x0000000084500000, 0x0000000084600000|  0%| F|  |TAMS 0x0000000084500000, 0x0000000084500000| Untracked 
|  42|0x0000000084600000, 0x0000000084600000, 0x0000000084700000|  0%| F|  |TAMS 0x0000000084600000, 0x0000000084600000| Untracked 
|  43|0x0000000084700000, 0x0000000084700000, 0x0000000084800000|  0%| F|  |TAMS 0x0000000084700000, 0x0000000084700000| Untracked 
|  44|0x0000000084800000, 0x0000000084800000, 0x0000000084900000|  0%| F|  |TAMS 0x0000000084800000, 0x0000000084800000| Untracked 
|  45|0x0000000084900000, 0x0000000084900000, 0x0000000084a00000|  0%| F|  |TAMS 0x0000000084900000, 0x0000000084900000| Untracked 
|  46|0x0000000084a00000, 0x0000000084a00000, 0x0000000084b00000|  0%| F|  |TAMS 0x0000000084a00000, 0x0000000084a00000| Untracked 
|  47|0x0000000084b00000, 0x0000000084b00000, 0x0000000084c00000|  0%| F|  |TAMS 0x0000000084b00000, 0x0000000084b00000| Untracked 
|  48|0x0000000084c00000, 0x0000000084c00000, 0x0000000084d00000|  0%| F|  |TAMS 0x0000000084c00000, 0x0000000084c00000| Untracked 
|  49|0x0000000084d00000, 0x0000000084d00000, 0x0000000084e00000|  0%| F|  |TAMS 0x0000000084d00000, 0x0000000084d00000| Untracked 
|  50|0x0000000084e00000, 0x0000000084e00000, 0x0000000084f00000|  0%| F|  |TAMS 0x0000000084e00000, 0x0000000084e00000| Untracked 
|  51|0x0000000084f00000, 0x0000000084f00000, 0x0000000085000000|  0%| F|  |TAMS 0x0000000084f00000, 0x0000000084f00000| Untracked 
|  52|0x0000000085000000, 0x0000000085000000, 0x0000000085100000|  0%| F|  |TAMS 0x0000000085000000, 0x0000000085000000| Untracked 
|  53|0x0000000085100000, 0x0000000085100000, 0x0000000085200000|  0%| F|  |TAMS 0x0000000085100000, 0x0000000085100000| Untracked 
|  54|0x0000000085200000, 0x0000000085200000, 0x0000000085300000|  0%| F|  |TAMS 0x0000000085200000, 0x0000000085200000| Untracked 
|  55|0x0000000085300000, 0x0000000085300000, 0x0000000085400000|  0%| F|  |TAMS 0x0000000085300000, 0x0000000085300000| Untracked 
|  56|0x0000000085400000, 0x0000000085400000, 0x0000000085500000|  0%| F|  |TAMS 0x0000000085400000, 0x0000000085400000| Untracked 
|  57|0x0000000085500000, 0x0000000085500000, 0x0000000085600000|  0%| F|  |TAMS 0x0000000085500000, 0x0000000085500000| Untracked 
|  58|0x0000000085600000, 0x0000000085600000, 0x0000000085700000|  0%| F|  |TAMS 0x0000000085600000, 0x0000000085600000| Untracked 
|  59|0x0000000085700000, 0x0000000085700000, 0x0000000085800000|  0%| F|  |TAMS 0x0000000085700000, 0x0000000085700000| Untracked 
|  60|0x0000000085800000, 0x0000000085800000, 0x0000000085900000|  0%| F|  |TAMS 0x0000000085800000, 0x0000000085800000| Untracked 
|  61|0x0000000085900000, 0x0000000085900000, 0x0000000085a00000|  0%| F|  |TAMS 0x0000000085900000, 0x0000000085900000| Untracked 
|  62|0x0000000085a00000, 0x0000000085a00000, 0x0000000085b00000|  0%| F|  |TAMS 0x0000000085a00000, 0x0000000085a00000| Untracked 
|  63|0x0000000085b00000, 0x0000000085b00000, 0x0000000085c00000|  0%| F|  |TAMS 0x0000000085b00000, 0x0000000085b00000| Untracked 
|  64|0x0000000085c00000, 0x0000000085c00000, 0x0000000085d00000|  0%| F|  |TAMS 0x0000000085c00000, 0x0000000085c00000| Untracked 
|  65|0x0000000085d00000, 0x0000000085d00000, 0x0000000085e00000|  0%| F|  |TAMS 0x0000000085d00000, 0x0000000085d00000| Untracked 
|  66|0x0000000085e00000, 0x0000000085e00000, 0x0000000085f00000|  0%| F|  |TAMS 0x0000000085e00000, 0x0000000085e00000| Untracked 
|  67|0x0000000085f00000, 0x0000000085f00000, 0x0000000086000000|  0%| F|  |TAMS 0x0000000085f00000, 0x0000000085f00000| Untracked 
|  68|0x0000000086000000, 0x0000000086000000, 0x0000000086100000|  0%| F|  |TAMS 0x0000000086000000, 0x0000000086000000| Untracked 
|  69|0x0000000086100000, 0x0000000086100000, 0x0000000086200000|  0%| F|  |TAMS 0x0000000086100000, 0x0000000086100000| Untracked 
|  70|0x0000000086200000, 0x0000000086200000, 0x0000000086300000|  0%| F|  |TAMS 0x0000000086200000, 0x0000000086200000| Untracked 
|  71|0x0000000086300000, 0x0000000086300000, 0x0000000086400000|  0%| F|  |TAMS 0x0000000086300000, 0x0000000086300000| Untracked 
|  72|0x0000000086400000, 0x0000000086400000, 0x0000000086500000|  0%| F|  |TAMS 0x0000000086400000, 0x0000000086400000| Untracked 
|  73|0x0000000086500000, 0x0000000086500000, 0x0000000086600000|  0%| F|  |TAMS 0x0000000086500000, 0x0000000086500000| Untracked 
|  74|0x0000000086600000, 0x0000000086600000, 0x0000000086700000|  0%| F|  |TAMS 0x0000000086600000, 0x0000000086600000| Untracked 
|  75|0x0000000086700000, 0x0000000086700000, 0x0000000086800000|  0%| F|  |TAMS 0x0000000086700000, 0x0000000086700000| Untracked 
|  76|0x0000000086800000, 0x0000000086800000, 0x0000000086900000|  0%| F|  |TAMS 0x0000000086800000, 0x0000000086800000| Untracked 
|  77|0x0000000086900000, 0x0000000086900000, 0x0000000086a00000|  0%| F|  |TAMS 0x0000000086900000, 0x0000000086900000| Untracked 
|  78|0x0000000086a00000, 0x0000000086a00000, 0x0000000086b00000|  0%| F|  |TAMS 0x0000000086a00000, 0x0000000086a00000| Untracked 
|  79|0x0000000086b00000, 0x0000000086b00000, 0x0000000086c00000|  0%| F|  |TAMS 0x0000000086b00000, 0x0000000086b00000| Untracked 
|  80|0x0000000086c00000, 0x0000000086c00000, 0x0000000086d00000|  0%| F|  |TAMS 0x0000000086c00000, 0x0000000086c00000| Untracked 
|  81|0x0000000086d00000, 0x0000000086d00000, 0x0000000086e00000|  0%| F|  |TAMS 0x0000000086d00000, 0x0000000086d00000| Untracked 
|  82|0x0000000086e00000, 0x0000000086e00000, 0x0000000086f00000|  0%| F|  |TAMS 0x0000000086e00000, 0x0000000086e00000| Untracked 
|  83|0x0000000086f00000, 0x0000000086f00000, 0x0000000087000000|  0%| F|  |TAMS 0x0000000086f00000, 0x0000000086f00000| Untracked 
|  84|0x0000000087000000, 0x0000000087000000, 0x0000000087100000|  0%| F|  |TAMS 0x0000000087000000, 0x0000000087000000| Untracked 
|  85|0x0000000087100000, 0x0000000087100000, 0x0000000087200000|  0%| F|  |TAMS 0x0000000087100000, 0x0000000087100000| Untracked 
|  86|0x0000000087200000, 0x0000000087200000, 0x0000000087300000|  0%| F|  |TAMS 0x0000000087200000, 0x0000000087200000| Untracked 
|  87|0x0000000087300000, 0x0000000087300000, 0x0000000087400000|  0%| F|  |TAMS 0x0000000087300000, 0x0000000087300000| Untracked 
|  88|0x0000000087400000, 0x0000000087400000, 0x0000000087500000|  0%| F|  |TAMS 0x0000000087400000, 0x0000000087400000| Untracked 
|  89|0x0000000087500000, 0x0000000087500000, 0x0000000087600000|  0%| F|  |TAMS 0x0000000087500000, 0x0000000087500000| Untracked 
|  90|0x0000000087600000, 0x0000000087600000, 0x0000000087700000|  0%| F|  |TAMS 0x0000000087600000, 0x0000000087600000| Untracked 
|  91|0x0000000087700000, 0x0000000087700000, 0x0000000087800000|  0%| F|  |TAMS 0x0000000087700000, 0x0000000087700000| Untracked 
|  92|0x0000000087800000, 0x0000000087800000, 0x0000000087900000|  0%| F|  |TAMS 0x0000000087800000, 0x0000000087800000| Untracked 
|  93|0x0000000087900000, 0x0000000087900000, 0x0000000087a00000|  0%| F|  |TAMS 0x0000000087900000, 0x0000000087900000| Untracked 
|  94|0x0000000087a00000, 0x0000000087a00000, 0x0000000087b00000|  0%| F|  |TAMS 0x0000000087a00000, 0x0000000087a00000| Untracked 
|  95|0x0000000087b00000, 0x0000000087b00000, 0x0000000087c00000|  0%| F|  |TAMS 0x0000000087b00000, 0x0000000087b00000| Untracked 
|  96|0x0000000087c00000, 0x0000000087c00000, 0x0000000087d00000|  0%| F|  |TAMS 0x0000000087c00000, 0x0000000087c00000| Untracked 
|  97|0x0000000087d00000, 0x0000000087d00000, 0x0000000087e00000|  0%| F|  |TAMS 0x0000000087d00000, 0x0000000087d00000| Untracked 
|  98|0x0000000087e00000, 0x0000000087e00000, 0x0000000087f00000|  0%| F|  |TAMS 0x0000000087e00000, 0x0000000087e00000| Untracked 
|  99|0x0000000087f00000, 0x0000000087f00000, 0x0000000088000000|  0%| F|  |TAMS 0x0000000087f00000, 0x0000000087f00000| Untracked 
| 100|0x0000000088000000, 0x0000000088000000, 0x0000000088100000|  0%| F|  |TAMS 0x0000000088000000, 0x0000000088000000| Untracked 
| 101|0x0000000088100000, 0x0000000088100000, 0x0000000088200000|  0%| F|  |TAMS 0x0000000088100000, 0x0000000088100000| Untracked 
| 102|0x0000000088200000, 0x0000000088200000, 0x0000000088300000|  0%| F|  |TAMS 0x0000000088200000, 0x0000000088200000| Untracked 
| 103|0x0000000088300000, 0x00000000883c1820, 0x0000000088400000| 75%| E|  |TAMS 0x0000000088300000, 0x0000000088300000| Complete 
| 104|0x0000000088400000, 0x0000000088500000, 0x0000000088500000|100%| E|CS|TAMS 0x0000000088400000, 0x0000000088400000| Complete 
| 105|0x0000000088500000, 0x0000000088600000, 0x0000000088600000|100%| E|CS|TAMS 0x0000000088500000, 0x0000000088500000| Complete 
| 106|0x0000000088600000, 0x0000000088700000, 0x0000000088700000|100%| E|CS|TAMS 0x0000000088600000, 0x0000000088600000| Complete 
| 107|0x0000000088700000, 0x0000000088800000, 0x0000000088800000|100%| E|CS|TAMS 0x0000000088700000, 0x0000000088700000| Complete 
| 108|0x0000000088800000, 0x0000000088900000, 0x0000000088900000|100%| E|CS|TAMS 0x0000000088800000, 0x0000000088800000| Complete 
| 109|0x0000000088900000, 0x0000000088a00000, 0x0000000088a00000|100%| E|CS|TAMS 0x0000000088900000, 0x0000000088900000| Complete 
| 110|0x0000000088a00000, 0x0000000088b00000, 0x0000000088b00000|100%| E|CS|TAMS 0x0000000088a00000, 0x0000000088a00000| Complete 
| 111|0x0000000088b00000, 0x0000000088c00000, 0x0000000088c00000|100%| E|CS|TAMS 0x0000000088b00000, 0x0000000088b00000| Complete 
| 112|0x0000000088c00000, 0x0000000088d00000, 0x0000000088d00000|100%| E|CS|TAMS 0x0000000088c00000, 0x0000000088c00000| Complete 
| 113|0x0000000088d00000, 0x0000000088e00000, 0x0000000088e00000|100%| E|CS|TAMS 0x0000000088d00000, 0x0000000088d00000| Complete 
| 114|0x0000000088e00000, 0x0000000088f00000, 0x0000000088f00000|100%| E|CS|TAMS 0x0000000088e00000, 0x0000000088e00000| Complete 
| 115|0x0000000088f00000, 0x0000000088f4fc48, 0x0000000089000000| 31%| S|CS|TAMS 0x0000000088f00000, 0x0000000088f00000| Complete 
| 116|0x0000000089000000, 0x0000000089100000, 0x0000000089100000|100%| S|CS|TAMS 0x0000000089000000, 0x0000000089000000| Complete 
| 117|0x0000000089100000, 0x0000000089200000, 0x0000000089200000|100%| E|CS|TAMS 0x0000000089100000, 0x0000000089100000| Complete 
| 118|0x0000000089200000, 0x0000000089300000, 0x0000000089300000|100%| E|  |TAMS 0x0000000089200000, 0x0000000089200000| Complete 
| 119|0x0000000089300000, 0x0000000089400000, 0x0000000089400000|100%| E|CS|TAMS 0x0000000089300000, 0x0000000089300000| Complete 
| 120|0x0000000089400000, 0x0000000089500000, 0x0000000089500000|100%| E|CS|TAMS 0x0000000089400000, 0x0000000089400000| Complete 
| 121|0x0000000089500000, 0x0000000089600000, 0x0000000089600000|100%| E|CS|TAMS 0x0000000089500000, 0x0000000089500000| Complete 
| 122|0x0000000089600000, 0x0000000089700000, 0x0000000089700000|100%| E|CS|TAMS 0x0000000089600000, 0x0000000089600000| Complete 
| 123|0x0000000089700000, 0x0000000089800000, 0x0000000089800000|100%| E|CS|TAMS 0x0000000089700000, 0x0000000089700000| Complete 
| 124|0x0000000089800000, 0x0000000089900000, 0x0000000089900000|100%| E|CS|TAMS 0x0000000089800000, 0x0000000089800000| Complete 
| 125|0x0000000089900000, 0x0000000089a00000, 0x0000000089a00000|100%| E|CS|TAMS 0x0000000089900000, 0x0000000089900000| Complete 
| 126|0x0000000089a00000, 0x0000000089b00000, 0x0000000089b00000|100%| E|CS|TAMS 0x0000000089a00000, 0x0000000089a00000| Complete 
| 127|0x0000000089b00000, 0x0000000089c00000, 0x0000000089c00000|100%| E|CS|TAMS 0x0000000089b00000, 0x0000000089b00000| Complete 

Card table byte_map: [0x000001f33e1c0000,0x000001f33e5c0000] _byte_map_base: 0x000001f33ddb2000

Marking Bits (Prev, Next): (CMBitMap*) 0x000001f3254f15a0, (CMBitMap*) 0x000001f3254f15e0
 Prev Bits: [0x000001f33e9c0000, 0x000001f340950000)
 Next Bits: [0x000001f340950000, 0x000001f3428e0000)

Polling page: 0x000001f325550000

Metaspace:

Usage:
  Non-class:     11.00 MB used.
      Class:      1.50 MB used.
       Both:     12.50 MB used.

Virtual space:
  Non-class space:       64.00 MB reserved,      11.06 MB ( 17%) committed,  1 nodes.
      Class space:        1.00 GB reserved,       1.56 MB ( <1%) committed,  1 nodes.
             Both:        1.06 GB reserved,      12.62 MB (  1%) committed. 

Chunk freelists:
   Non-Class:  4.67 MB
       Class:  14.31 MB
        Both:  18.98 MB

MaxMetaspaceSize: unlimited
CompressedClassSpaceSize: 1.00 GB
Initial GC threshold: 21.00 MB
Current GC threshold: 21.00 MB
CDS: on
MetaspaceReclaimPolicy: balanced
 - commit_granule_bytes: 65536.
 - commit_granule_words: 8192.
 - virtual_space_node_default_size: 8388608.
 - enlarge_chunks_in_place: 1.
 - new_chunks_are_fully_committed: 0.
 - uncommit_free_chunks: 1.
 - use_allocation_guard: 0.
 - handle_deallocations: 1.


Internal statistics:

num_allocs_failed_limit: 0.
num_arena_births: 184.
num_arena_deaths: 0.
num_vsnodes_births: 2.
num_vsnodes_deaths: 0.
num_space_committed: 202.
num_space_uncommitted: 0.
num_chunks_returned_to_freelist: 0.
num_chunks_taken_from_freelist: 579.
num_chunk_merges: 0.
num_chunk_splits: 392.
num_chunks_enlarged: 310.
num_inconsistent_stats: 0.

CodeHeap 'non-profiled nmethods': size=120000Kb used=578Kb max_used=578Kb free=119421Kb
 bounds [0x000001f336270000, 0x000001f3364e0000, 0x000001f33d7a0000]
CodeHeap 'profiled nmethods': size=120000Kb used=3257Kb max_used=3257Kb free=116742Kb
 bounds [0x000001f32e7a0000, 0x000001f32ead0000, 0x000001f335cd0000]
CodeHeap 'non-nmethods': size=5760Kb used=1191Kb max_used=1211Kb free=4569Kb
 bounds [0x000001f335cd0000, 0x000001f335f40000, 0x000001f336270000]
 total_blobs=2225 nmethods=1738 adapters=399
 compilation: enabled
              stopped_count=0, restarted_count=0
 full_count=0

Compilation events (20 events):
Event: 3.100 Thread 0x000001f344f0d900 1736       3       java.lang.invoke.BootstrapMethodInvoker::isLambdaMetafactoryIndyBSM (13 bytes)
Event: 3.100 Thread 0x000001f344f0d900 nmethod 1736 0x000001f32eac0010 code [0x000001f32eac01a0, 0x000001f32eac02f8]
Event: 3.100 Thread 0x000001f344f0d900 1737       3       java.lang.invoke.InnerClassLambdaMetafactory::<init> (258 bytes)
Event: 3.104 Thread 0x000001f344f0d900 nmethod 1737 0x000001f32eac0390 code [0x000001f32eac07a0, 0x000001f32eac26d8]
Event: 3.105 Thread 0x000001f344f0d900 1738   !   3       java.lang.invoke.AbstractValidatingLambdaMetafactory::<init> (559 bytes)
Event: 3.119 Thread 0x000001f344f0d900 nmethod 1738 0x000001f32eac3190 code [0x000001f32eac3b20, 0x000001f32eac9a48]
Event: 3.120 Thread 0x000001f344f0d900 1742       1       org.springframework.core.annotation.AnnotationTypeMapping::getDistance (5 bytes)
Event: 3.120 Thread 0x000001f344f0d900 nmethod 1742 0x000001f3362ffe10 code [0x000001f3362fffa0, 0x000001f336300078]
Event: 3.120 Thread 0x000001f344f0d900 1739   !   3       java.lang.invoke.MethodHandles$Lookup::revealDirect (196 bytes)
Event: 3.122 Thread 0x000001f344f0d900 nmethod 1739 0x000001f32eacb890 code [0x000001f32eacbbe0, 0x000001f32eaccfa8]
Event: 3.123 Thread 0x000001f344f0d900 1740       3       java.lang.invoke.AbstractValidatingLambdaMetafactory::isAdaptableToAsReturn (36 bytes)
Event: 3.123 Thread 0x000001f344f0d900 nmethod 1740 0x000001f32eacd690 code [0x000001f32eacd860, 0x000001f32eacdd08]
Event: 3.123 Thread 0x000001f344f0d900 1741       1       java.lang.invoke.MethodHandle::internalForm (5 bytes)
Event: 3.123 Thread 0x000001f344f0d900 nmethod 1741 0x000001f336300110 code [0x000001f3363002a0, 0x000001f336300378]
Event: 3.123 Thread 0x000001f344f0d900 1743       1       java.lang.invoke.MethodHandleImpl$IntrinsicMethodHandle::getTarget (5 bytes)
Event: 3.123 Thread 0x000001f344f0d900 nmethod 1743 0x000001f336300410 code [0x000001f3363005a0, 0x000001f336300678]
Event: 3.126 Thread 0x000001f344f0d900 1744       3       org.springframework.core.annotation.PackagesAnnotationFilter::matches (42 bytes)
Event: 3.127 Thread 0x000001f344f0d900 nmethod 1744 0x000001f32eacde90 code [0x000001f32eace060, 0x000001f32eace368]
Event: 3.154 Thread 0x000001f344f0d900 1745       1       ch.qos.logback.classic.spi.LogbackServiceProvider::getLoggerFactory (5 bytes)
Event: 3.154 Thread 0x000001f344f0d900 nmethod 1745 0x000001f336300710 code [0x000001f3363008a0, 0x000001f336300978]

GC Heap History (4 events):
Event: 1.469 GC heap before
{Heap before GC invocations=0 (full 0):
 garbage-first heap   total 131072K, used 13312K [0x0000000081c00000, 0x0000000100000000)
  region size 1024K, 13 young (13312K), 0 survivors (0K)
 Metaspace       used 3629K, committed 3776K, reserved 1114112K
  class space    used 378K, committed 448K, reserved 1048576K
}
Event: 1.477 GC heap after
{Heap after GC invocations=1 (full 0):
 garbage-first heap   total 131072K, used 5918K [0x0000000081c00000, 0x0000000100000000)
  region size 1024K, 2 young (2048K), 2 survivors (2048K)
 Metaspace       used 3629K, committed 3776K, reserved 1114112K
  class space    used 378K, committed 448K, reserved 1048576K
}
Event: 2.268 GC heap before
{Heap before GC invocations=1 (full 0):
 garbage-first heap   total 131072K, used 16158K [0x0000000081c00000, 0x0000000100000000)
  region size 1024K, 13 young (13312K), 2 survivors (2048K)
 Metaspace       used 6785K, committed 7040K, reserved 1114112K
  class space    used 803K, committed 896K, reserved 1048576K
}
Event: 2.275 GC heap after
{Heap after GC invocations=2 (full 0):
 garbage-first heap   total 131072K, used 7410K [0x0000000081c00000, 0x0000000100000000)
  region size 1024K, 2 young (2048K), 2 survivors (2048K)
 Metaspace       used 6785K, committed 7040K, reserved 1114112K
  class space    used 803K, committed 896K, reserved 1048576K
}

Dll operation events (10 events):
Event: 0.090 Loaded shared library C:\Users\hp\.jdks\corretto-17.0.10\bin\java.dll
Event: 0.149 Loaded shared library C:\Users\hp\.jdks\corretto-17.0.10\bin\jsvml.dll
Event: 0.489 Loaded shared library C:\Users\hp\.jdks\corretto-17.0.10\bin\zip.dll
Event: 0.504 Loaded shared library C:\Users\hp\.jdks\corretto-17.0.10\bin\instrument.dll
Event: 0.519 Loaded shared library C:\Users\hp\.jdks\corretto-17.0.10\bin\net.dll
Event: 0.522 Loaded shared library C:\Users\hp\.jdks\corretto-17.0.10\bin\nio.dll
Event: 0.527 Loaded shared library C:\Users\hp\.jdks\corretto-17.0.10\bin\zip.dll
Event: 0.748 Loaded shared library C:\Program Files\JetBrains\IntelliJ IDEA Community Edition 2024.1\bin\breakgen64.dll
Event: 0.774 Loaded shared library C:\Users\hp\.jdks\corretto-17.0.10\bin\extnet.dll
Event: 0.865 Loaded shared library C:\Users\hp\.jdks\corretto-17.0.10\bin\jimage.dll

Deoptimization events (20 events):
Event: 2.973 Thread 0x000001f38aad54d0 DEOPT PACKING pc=0x000001f336285a68 sp=0x000000819f9fd8d0
Event: 2.973 Thread 0x000001f38aad54d0 DEOPT UNPACKING pc=0x000001f335d269a3 sp=0x000000819f9fd7f8 mode 2
Event: 2.973 Thread 0x000001f38aad54d0 Uncommon trap: trap_request=0xffffff45 fr.pc=0x000001f3362882cc relative=0x000000000000042c
Event: 2.973 Thread 0x000001f38aad54d0 Uncommon trap: reason=unstable_if action=reinterpret pc=0x000001f3362882cc method=java.lang.AbstractStringBuilder.isLatin1()Z @ 10 c2
Event: 2.973 Thread 0x000001f38aad54d0 DEOPT PACKING pc=0x000001f3362882cc sp=0x000000819f9fd8f0
Event: 2.973 Thread 0x000001f38aad54d0 DEOPT UNPACKING pc=0x000001f335d269a3 sp=0x000000819f9fd870 mode 2
Event: 2.973 Thread 0x000001f38aad54d0 Uncommon trap: trap_request=0xffffff45 fr.pc=0x000001f33628e95c relative=0x000000000000005c
Event: 2.973 Thread 0x000001f38aad54d0 Uncommon trap: reason=unstable_if action=reinterpret pc=0x000001f33628e95c method=java.lang.AbstractStringBuilder.isLatin1()Z @ 10 c2
Event: 2.973 Thread 0x000001f38aad54d0 DEOPT PACKING pc=0x000001f33628e95c sp=0x000000819f9fd8d0
Event: 2.973 Thread 0x000001f38aad54d0 DEOPT UNPACKING pc=0x000001f335d269a3 sp=0x000000819f9fd860 mode 2
Event: 2.976 Thread 0x000001f38aad54d0 Uncommon trap: trap_request=0xffffff45 fr.pc=0x000001f3362c5548 relative=0x0000000000000048
Event: 2.976 Thread 0x000001f38aad54d0 Uncommon trap: reason=unstable_if action=reinterpret pc=0x000001f3362c5548 method=java.lang.CharacterData.of(I)Ljava/lang/CharacterData; @ 4 c2
Event: 2.976 Thread 0x000001f38aad54d0 DEOPT PACKING pc=0x000001f3362c5548 sp=0x000000819f9fd080
Event: 2.976 Thread 0x000001f38aad54d0 DEOPT UNPACKING pc=0x000001f335d269a3 sp=0x000000819f9fd018 mode 2
Event: 3.019 Thread 0x000001f3254987d0 Uncommon trap: trap_request=0xffffff45 fr.pc=0x000001f3362e0714 relative=0x00000000000002f4
Event: 3.019 Thread 0x000001f3254987d0 Uncommon trap: reason=unstable_if action=reinterpret pc=0x000001f3362e0714 method=jdk.internal.org.objectweb.asm.SymbolTable.put(Ljdk/internal/org/objectweb/asm/SymbolTable$Entry;)Ljdk/internal/org/objectweb/asm/SymbolTable$Entry; @ 13 c2
Event: 3.019 Thread 0x000001f3254987d0 DEOPT PACKING pc=0x000001f3362e0714 sp=0x000000819e8fd900
Event: 3.019 Thread 0x000001f3254987d0 DEOPT UNPACKING pc=0x000001f335d269a3 sp=0x000000819e8fd880 mode 2
Event: 3.027 Thread 0x000001f38aad54d0 DEOPT PACKING pc=0x000001f32e8629fd sp=0x000000819f9fab40
Event: 3.027 Thread 0x000001f38aad54d0 DEOPT UNPACKING pc=0x000001f335d27143 sp=0x000000819f9f9fc8 mode 0

Classes unloaded (0 events):
No events

Classes redefined (0 events):
No events

Internal exceptions (20 events):
Event: 2.218 Thread 0x000001f3254987d0 Exception <a 'java/lang/NoSuchMethodError'{0x0000000089142ce8}: 'java.lang.Object java.lang.invoke.DirectMethodHandle$Holder.invokeSpecial(java.lang.Object, java.lang.Object, java.lang.Object, java.lang.Object, java.lang.Object, java.lang.Object, java.lang.Object, int)'> (0x0000000089142ce8) 
thrown [s\src\hotspot\share\interpreter\linkResolver.cpp, line 759]
Event: 2.311 Thread 0x000001f3254987d0 Exception <a 'java/lang/NoSuchMethodError'{0x0000000089b6cf78}: 'int java.lang.invoke.DirectMethodHandle$Holder.invokeInterface(java.lang.Object, java.lang.Object)'> (0x0000000089b6cf78) 
thrown [s\src\hotspot\share\interpreter\linkResolver.cpp, line 759]
Event: 2.351 Thread 0x000001f3254987d0 Exception <a 'java/lang/NoSuchMethodError'{0x0000000089bff228}: 'int java.lang.invoke.DirectMethodHandle$Holder.invokeVirtual(java.lang.Object, java.lang.Object)'> (0x0000000089bff228) 
thrown [s\src\hotspot\share\interpreter\linkResolver.cpp, line 759]
Event: 2.392 Thread 0x000001f3254987d0 Exception <a 'java/lang/NoSuchMethodError'{0x0000000089a9af90}: 'java.lang.Object java.lang.invoke.DirectMethodHandle$Holder.invokeSpecial(java.lang.Object, java.lang.Object, java.lang.Object, int, java.lang.Object)'> (0x0000000089a9af90) 
thrown [s\src\hotspot\share\interpreter\linkResolver.cpp, line 759]
Event: 2.394 Thread 0x000001f3254987d0 Exception <a 'java/lang/NoSuchMethodError'{0x0000000089aa35f0}: 'java.lang.Object java.lang.invoke.DirectMethodHandle$Holder.newInvokeSpecial(java.lang.Object, java.lang.Object, java.lang.Object, int, java.lang.Object)'> (0x0000000089aa35f0) 
thrown [s\src\hotspot\share\interpreter\linkResolver.cpp, line 759]
Event: 2.395 Thread 0x000001f3254987d0 Exception <a 'java/lang/NoSuchMethodError'{0x0000000089aaafc0}: 'java.lang.Object java.lang.invoke.Invokers$Holder.linkToTargetMethod(java.lang.Object, java.lang.Object, int, java.lang.Object, java.lang.Object)'> (0x0000000089aaafc0) 
thrown [s\src\hotspot\share\interpreter\linkResolver.cpp, line 759]
Event: 2.400 Thread 0x000001f3254987d0 Exception <a 'java/lang/NoSuchMethodError'{0x0000000089ab9e08}: 'java.lang.Object java.lang.invoke.DirectMethodHandle$Holder.newInvokeSpecial(java.lang.Object, int, java.lang.Object)'> (0x0000000089ab9e08) 
thrown [s\src\hotspot\share\interpreter\linkResolver.cpp, line 759]
Event: 2.401 Thread 0x000001f3254987d0 Exception <a 'java/lang/NoSuchMethodError'{0x0000000089abeb70}: 'int java.lang.invoke.DirectMethodHandle$Holder.invokeSpecialIFC(java.lang.Object, java.lang.Object, java.lang.Object, java.lang.Object)'> (0x0000000089abeb70) 
thrown [s\src\hotspot\share\interpreter\linkResolver.cpp, line 759]
Event: 2.450 Thread 0x000001f3254987d0 Exception <a 'java/lang/NoSuchMethodError'{0x0000000089984008}: 'void java.lang.invoke.DirectMethodHandle$Holder.invokeInterface(java.lang.Object, java.lang.Object, java.lang.Object)'> (0x0000000089984008) 
thrown [s\src\hotspot\share\interpreter\linkResolver.cpp, line 759]
Event: 2.494 Thread 0x000001f3254987d0 Exception <a 'java/lang/NoSuchMethodError'{0x00000000898089f0}: 'void java.lang.invoke.DirectMethodHandle$Holder.invokeStaticInit(java.lang.Object, java.lang.Object, java.lang.Object)'> (0x00000000898089f0) 
thrown [s\src\hotspot\share\interpreter\linkResolver.cpp, line 759]
Event: 2.510 Thread 0x000001f3254987d0 Exception <a 'java/lang/NoSuchMethodError'{0x000000008984f8a8}: 'java.lang.Object java.lang.invoke.DirectMethodHandle$Holder.invokeVirtual(java.lang.Object, java.lang.Object, java.lang.Object)'> (0x000000008984f8a8) 
thrown [s\src\hotspot\share\interpreter\linkResolver.cpp, line 759]
Event: 2.520 Thread 0x000001f3254987d0 Exception <a 'java/lang/NoSuchMethodError'{0x0000000089870dc0}: 'java.lang.Object java.lang.invoke.DirectMethodHandle$Holder.invokeStatic(java.lang.Object, java.lang.Object, long, java.lang.Object)'> (0x0000000089870dc0) 
thrown [s\src\hotspot\share\interpreter\linkResolver.cpp, line 759]
Event: 2.521 Thread 0x000001f3254987d0 Exception <a 'java/lang/NoSuchMethodError'{0x0000000089874a98}: 'java.lang.Object java.lang.invoke.DirectMethodHandle$Holder.invokeStaticInit(java.lang.Object, java.lang.Object, long, java.lang.Object)'> (0x0000000089874a98) 
thrown [s\src\hotspot\share\interpreter\linkResolver.cpp, line 759]
Event: 2.522 Thread 0x000001f3254987d0 Exception <a 'java/lang/NoSuchMethodError'{0x000000008987b1d8}: 'java.lang.Object java.lang.invoke.DirectMethodHandle$Holder.newInvokeSpecial(java.lang.Object, java.lang.Object, long)'> (0x000000008987b1d8) 
thrown [s\src\hotspot\share\interpreter\linkResolver.cpp, line 759]
Event: 2.522 Thread 0x000001f3254987d0 Exception <a 'java/lang/NoSuchMethodError'{0x000000008987ed48}: 'java.lang.Object java.lang.invoke.Invokers$Holder.linkToTargetMethod(java.lang.Object, long, java.lang.Object)'> (0x000000008987ed48) 
thrown [s\src\hotspot\share\interpreter\linkResolver.cpp, line 759]
Event: 2.553 Thread 0x000001f3254987d0 Exception <a 'java/lang/NoSuchMethodError'{0x00000000898cfd78}: 'void java.lang.invoke.DirectMethodHandle$Holder.invokeSpecial(java.lang.Object, java.lang.Object, java.lang.Object, java.lang.Object, java.lang.Object)'> (0x00000000898cfd78) 
thrown [s\src\hotspot\share\interpreter\linkResolver.cpp, line 759]
Event: 2.554 Thread 0x000001f3254987d0 Exception <a 'java/lang/NoSuchMethodError'{0x00000000898d8390}: 'void java.lang.invoke.DirectMethodHandle$Holder.invokeVirtual(java.lang.Object, java.lang.Object, java.lang.Object, java.lang.Object)'> (0x00000000898d8390) 
thrown [s\src\hotspot\share\interpreter\linkResolver.cpp, line 759]
Event: 2.644 Thread 0x000001f3254987d0 Exception <a 'java/lang/NoSuchMethodError'{0x0000000089635850}: 'void java.lang.invoke.DirectMethodHandle$Holder.invokeSpecial(java.lang.Object, java.lang.Object, java.lang.Object)'> (0x0000000089635850) 
thrown [s\src\hotspot\share\interpreter\linkResolver.cpp, line 759]
Event: 2.659 Thread 0x000001f3254987d0 Exception <a 'java/lang/IncompatibleClassChangeError'{0x0000000089664600}: Found class java.lang.Object, but interface was expected> (0x0000000089664600) 
thrown [s\src\hotspot\share\interpreter\linkResolver.cpp, line 826]
Event: 2.660 Thread 0x000001f38aad54d0 Exception <a 'java/lang/NoClassDefFoundError'{0x00000000896898e0}: jakarta/validation/Validation> (0x00000000896898e0) 
thrown [s\src\hotspot\share\classfile\systemDictionary.cpp, line 245]

VM Operations (20 events):
Event: 0.875 Executing VM operation: HandshakeAllThreads
Event: 0.875 Executing VM operation: HandshakeAllThreads done
Event: 1.138 Executing VM operation: HandshakeAllThreads
Event: 1.138 Executing VM operation: HandshakeAllThreads done
Event: 1.468 Executing VM operation: G1CollectForAllocation
Event: 1.477 Executing VM operation: G1CollectForAllocation done
Event: 1.788 Executing VM operation: HandshakeAllThreads
Event: 1.788 Executing VM operation: HandshakeAllThreads done
Event: 2.268 Executing VM operation: G1CollectForAllocation
Event: 2.275 Executing VM operation: G1CollectForAllocation done
Event: 2.344 Executing VM operation: HandshakeAllThreads
Event: 2.344 Executing VM operation: HandshakeAllThreads done
Event: 2.631 Executing VM operation: HandshakeAllThreads
Event: 2.631 Executing VM operation: HandshakeAllThreads done
Event: 2.639 Executing VM operation: HandshakeAllThreads
Event: 2.639 Executing VM operation: HandshakeAllThreads done
Event: 2.640 Executing VM operation: HandshakeAllThreads
Event: 2.640 Executing VM operation: HandshakeAllThreads done
Event: 2.977 Executing VM operation: HandshakeAllThreads
Event: 2.977 Executing VM operation: HandshakeAllThreads done

Events (20 events):
Event: 2.983 loading class jdk/internal/reflect/ClassFileAssembler
Event: 2.983 loading class jdk/internal/reflect/ClassFileAssembler done
Event: 2.983 loading class jdk/internal/reflect/UTF8
Event: 2.983 loading class jdk/internal/reflect/UTF8 done
Event: 2.985 loading class jdk/internal/reflect/Label
Event: 2.985 loading class jdk/internal/reflect/Label done
Event: 2.985 loading class jdk/internal/reflect/Label$PatchInfo
Event: 2.985 loading class jdk/internal/reflect/Label$PatchInfo done
Event: 2.985 loading class jdk/internal/reflect/MethodAccessorGenerator$1
Event: 2.985 loading class jdk/internal/reflect/MethodAccessorGenerator$1 done
Event: 2.985 loading class jdk/internal/reflect/ClassDefiner
Event: 2.985 loading class jdk/internal/reflect/ClassDefiner done
Event: 2.985 loading class jdk/internal/reflect/ClassDefiner$1
Event: 2.986 loading class jdk/internal/reflect/ClassDefiner$1 done
Event: 2.986 loading class jdk/internal/reflect/BootstrapConstructorAccessorImpl
Event: 2.986 loading class jdk/internal/reflect/BootstrapConstructorAccessorImpl done
Event: 3.003 loading class java/io/CharArrayReader
Event: 3.004 loading class java/io/CharArrayReader done
Event: 3.006 loading class java/lang/annotation/Repeatable
Event: 3.006 loading class java/lang/annotation/Repeatable done


Dynamic libraries:
0x00007ff6c3530000 - 0x00007ff6c353e000 	C:\Users\hp\.jdks\corretto-17.0.10\bin\java.exe
0x00007ff95a070000 - 0x00007ff95a268000 	C:\Windows\SYSTEM32\ntdll.dll
0x00007ff959b40000 - 0x00007ff959bfd000 	C:\Windows\System32\KERNEL32.DLL
0x00007ff9577e0000 - 0x00007ff957ad6000 	C:\Windows\System32\KERNELBASE.dll
0x00007ff957ae0000 - 0x00007ff957be0000 	C:\Windows\System32\ucrtbase.dll
0x00007ff941100000 - 0x00007ff94111b000 	C:\Users\hp\.jdks\corretto-17.0.10\bin\VCRUNTIME140.dll
0x00007ff9410e0000 - 0x00007ff9410f7000 	C:\Users\hp\.jdks\corretto-17.0.10\bin\jli.dll
0x00007ff9586d0000 - 0x00007ff95886f000 	C:\Windows\System32\USER32.dll
0x00007ff957f20000 - 0x00007ff957f42000 	C:\Windows\System32\win32u.dll
0x00007ff958510000 - 0x00007ff95853b000 	C:\Windows\System32\GDI32.dll
0x00007ff957d40000 - 0x00007ff957e57000 	C:\Windows\System32\gdi32full.dll
0x00007ff958000000 - 0x00007ff95809d000 	C:\Windows\System32\msvcp_win.dll
0x00007ff93d830000 - 0x00007ff93daca000 	C:\Windows\WinSxS\amd64_microsoft.windows.common-controls_6595b64144ccf1df_6.0.19041.3636_none_60b6a03d71f818d5\COMCTL32.dll
0x00007ff959e60000 - 0x00007ff959efe000 	C:\Windows\System32\msvcrt.dll
0x00007ff958550000 - 0x00007ff958582000 	C:\Windows\System32\IMM32.DLL
0x00007ff950e50000 - 0x00007ff950e5c000 	C:\Users\hp\.jdks\corretto-17.0.10\bin\vcruntime140_1.dll
0x00007ff929ae0000 - 0x00007ff929b6d000 	C:\Users\hp\.jdks\corretto-17.0.10\bin\msvcp140.dll
0x00007ff90ab70000 - 0x00007ff90b7d2000 	C:\Users\hp\.jdks\corretto-17.0.10\bin\server\jvm.dll
0x00007ff958620000 - 0x00007ff9586d0000 	C:\Windows\System32\ADVAPI32.dll
0x00007ff958870000 - 0x00007ff958910000 	C:\Windows\System32\sechost.dll
0x00007ff959f00000 - 0x00007ff95a023000 	C:\Windows\System32\RPCRT4.dll
0x00007ff957e60000 - 0x00007ff957e87000 	C:\Windows\System32\bcrypt.dll
0x00007ff956ed0000 - 0x00007ff956f1b000 	C:\Windows\SYSTEM32\POWRPROF.dll
0x00007ff93a220000 - 0x00007ff93a229000 	C:\Windows\SYSTEM32\WSOCK32.dll
0x00007ff9585b0000 - 0x00007ff95861b000 	C:\Windows\System32\WS2_32.dll
0x00007ff9416c0000 - 0x00007ff9416e7000 	C:\Windows\SYSTEM32\WINMM.dll
0x00007ff94b4d0000 - 0x00007ff94b4da000 	C:\Windows\SYSTEM32\VERSION.dll
0x00007ff956e40000 - 0x00007ff956e52000 	C:\Windows\SYSTEM32\UMPDC.dll
0x00007ff955f30000 - 0x00007ff955f42000 	C:\Windows\SYSTEM32\kernel.appcore.dll
0x00007ff94f110000 - 0x00007ff94f11a000 	C:\Users\hp\.jdks\corretto-17.0.10\bin\jimage.dll
0x00007ff955430000 - 0x00007ff955614000 	C:\Windows\SYSTEM32\DBGHELP.DLL
0x00007ff930be0000 - 0x00007ff930c14000 	C:\Windows\SYSTEM32\dbgcore.DLL
0x00007ff957e90000 - 0x00007ff957f12000 	C:\Windows\System32\bcryptPrimitives.dll
0x00007ff941d60000 - 0x00007ff941d6e000 	C:\Users\hp\.jdks\corretto-17.0.10\bin\instrument.dll
0x00007ff940de0000 - 0x00007ff940e05000 	C:\Users\hp\.jdks\corretto-17.0.10\bin\java.dll
0x00007ff929070000 - 0x00007ff929147000 	C:\Users\hp\.jdks\corretto-17.0.10\bin\jsvml.dll
0x00007ff958f50000 - 0x00007ff9596bb000 	C:\Windows\System32\SHELL32.dll
0x00007ff955790000 - 0x00007ff955f2e000 	C:\Windows\SYSTEM32\windows.storage.dll
0x00007ff9597e0000 - 0x00007ff959b33000 	C:\Windows\System32\combase.dll
0x00007ff957150000 - 0x00007ff95717e000 	C:\Windows\SYSTEM32\Wldp.dll
0x00007ff959d80000 - 0x00007ff959e4d000 	C:\Windows\System32\OLEAUT32.dll
0x00007ff958ba0000 - 0x00007ff958c4d000 	C:\Windows\System32\SHCORE.dll
0x00007ff959780000 - 0x00007ff9597d5000 	C:\Windows\System32\shlwapi.dll
0x00007ff957650000 - 0x00007ff957673000 	C:\Windows\SYSTEM32\profapi.dll
0x00007ff93ff10000 - 0x00007ff93ff28000 	C:\Users\hp\.jdks\corretto-17.0.10\bin\zip.dll
0x00007ff93fef0000 - 0x00007ff93ff09000 	C:\Users\hp\.jdks\corretto-17.0.10\bin\net.dll
0x00007ff9455d0000 - 0x00007ff9456da000 	C:\Windows\SYSTEM32\WINHTTP.dll
0x00007ff956e60000 - 0x00007ff956eca000 	C:\Windows\system32\mswsock.dll
0x00007ff93fed0000 - 0x00007ff93fee6000 	C:\Users\hp\.jdks\corretto-17.0.10\bin\nio.dll
0x00007ff93fe20000 - 0x00007ff93fe3a000 	C:\Program Files\JetBrains\IntelliJ IDEA Community Edition 2024.1\bin\breakgen64.dll
0x00007ff9410d0000 - 0x00007ff9410d9000 	C:\Users\hp\.jdks\corretto-17.0.10\bin\extnet.dll

dbghelp: loaded successfully - version: 4.0.5 - missing functions: none
symbol engine: initialized successfully - sym options: 0x614 - pdb path: .;C:\Users\hp\.jdks\corretto-17.0.10\bin;C:\Windows\SYSTEM32;C:\Windows\WinSxS\amd64_microsoft.windows.common-controls_6595b64144ccf1df_6.0.19041.3636_none_60b6a03d71f818d5;C:\Users\hp\.jdks\corretto-17.0.10\bin\server;C:\Program Files\JetBrains\IntelliJ IDEA Community Edition 2024.1\bin

VM Arguments:
jvm_args: -javaagent:C:\Program Files\JetBrains\IntelliJ IDEA Community Edition 2024.1\lib\idea_rt.jar=51644:C:\Program Files\JetBrains\IntelliJ IDEA Community Edition 2024.1\bin -Dfile.encoding=UTF-8 
java_command: com.example.demo.DemoApplication
java_class_path (initial): C:\Users\hp\Downloads\Shoppingapp\target\classes;C:\Users\hp\.m2\repository\org\springframework\boot\spring-boot-starter-data-jpa\3.2.4\spring-boot-starter-data-jpa-3.2.4.jar;C:\Users\hp\.m2\repository\org\springframework\boot\spring-boot-starter-aop\3.2.4\spring-boot-starter-aop-3.2.4.jar;C:\Users\hp\.m2\repository\org\springframework\spring-aop\6.1.5\spring-aop-6.1.5.jar;C:\Users\hp\.m2\repository\org\aspectj\aspectjweaver\1.9.21\aspectjweaver-1.9.21.jar;C:\Users\hp\.m2\repository\org\springframework\boot\spring-boot-starter-jdbc\3.2.4\spring-boot-starter-jdbc-3.2.4.jar;C:\Users\hp\.m2\repository\com\zaxxer\HikariCP\5.0.1\HikariCP-5.0.1.jar;C:\Users\hp\.m2\repository\org\springframework\spring-jdbc\6.1.5\spring-jdbc-6.1.5.jar;C:\Users\hp\.m2\repository\org\hibernate\orm\hibernate-core\6.4.4.Final\hibernate-core-6.4.4.Final.jar;C:\Users\hp\.m2\repository\jakarta\persistence\jakarta.persistence-api\3.1.0\jakarta.persistence-api-3.1.0.jar;C:\Users\hp\.m2\repository\jakarta\transaction\jakarta.transaction-api\2.0.1\jakarta.transaction-api-2.0.1.jar;C:\Users\hp\.m2\repository\org\jboss\logging\jboss-logging\3.5.3.Final\jboss-logging-3.5.3.Final.jar;C:\Users\hp\.m2\repository\org\hibernate\common\hibernate-commons-annotations\6.0.6.Final\hibernate-commons-annotations-6.0.6.Final.jar;C:\Users\hp\.m2\repository\io\smallrye\jandex\3.1.2\jandex-3.1.2.jar;C:\Users\hp\.m2\repository\com\fasterxml\classmate\1.6.0\classmate-1.6.0.jar;C:\Users\hp\.m2\repository\net\bytebuddy\byte-buddy\1.14.12\byte-buddy-1.14.12.jar;C:\Users\hp\.m2\repository\org\glassfish\jaxb\jaxb-runtime\4.0.5\jaxb-runtime-4.0.5.jar;C:\Users\hp\.m2\repository\org\glassfish\jaxb\jaxb-core\4.0.5\jaxb-core-4.0.5.jar;C:\Users\hp\.m2\repository\org\eclipse\angus\angus-activation\2.0.2\angus-activation-2.0.2.jar;C:\Users\hp\.m2\repository\org\glassfish\jaxb\txw2\4.0.5\txw2-4.0.5.jar;C:\Users\hp\.m2\repository\com\sun\istack\istack-commons-runtime\4.1.2\istack-commons-runtime-4.1.2.jar;C
Launcher Type: SUN_STANDARD

[Global flags]
     intx CICompilerCount                          = 3                                         {product} {ergonomic}
     uint ConcGCThreads                            = 1                                         {product} {ergonomic}
     uint G1ConcRefinementThreads                  = 4                                         {product} {ergonomic}
   size_t G1HeapRegionSize                         = 1048576                                   {product} {ergonomic}
    uintx GCDrainStackTargetSize                   = 64                                        {product} {ergonomic}
   size_t InitialHeapSize                          = 134217728                                 {product} {ergonomic}
   size_t MarkStackSize                            = 4194304                                   {product} {ergonomic}
   size_t MaxHeapSize                              = 2118123520                                {product} {ergonomic}
   size_t MaxNewSize                               = 1270874112                                {product} {ergonomic}
   size_t MinHeapDeltaBytes                        = 1048576                                   {product} {ergonomic}
   size_t MinHeapSize                              = 8388608                                   {product} {ergonomic}
    uintx NonNMethodCodeHeapSize                   = 5832780                                {pd product} {ergonomic}
    uintx NonProfiledCodeHeapSize                  = 122912730                              {pd product} {ergonomic}
    uintx ProfiledCodeHeapSize                     = 122912730                              {pd product} {ergonomic}
    uintx ReservedCodeCacheSize                    = 251658240                              {pd product} {ergonomic}
     bool SegmentedCodeCache                       = true                                      {product} {ergonomic}
   size_t SoftMaxHeapSize                          = 2118123520                             {manageable} {ergonomic}
     bool UseCompressedClassPointers               = true                           {product lp64_product} {ergonomic}
     bool UseCompressedOops                        = true                           {product lp64_product} {ergonomic}
     bool UseG1GC                                  = true                                      {product} {ergonomic}
     bool UseLargePagesIndividualAllocation        = false                                  {pd product} {ergonomic}

Logging:
Log output configuration:
 #0: stdout all=warning uptime,level,tags
 #1: stderr all=off uptime,level,tags

Environment Variables:
PATH=C:\Program Files\Common Files\Oracle\Java\javapath;C:\Users\hp\Desktop\ORACLE\bin;C:\Program Files (x86)\VMware\VMware Workstation\bin\;C:\Windows\system32;C:\Windows;C:\Windows\System32\Wbem;C:\Windows\System32\WindowsPowerShell\v1.0\;C:\Windows\System32\OpenSSH\;C:\php;C:\ProgramData\ComposerSetup\bin;C:\Program Files\Git\cmd;C:\Program Files\Git\cmd;C:\flutter\bin;C:\Program Files\Git\bin;"C:\Program Files\Git\bin\git.exe;C:\Program Files\Git\cmd;C:\Windows\System32";C:\Windows\System32;C:\Program Files\nodejs\;C:\Users\hp\AppData\Local\Programs\Python\Launcher\;C:\Users\hp\AppData\Local\Microsoft\WindowsApps;C:\Users\hp\AppData\Local\Programs\Microsoft VS Code\bin;C:\Users\hp\AppData\Local\GitHubDesktop\bin;C:\Users\hp\AppData\Roaming\Composer\vendor\bin;C:\flutter\bin;C:\Program Files\Git\bin\git.exe;C:\Users\hp\AppData\Roaming\npm
USERNAME=hp
OS=Windows_NT
PROCESSOR_IDENTIFIER=Intel64 Family 6 Model 78 Stepping 3, GenuineIntel
TMP=C:\Users\hp\AppData\Local\Temp
TEMP=C:\Users\hp\AppData\Local\Temp



Periodic native trim disabled


---------------  S Y S T E M  ---------------

OS:
 Windows 10 , 64 bit Build 19041 (10.0.19041.3636)
OS uptime: 0 days 8:13 hours

CPU: total 4 (initial active 4) (2 cores per cpu, 2 threads per core) family 6 model 78 stepping 3 microcode 0xcc, cx8, cmov, fxsr, ht, mmx, 3dnowpref, sse, sse2, sse3, ssse3, sse4.1, sse4.2, popcnt, lzcnt, tsc, tscinvbit, avx, avx2, aes, erms, clmul, bmi1, bmi2, adx, fma, vzeroupper, clflush, clflushopt
Processor Information for processor 0
  Max Mhz: 2400, Current Mhz: 1500, Mhz Limit: 2280
Processor Information for processor 1
  Max Mhz: 2400, Current Mhz: 1500, Mhz Limit: 2280
Processor Information for processor 2
  Max Mhz: 2400, Current Mhz: 2300, Mhz Limit: 2280
Processor Information for processor 3
  Max Mhz: 2400, Current Mhz: 1500, Mhz Limit: 2280

Memory: 4k page, system-wide physical 8072M (891M free)
TotalPageFile size 8072M (AvailPageFile size 4M)
current process WorkingSet (physical memory assigned to process): 107M, peak: 107M
current process commit charge ("private bytes"): 241M, peak: 242M

vm_info: OpenJDK 64-Bit Server VM (17.0.10+7-LTS) for windows-amd64 JRE (17.0.10+7-LTS), built on Jan 10 2024 22:11:07 by "Administrator" with MS VC++ 16.10 / 16.11 (VS2019)

END.
