#
# There is insufficient memory for the Java Runtime Environment to continue.
# Native memory allocation (malloc) failed to allocate 1528496 bytes for Chunk::new
# Possible reasons:
#   The system is out of physical RAM or swap space
#   The process is running with CompressedOops enabled, and the Java Heap may be blocking the growth of the native heap
# Possible solutions:
#   Reduce memory load on the system
#   Increase physical memory or swap space
#   Check if swap backing store is full
#   Decrease Java heap size (-Xmx/-Xms)
#   Decrease number of Java threads
#   Decrease Java thread stack sizes (-Xss)
#   Set larger code cache with -XX:ReservedCodeCacheSize=
#   JVM is running with Unscaled Compressed Oops mode in which the Java heap is
#     placed in the first 4GB address space. The Java Heap base address is the
#     maximum limit for the native heap growth. Please use -XX:HeapBaseMinAddress
#     to set the Java Heap base and to place the Java Heap above 4GB virtual address.
# This output file may be truncated or incomplete.
#
#  Out of Memory Error (arena.cpp:191), pid=12988, tid=10608
#
# JRE version: OpenJDK Runtime Environment Corretto-17.0.10.7.1 (17.0.10+7) (build 17.0.10+7-LTS)
# Java VM: OpenJDK 64-Bit Server VM Corretto-17.0.10.7.1 (17.0.10+7-LTS, mixed mode, sharing, tiered, compressed oops, compressed class ptrs, g1 gc, windows-amd64)
# No core dump will be written. Minidumps are not enabled by default on client versions of Windows
#

---------------  S U M M A R Y ------------

Command Line: -javaagent:C:\Program Files\JetBrains\IntelliJ IDEA Community Edition 2024.1\lib\idea_rt.jar=53482:C:\Program Files\JetBrains\IntelliJ IDEA Community Edition 2024.1\bin -Dfile.encoding=UTF-8 com.example.demo.DemoApplication

Host: Intel(R) Core(TM) i5-6200U CPU @ 2.30GHz, 4 cores, 7G,  Windows 10 , 64 bit Build 19041 (10.0.19041.3636)
Time: Tue Apr 23 15:00:37 2024 E. Africa Standard Time elapsed time: 9.506695 seconds (0d 0h 0m 9s)

---------------  T H R E A D  ---------------

Current thread (0x000001ddff5ec530):  JavaThread "C2 CompilerThread0" daemon [_thread_in_native, id=10608, stack(0x0000007557900000,0x0000007557a00000)]


Current CompileTask:
C2:   9506 4587   !   4       org.springframework.core.annotation.AnnotationsScanner::processClassHierarchy (234 bytes)

Stack: [0x0000007557900000,0x0000007557a00000]
Native frames: (J=compiled Java code, j=interpreted, Vv=VM code, C=native code)
V  [jvm.dll+0x67d2c9]
V  [jvm.dll+0x834b1a]
V  [jvm.dll+0x8365de]
V  [jvm.dll+0x836c43]
V  [jvm.dll+0x2477ff]
V  [jvm.dll+0xac514]
V  [jvm.dll+0xacb5c]
V  [jvm.dll+0x366782]
V  [jvm.dll+0x330bfa]
V  [jvm.dll+0x33009a]
V  [jvm.dll+0x219ef1]
V  [jvm.dll+0x219311]
V  [jvm.dll+0x1a502d]
V  [jvm.dll+0x2290de]
V  [jvm.dll+0x2272ac]
V  [jvm.dll+0x7e9bd7]
V  [jvm.dll+0x7e3fda]
V  [jvm.dll+0x67c1b5]
C  [ucrtbase.dll+0x21bb2]
C  [KERNEL32.DLL+0x17344]
C  [ntdll.dll+0x526b1]


---------------  P R O C E S S  ---------------

Threads class SMR info:
_java_thread_list=0x000001ddcada94d0, length=20, elements={
0x000001dde5a7c9a0, 0x000001ddff5d69b0, 0x000001ddff5d7fd0, 0x000001ddff5e7740,
0x000001ddff5e8300, 0x000001ddff5eadd0, 0x000001ddff5eb790, 0x000001ddff5ec530,
0x000001ddff5f4010, 0x000001ddff5f4a10, 0x000001ddc918e820, 0x000001ddc94f66a0,
0x000001ddc9300d30, 0x000001ddccdf95e0, 0x000001ddcbac73e0, 0x000001ddccda8e50,
0x000001ddcc155eb0, 0x000001ddcc157d10, 0x000001ddcc1559a0, 0x000001ddca7e55c0
}

Java Threads: ( => current thread )
  0x000001dde5a7c9a0 JavaThread "main" [_thread_blocked, id=12332, stack(0x0000007556c00000,0x0000007556d00000)]
  0x000001ddff5d69b0 JavaThread "Reference Handler" daemon [_thread_blocked, id=6992, stack(0x0000007557300000,0x0000007557400000)]
  0x000001ddff5d7fd0 JavaThread "Finalizer" daemon [_thread_blocked, id=9696, stack(0x0000007557400000,0x0000007557500000)]
  0x000001ddff5e7740 JavaThread "Signal Dispatcher" daemon [_thread_blocked, id=12668, stack(0x0000007557500000,0x0000007557600000)]
  0x000001ddff5e8300 JavaThread "Attach Listener" daemon [_thread_blocked, id=8572, stack(0x0000007557600000,0x0000007557700000)]
  0x000001ddff5eadd0 JavaThread "Service Thread" daemon [_thread_blocked, id=7540, stack(0x0000007557700000,0x0000007557800000)]
  0x000001ddff5eb790 JavaThread "Monitor Deflation Thread" daemon [_thread_blocked, id=12132, stack(0x0000007557800000,0x0000007557900000)]
=>0x000001ddff5ec530 JavaThread "C2 CompilerThread0" daemon [_thread_in_native, id=10608, stack(0x0000007557900000,0x0000007557a00000)]
  0x000001ddff5f4010 JavaThread "C1 CompilerThread0" daemon [_thread_blocked, id=8592, stack(0x0000007557a00000,0x0000007557b00000)]
  0x000001ddff5f4a10 JavaThread "Sweeper thread" daemon [_thread_blocked, id=1264, stack(0x0000007557b00000,0x0000007557c00000)]
  0x000001ddc918e820 JavaThread "Common-Cleaner" daemon [_thread_blocked, id=12364, stack(0x0000007557c00000,0x0000007557d00000)]
  0x000001ddc94f66a0 JavaThread "Monitor Ctrl-Break" daemon [_thread_in_native, id=3468, stack(0x0000007557e00000,0x0000007557f00000)]
  0x000001ddc9300d30 JavaThread "Notification Thread" daemon [_thread_blocked, id=9844, stack(0x0000007557f00000,0x0000007558000000)]
  0x000001ddccdf95e0 JavaThread "Catalina-utility-1" [_thread_blocked, id=3712, stack(0x0000007558500000,0x0000007558600000)]
  0x000001ddcbac73e0 JavaThread "Catalina-utility-2" [_thread_blocked, id=6216, stack(0x0000007558600000,0x0000007558700000)]
  0x000001ddccda8e50 JavaThread "container-0" [_thread_blocked, id=12384, stack(0x0000007558700000,0x0000007558800000)]
  0x000001ddcc155eb0 JavaThread "mysql-cj-abandoned-connection-cleanup" daemon [_thread_blocked, id=7928, stack(0x0000007558800000,0x0000007558900000)]
  0x000001ddcc157d10 JavaThread "HikariPool-1 housekeeper" daemon [_thread_blocked, id=9380, stack(0x0000007558a00000,0x0000007558b00000)]
  0x000001ddcc1559a0 JavaThread "HikariPool-1 connection adder" daemon [_thread_blocked, id=10564, stack(0x0000007558b00000,0x0000007558c00000)]
  0x000001ddca7e55c0 JavaThread "C2 CompilerThread1" daemon [_thread_in_native, id=9212, stack(0x0000007557d00000,0x0000007557e00000)]

Other Threads:
  0x000001ddff5d0940 VMThread "VM Thread" [stack: 0x0000007557200000,0x0000007557300000] [id=6956] _threads_hazard_ptr=0x000001ddcada94d0
  0x000001ddc954ddb0 WatcherThread [stack: 0x0000007558000000,0x0000007558100000] [id=10168]
  0x000001dde5ad5240 GCTaskThread "GC Thread#0" [stack: 0x0000007556d00000,0x0000007556e00000] [id=10748]
  0x000001ddc9a23020 GCTaskThread "GC Thread#1" [stack: 0x0000007558100000,0x0000007558200000] [id=5752]
  0x000001ddc9a2a2e0 GCTaskThread "GC Thread#2" [stack: 0x0000007558200000,0x0000007558300000] [id=1612]
  0x000001ddc99eab10 GCTaskThread "GC Thread#3" [stack: 0x0000007558300000,0x0000007558400000] [id=2468]
  0x000001dde5ae1ee0 ConcurrentGCThread "G1 Main Marker" [stack: 0x0000007556e00000,0x0000007556f00000] [id=5408]
  0x000001dde5ae2900 ConcurrentGCThread "G1 Conc#0" [stack: 0x0000007556f00000,0x0000007557000000] [id=12324]
  0x000001dde5b26ae0 ConcurrentGCThread "G1 Refine#0" [stack: 0x0000007557000000,0x0000007557100000] [id=8716]
  0x000001ddcb647af0 ConcurrentGCThread "G1 Refine#1" [stack: 0x0000007558400000,0x0000007558500000] [id=13024]
  0x000001ddff492a10 ConcurrentGCThread "G1 Service" [stack: 0x0000007557100000,0x0000007557200000] [id=12040]

Threads with active compile tasks:
C2 CompilerThread0     9549 4587   !   4       org.springframework.core.annotation.AnnotationsScanner::processClassHierarchy (234 bytes)
C2 CompilerThread1     9549 4571       4       org.springframework.core.annotation.TypeMappedAnnotations::get (52 bytes)

VM state: synchronizing (normal execution)

VM Mutex/Monitor currently owned by a thread:  ([mutex/lock_event])
[0x000001dde5a78ef0] Threads_lock - owner thread: 0x000001ddff5d0940

Heap address: 0x0000000081c00000, size: 2020 MB, Compressed Oops mode: 32-bit

CDS archive(s) mapped at: [0x000001dd84000000-0x000001dd84bb0000-0x000001dd84bb0000), size 12255232, SharedBaseAddress: 0x000001dd84000000, ArchiveRelocationMode: 1.
Compressed class space mapped at: 0x000001dd85000000-0x000001ddc5000000, reserved size: 1073741824
Narrow klass base: 0x000001dd84000000, Narrow klass shift: 0, Narrow klass range: 0x100000000

GC Precious Log:
 CPUs: 4 total, 4 available
 Memory: 8072M
 Large Page Support: Disabled
 NUMA Support: Disabled
 Compressed Oops: Enabled (32-bit)
 Heap Region Size: 1M
 Heap Min Capacity: 8M
 Heap Initial Capacity: 128M
 Heap Max Capacity: 2020M
 Pre-touch: Disabled
 Parallel Workers: 4
 Concurrent Workers: 1
 Concurrent Refinement Workers: 4
 Periodic GC: Disabled

Heap:
 garbage-first heap   total 92160K, used 49630K [0x0000000081c00000, 0x0000000100000000)
  region size 1024K, 30 young (30720K), 1 survivors (1024K)
 Metaspace       used 52851K, committed 53376K, reserved 1114112K
  class space    used 7131K, committed 7360K, reserved 1048576K

Heap Regions: E=young(eden), S=young(survivor), O=old, HS=humongous(starts), HC=humongous(continues), CS=collection set, F=free, OA=open archive, CA=closed archive, TAMS=top-at-mark-start (previous, next)
|   0|0x0000000081c00000, 0x0000000081d00000, 0x0000000081d00000|100%|HS|  |TAMS 0x0000000081d00000, 0x0000000081c00000| Complete 
|   1|0x0000000081d00000, 0x0000000081e00000, 0x0000000081e00000|100%| O|  |TAMS 0x0000000081e00000, 0x0000000081d00000| Untracked 
|   2|0x0000000081e00000, 0x0000000081f00000, 0x0000000081f00000|100%| O|  |TAMS 0x0000000081f00000, 0x0000000081e00000| Untracked 
|   3|0x0000000081f00000, 0x0000000082000000, 0x0000000082000000|100%| O|  |TAMS 0x0000000082000000, 0x0000000081f00000| Untracked 
|   4|0x0000000082000000, 0x0000000082100000, 0x0000000082100000|100%| O|  |TAMS 0x0000000082100000, 0x0000000082000000| Untracked 
|   5|0x0000000082100000, 0x0000000082200000, 0x0000000082200000|100%| O|  |TAMS 0x0000000082100000, 0x0000000082100000| Untracked 
|   6|0x0000000082200000, 0x0000000082300000, 0x0000000082300000|100%| O|  |TAMS 0x0000000082300000, 0x0000000082200000| Untracked 
|   7|0x0000000082300000, 0x0000000082400000, 0x0000000082400000|100%| O|  |TAMS 0x0000000082400000, 0x0000000082300000| Untracked 
|   8|0x0000000082400000, 0x0000000082500000, 0x0000000082500000|100%| O|  |TAMS 0x0000000082500000, 0x0000000082400000| Untracked 
|   9|0x0000000082500000, 0x0000000082600000, 0x0000000082600000|100%| O|  |TAMS 0x0000000082600000, 0x0000000082500000| Untracked 
|  10|0x0000000082600000, 0x0000000082700000, 0x0000000082700000|100%| O|  |TAMS 0x0000000082700000, 0x0000000082600000| Untracked 
|  11|0x0000000082700000, 0x0000000082800000, 0x0000000082800000|100%| O|  |TAMS 0x0000000082800000, 0x0000000082700000| Untracked 
|  12|0x0000000082800000, 0x0000000082900000, 0x0000000082900000|100%| O|  |TAMS 0x0000000082900000, 0x0000000082800000| Untracked 
|  13|0x0000000082900000, 0x0000000082a00000, 0x0000000082a00000|100%| O|  |TAMS 0x0000000082a00000, 0x0000000082900000| Untracked 
|  14|0x0000000082a00000, 0x0000000082b00000, 0x0000000082b00000|100%| O|  |TAMS 0x0000000082b00000, 0x0000000082a00000| Untracked 
|  15|0x0000000082b00000, 0x0000000082b00000, 0x0000000082c00000|  0%| F|  |TAMS 0x0000000082b00000, 0x0000000082b00000| Untracked 
|  16|0x0000000082c00000, 0x0000000082d00000, 0x0000000082d00000|100%| O|  |TAMS 0x0000000082c00000, 0x0000000082c00000| Untracked 
|  17|0x0000000082d00000, 0x0000000082e00000, 0x0000000082e00000|100%| O|  |TAMS 0x0000000082d00000, 0x0000000082d00000| Untracked 
|  18|0x0000000082e00000, 0x0000000082f00000, 0x0000000082f00000|100%| O|  |TAMS 0x0000000082e00000, 0x0000000082e00000| Untracked 
|  19|0x0000000082f00000, 0x0000000083000000, 0x0000000083000000|100%| O|  |TAMS 0x0000000082f00000, 0x0000000082f00000| Untracked 
|  20|0x0000000083000000, 0x000000008308fc00, 0x0000000083100000| 56%| O|  |TAMS 0x0000000083000000, 0x0000000083000000| Untracked 
|  21|0x0000000083100000, 0x0000000083100000, 0x0000000083200000|  0%| F|  |TAMS 0x0000000083100000, 0x0000000083100000| Untracked 
|  22|0x0000000083200000, 0x0000000083200000, 0x0000000083300000|  0%| F|  |TAMS 0x0000000083200000, 0x0000000083200000| Untracked 
|  23|0x0000000083300000, 0x0000000083300000, 0x0000000083400000|  0%| F|  |TAMS 0x0000000083300000, 0x0000000083300000| Untracked 
|  24|0x0000000083400000, 0x0000000083400000, 0x0000000083500000|  0%| F|  |TAMS 0x0000000083400000, 0x0000000083400000| Untracked 
|  25|0x0000000083500000, 0x0000000083500000, 0x0000000083600000|  0%| F|  |TAMS 0x0000000083500000, 0x0000000083500000| Untracked 
|  26|0x0000000083600000, 0x0000000083600000, 0x0000000083700000|  0%| F|  |TAMS 0x0000000083600000, 0x0000000083600000| Untracked 
|  27|0x0000000083700000, 0x0000000083700000, 0x0000000083800000|  0%| F|  |TAMS 0x0000000083700000, 0x0000000083700000| Untracked 
|  28|0x0000000083800000, 0x0000000083800000, 0x0000000083900000|  0%| F|  |TAMS 0x0000000083800000, 0x0000000083800000| Untracked 
|  29|0x0000000083900000, 0x0000000083900000, 0x0000000083a00000|  0%| F|  |TAMS 0x0000000083900000, 0x0000000083900000| Untracked 
|  30|0x0000000083a00000, 0x0000000083a00000, 0x0000000083b00000|  0%| F|  |TAMS 0x0000000083a00000, 0x0000000083a00000| Untracked 
|  31|0x0000000083b00000, 0x0000000083be7c80, 0x0000000083c00000| 90%| S|CS|TAMS 0x0000000083b00000, 0x0000000083b00000| Complete 
|  32|0x0000000083c00000, 0x0000000083c00000, 0x0000000083d00000|  0%| F|  |TAMS 0x0000000083c00000, 0x0000000083c00000| Untracked 
|  33|0x0000000083d00000, 0x0000000083d00000, 0x0000000083e00000|  0%| F|  |TAMS 0x0000000083d00000, 0x0000000083d00000| Untracked 
|  34|0x0000000083e00000, 0x0000000083e00000, 0x0000000083f00000|  0%| F|  |TAMS 0x0000000083e00000, 0x0000000083e00000| Untracked 
|  35|0x0000000083f00000, 0x0000000083f00000, 0x0000000084000000|  0%| F|  |TAMS 0x0000000083f00000, 0x0000000083f00000| Untracked 
|  36|0x0000000084000000, 0x0000000084000000, 0x0000000084100000|  0%| F|  |TAMS 0x0000000084000000, 0x0000000084000000| Untracked 
|  37|0x0000000084100000, 0x0000000084100000, 0x0000000084200000|  0%| F|  |TAMS 0x0000000084100000, 0x0000000084100000| Untracked 
|  38|0x0000000084200000, 0x0000000084200000, 0x0000000084300000|  0%| F|  |TAMS 0x0000000084200000, 0x0000000084200000| Untracked 
|  39|0x0000000084300000, 0x0000000084300000, 0x0000000084400000|  0%| F|  |TAMS 0x0000000084300000, 0x0000000084300000| Untracked 
|  40|0x0000000084400000, 0x0000000084400000, 0x0000000084500000|  0%| F|  |TAMS 0x0000000084400000, 0x0000000084400000| Untracked 
|  41|0x0000000084500000, 0x0000000084500000, 0x0000000084600000|  0%| F|  |TAMS 0x0000000084500000, 0x0000000084500000| Untracked 
|  42|0x0000000084600000, 0x0000000084600000, 0x0000000084700000|  0%| F|  |TAMS 0x0000000084600000, 0x0000000084600000| Untracked 
|  43|0x0000000084700000, 0x0000000084700000, 0x0000000084800000|  0%| F|  |TAMS 0x0000000084700000, 0x0000000084700000| Untracked 
|  44|0x0000000084800000, 0x0000000084800000, 0x0000000084900000|  0%| F|  |TAMS 0x0000000084800000, 0x0000000084800000| Untracked 
|  45|0x0000000084900000, 0x0000000084900000, 0x0000000084a00000|  0%| F|  |TAMS 0x0000000084900000, 0x0000000084900000| Untracked 
|  46|0x0000000084a00000, 0x0000000084a00000, 0x0000000084b00000|  0%| F|  |TAMS 0x0000000084a00000, 0x0000000084a00000| Untracked 
|  47|0x0000000084b00000, 0x0000000084b00000, 0x0000000084c00000|  0%| F|  |TAMS 0x0000000084b00000, 0x0000000084b00000| Untracked 
|  48|0x0000000084c00000, 0x0000000084c00000, 0x0000000084d00000|  0%| F|  |TAMS 0x0000000084c00000, 0x0000000084c00000| Untracked 
|  49|0x0000000084d00000, 0x0000000084d00000, 0x0000000084e00000|  0%| F|  |TAMS 0x0000000084d00000, 0x0000000084d00000| Untracked 
|  50|0x0000000084e00000, 0x0000000084e00000, 0x0000000084f00000|  0%| F|  |TAMS 0x0000000084e00000, 0x0000000084e00000| Untracked 
|  51|0x0000000084f00000, 0x0000000084f00000, 0x0000000085000000|  0%| F|  |TAMS 0x0000000084f00000, 0x0000000084f00000| Untracked 
|  52|0x0000000085000000, 0x0000000085000000, 0x0000000085100000|  0%| F|  |TAMS 0x0000000085000000, 0x0000000085000000| Untracked 
|  53|0x0000000085100000, 0x0000000085100000, 0x0000000085200000|  0%| F|  |TAMS 0x0000000085100000, 0x0000000085100000| Untracked 
|  54|0x0000000085200000, 0x0000000085200000, 0x0000000085300000|  0%| F|  |TAMS 0x0000000085200000, 0x0000000085200000| Untracked 
|  55|0x0000000085300000, 0x0000000085300000, 0x0000000085400000|  0%| F|  |TAMS 0x0000000085300000, 0x0000000085300000| Untracked 
|  56|0x0000000085400000, 0x0000000085400000, 0x0000000085500000|  0%| F|  |TAMS 0x0000000085400000, 0x0000000085400000| Untracked 
|  57|0x0000000085500000, 0x0000000085500000, 0x0000000085600000|  0%| F|  |TAMS 0x0000000085500000, 0x0000000085500000| Untracked 
|  58|0x0000000085600000, 0x0000000085600000, 0x0000000085700000|  0%| F|  |TAMS 0x0000000085600000, 0x0000000085600000| Untracked 
|  59|0x0000000085700000, 0x0000000085700000, 0x0000000085800000|  0%| F|  |TAMS 0x0000000085700000, 0x0000000085700000| Untracked 
|  60|0x0000000085800000, 0x0000000085800000, 0x0000000085900000|  0%| F|  |TAMS 0x0000000085800000, 0x0000000085800000| Untracked 
|  61|0x0000000085900000, 0x0000000085980800, 0x0000000085a00000| 50%| E|  |TAMS 0x0000000085900000, 0x0000000085900000| Complete 
|  62|0x0000000085a00000, 0x0000000085b00000, 0x0000000085b00000|100%| E|CS|TAMS 0x0000000085a00000, 0x0000000085a00000| Complete 
|  63|0x0000000085b00000, 0x0000000085c00000, 0x0000000085c00000|100%| E|CS|TAMS 0x0000000085b00000, 0x0000000085b00000| Complete 
|  64|0x0000000085c00000, 0x0000000085d00000, 0x0000000085d00000|100%| E|CS|TAMS 0x0000000085c00000, 0x0000000085c00000| Complete 
|  65|0x0000000085d00000, 0x0000000085e00000, 0x0000000085e00000|100%| E|CS|TAMS 0x0000000085d00000, 0x0000000085d00000| Complete 
|  66|0x0000000085e00000, 0x0000000085f00000, 0x0000000085f00000|100%| E|CS|TAMS 0x0000000085e00000, 0x0000000085e00000| Complete 
|  67|0x0000000085f00000, 0x0000000086000000, 0x0000000086000000|100%| E|CS|TAMS 0x0000000085f00000, 0x0000000085f00000| Complete 
|  68|0x0000000086000000, 0x0000000086100000, 0x0000000086100000|100%| E|CS|TAMS 0x0000000086000000, 0x0000000086000000| Complete 
|  69|0x0000000086100000, 0x0000000086200000, 0x0000000086200000|100%| E|CS|TAMS 0x0000000086100000, 0x0000000086100000| Complete 
|  70|0x0000000086200000, 0x0000000086300000, 0x0000000086300000|100%| E|CS|TAMS 0x0000000086200000, 0x0000000086200000| Complete 
|  71|0x0000000086300000, 0x0000000086400000, 0x0000000086400000|100%| E|CS|TAMS 0x0000000086300000, 0x0000000086300000| Complete 
|  72|0x0000000086400000, 0x0000000086500000, 0x0000000086500000|100%| E|CS|TAMS 0x0000000086400000, 0x0000000086400000| Complete 
|  73|0x0000000086500000, 0x0000000086600000, 0x0000000086600000|100%| E|CS|TAMS 0x0000000086500000, 0x0000000086500000| Complete 
|  74|0x0000000086600000, 0x0000000086700000, 0x0000000086700000|100%| E|CS|TAMS 0x0000000086600000, 0x0000000086600000| Complete 
|  75|0x0000000086700000, 0x0000000086800000, 0x0000000086800000|100%| E|CS|TAMS 0x0000000086700000, 0x0000000086700000| Complete 
|  76|0x0000000086800000, 0x0000000086900000, 0x0000000086900000|100%| E|CS|TAMS 0x0000000086800000, 0x0000000086800000| Complete 
|  77|0x0000000086900000, 0x0000000086a00000, 0x0000000086a00000|100%| E|CS|TAMS 0x0000000086900000, 0x0000000086900000| Complete 
|  78|0x0000000086a00000, 0x0000000086b00000, 0x0000000086b00000|100%| E|CS|TAMS 0x0000000086a00000, 0x0000000086a00000| Complete 
|  79|0x0000000086b00000, 0x0000000086c00000, 0x0000000086c00000|100%| E|CS|TAMS 0x0000000086b00000, 0x0000000086b00000| Complete 
|  80|0x0000000086c00000, 0x0000000086d00000, 0x0000000086d00000|100%| E|CS|TAMS 0x0000000086c00000, 0x0000000086c00000| Complete 
|  81|0x0000000086d00000, 0x0000000086e00000, 0x0000000086e00000|100%| E|CS|TAMS 0x0000000086d00000, 0x0000000086d00000| Complete 
|  82|0x0000000086e00000, 0x0000000086f00000, 0x0000000086f00000|100%| E|CS|TAMS 0x0000000086e00000, 0x0000000086e00000| Complete 
|  83|0x0000000086f00000, 0x0000000087000000, 0x0000000087000000|100%| E|CS|TAMS 0x0000000086f00000, 0x0000000086f00000| Complete 
|  84|0x0000000087000000, 0x0000000087100000, 0x0000000087100000|100%| E|CS|TAMS 0x0000000087000000, 0x0000000087000000| Complete 
|  85|0x0000000087100000, 0x0000000087200000, 0x0000000087200000|100%| E|CS|TAMS 0x0000000087100000, 0x0000000087100000| Complete 
|  86|0x0000000087200000, 0x0000000087300000, 0x0000000087300000|100%| E|CS|TAMS 0x0000000087200000, 0x0000000087200000| Complete 
|  87|0x0000000087300000, 0x0000000087400000, 0x0000000087400000|100%| E|CS|TAMS 0x0000000087300000, 0x0000000087300000| Complete 
|  88|0x0000000087400000, 0x0000000087500000, 0x0000000087500000|100%| E|CS|TAMS 0x0000000087400000, 0x0000000087400000| Complete 
| 127|0x0000000089b00000, 0x0000000089c00000, 0x0000000089c00000|100%| E|CS|TAMS 0x0000000089b00000, 0x0000000089b00000| Complete 

Card table byte_map: [0x000001ddfc990000,0x000001ddfcd90000] _byte_map_base: 0x000001ddfc582000

Marking Bits (Prev, Next): (CMBitMap*) 0x000001dde5ad5860, (CMBitMap*) 0x000001dde5ad58a0
 Prev Bits: [0x000001ddfd190000, 0x000001ddff120000)
 Next Bits: [0x000001dd80000000, 0x000001dd81f90000)

Polling page: 0x000001dde3be0000

Metaspace:

Usage:
  Non-class:     44.72 MB used.
      Class:      6.96 MB used.
       Both:     51.69 MB used.

Virtual space:
  Non-class space:       64.00 MB reserved,      45.00 MB ( 70%) committed,  1 nodes.
      Class space:        1.00 GB reserved,       7.19 MB ( <1%) committed,  1 nodes.
             Both:        1.06 GB reserved,      52.19 MB (  5%) committed. 

Chunk freelists:
   Non-Class:  2.22 MB
       Class:  8.81 MB
        Both:  11.03 MB

MaxMetaspaceSize: unlimited
CompressedClassSpaceSize: 1.00 GB
Initial GC threshold: 21.00 MB
Current GC threshold: 59.19 MB
CDS: on
MetaspaceReclaimPolicy: balanced
 - commit_granule_bytes: 65536.
 - commit_granule_words: 8192.
 - virtual_space_node_default_size: 8388608.
 - enlarge_chunks_in_place: 1.
 - new_chunks_are_fully_committed: 0.
 - uncommit_free_chunks: 1.
 - use_allocation_guard: 0.
 - handle_deallocations: 1.


Internal statistics:

num_allocs_failed_limit: 6.
num_arena_births: 656.
num_arena_deaths: 0.
num_vsnodes_births: 2.
num_vsnodes_deaths: 0.
num_space_committed: 835.
num_space_uncommitted: 0.
num_chunks_returned_to_freelist: 6.
num_chunks_taken_from_freelist: 2556.
num_chunk_merges: 6.
num_chunk_splits: 1840.
num_chunks_enlarged: 1438.
num_inconsistent_stats: 0.

CodeHeap 'non-profiled nmethods': size=120000Kb used=2805Kb max_used=2805Kb free=117194Kb
 bounds [0x000001ddf5060000, 0x000001ddf5320000, 0x000001ddfc590000]
CodeHeap 'profiled nmethods': size=120000Kb used=9400Kb max_used=9400Kb free=110599Kb
 bounds [0x000001dded590000, 0x000001ddedec0000, 0x000001ddf4ac0000]
CodeHeap 'non-nmethods': size=5760Kb used=1303Kb max_used=1355Kb free=4456Kb
 bounds [0x000001ddf4ac0000, 0x000001ddf4d30000, 0x000001ddf5060000]
 total_blobs=5225 nmethods=4592 adapters=545
 compilation: enabled
              stopped_count=0, restarted_count=0
 full_count=0

Compilation events (20 events):
Event: 9.162 Thread 0x000001ddca7e55c0 nmethod 4544 0x000001ddf531c190 code [0x000001ddf531c320, 0x000001ddf531c6c8]
Event: 9.162 Thread 0x000001ddca7e55c0 4546       4       org.springframework.core.annotation.TypeMappedAnnotations$MergedAnnotationFinder::doWithAnnotations (10 bytes)
Event: 9.163 Thread 0x000001ddca7e55c0 nmethod 4546 0x000001ddf531ca10 code [0x000001ddf531cba0, 0x000001ddf531cc48]
Event: 9.164 Thread 0x000001ddca7e55c0 4571       4       org.springframework.core.annotation.TypeMappedAnnotations::get (52 bytes)
Event: 9.263 Thread 0x000001ddff5f4010 4598       3       org.springframework.beans.factory.support.AbstractBeanFactory::isPrototypeCurrentlyInCreation (48 bytes)
Event: 9.263 Thread 0x000001ddff5f4010 nmethod 4598 0x000001ddedeb7290 code [0x000001ddedeb7480, 0x000001ddedeb7b28]
Event: 9.279 Thread 0x000001ddff5f4010 4603       3       sun.reflect.generics.parser.SignatureParser::parseZeroOrMoreFormalTypeParameters (19 bytes)
Event: 9.280 Thread 0x000001ddff5f4010 nmethod 4603 0x000001ddedeb7c90 code [0x000001ddedeb7e40, 0x000001ddedeb80b8]
Event: 9.288 Thread 0x000001ddff5f4010 4604       3       sun.reflect.generics.reflectiveObjects.WildcardTypeImpl::getUpperBounds (34 bytes)
Event: 9.289 Thread 0x000001ddff5f4010 nmethod 4604 0x000001ddedeb8190 code [0x000001ddedeb8360, 0x000001ddedeb89d8]
Event: 9.289 Thread 0x000001ddff5f4010 4605       3       sun.reflect.generics.reflectiveObjects.WildcardTypeImpl::getLowerBounds (34 bytes)
Event: 9.290 Thread 0x000001ddff5f4010 nmethod 4605 0x000001ddedeb8b10 code [0x000001ddedeb8ce0, 0x000001ddedeb9358]
Event: 9.300 Thread 0x000001ddff5f4010 4606       3       org.springframework.core.ResolvableType::resolveClass (74 bytes)
Event: 9.300 Thread 0x000001ddff5f4010 nmethod 4606 0x000001ddedeb9490 code [0x000001ddedeb96a0, 0x000001ddedeb9fe8]
Event: 9.305 Thread 0x000001ddff5f4010 4607       1       jdk.internal.reflect.NativeMethodAccessorImpl::setParent (6 bytes)
Event: 9.305 Thread 0x000001ddff5f4010 nmethod 4607 0x000001ddf531d190 code [0x000001ddf531d320, 0x000001ddf531d438]
Event: 9.308 Thread 0x000001ddff5f4010 4608       3       java.lang.reflect.Method::setMethodAccessor (21 bytes)
Event: 9.308 Thread 0x000001ddff5f4010 nmethod 4608 0x000001ddedeba190 code [0x000001ddedeba340, 0x000001ddedeba628]
Event: 9.310 Thread 0x000001ddff5f4010 4609       3       sun.reflect.generics.parser.SignatureParser::parseTypeArgument (135 bytes)
Event: 9.311 Thread 0x000001ddff5f4010 nmethod 4609 0x000001ddedeba710 code [0x000001ddedebaa40, 0x000001ddedebc248]

GC Heap History (20 events):
Event: 1.203 GC heap before
{Heap before GC invocations=1 (full 0):
 garbage-first heap   total 131072K, used 16197K [0x0000000081c00000, 0x0000000100000000)
  region size 1024K, 12 young (12288K), 2 survivors (2048K)
 Metaspace       used 6574K, committed 6784K, reserved 1114112K
  class space    used 772K, committed 896K, reserved 1048576K
}
Event: 1.208 GC heap after
{Heap after GC invocations=2 (full 0):
 garbage-first heap   total 131072K, used 7254K [0x0000000081c00000, 0x0000000100000000)
  region size 1024K, 2 young (2048K), 2 survivors (2048K)
 Metaspace       used 6574K, committed 6784K, reserved 1114112K
  class space    used 772K, committed 896K, reserved 1048576K
}
Event: 1.844 GC heap before
{Heap before GC invocations=2 (full 0):
 garbage-first heap   total 131072K, used 30806K [0x0000000081c00000, 0x0000000100000000)
  region size 1024K, 26 young (26624K), 2 survivors (2048K)
 Metaspace       used 12895K, committed 13120K, reserved 1114112K
  class space    used 1559K, committed 1664K, reserved 1048576K
}
Event: 1.850 GC heap after
{Heap after GC invocations=3 (full 0):
 garbage-first heap   total 131072K, used 9186K [0x0000000081c00000, 0x0000000100000000)
  region size 1024K, 4 young (4096K), 4 survivors (4096K)
 Metaspace       used 12895K, committed 13120K, reserved 1114112K
  class space    used 1559K, committed 1664K, reserved 1048576K
}
Event: 3.564 GC heap before
{Heap before GC invocations=3 (full 0):
 garbage-first heap   total 131072K, used 58338K [0x0000000081c00000, 0x0000000100000000)
  region size 1024K, 54 young (55296K), 4 survivors (4096K)
 Metaspace       used 21320K, committed 21504K, reserved 1114112K
  class space    used 2658K, committed 2752K, reserved 1048576K
}
Event: 3.578 GC heap after
{Heap after GC invocations=4 (full 0):
 garbage-first heap   total 131072K, used 13344K [0x0000000081c00000, 0x0000000100000000)
  region size 1024K, 8 young (8192K), 8 survivors (8192K)
 Metaspace       used 21320K, committed 21504K, reserved 1114112K
  class space    used 2658K, committed 2752K, reserved 1048576K
}
Event: 4.528 GC heap before
{Heap before GC invocations=5 (full 0):
 garbage-first heap   total 51200K, used 35872K [0x0000000081c00000, 0x0000000100000000)
  region size 1024K, 30 young (30720K), 8 survivors (8192K)
 Metaspace       used 26047K, committed 26432K, reserved 1114112K
  class space    used 3332K, committed 3520K, reserved 1048576K
}
Event: 4.552 GC heap after
{Heap after GC invocations=6 (full 0):
 garbage-first heap   total 51200K, used 15857K [0x0000000081c00000, 0x0000000100000000)
  region size 1024K, 3 young (3072K), 3 survivors (3072K)
 Metaspace       used 26047K, committed 26432K, reserved 1114112K
  class space    used 3332K, committed 3520K, reserved 1048576K
}
Event: 4.606 GC heap before
{Heap before GC invocations=6 (full 0):
 garbage-first heap   total 51200K, used 15857K [0x0000000081c00000, 0x0000000100000000)
  region size 1024K, 4 young (4096K), 3 survivors (3072K)
 Metaspace       used 26384K, committed 26752K, reserved 1114112K
  class space    used 3366K, committed 3520K, reserved 1048576K
}
Event: 4.617 GC heap after
{Heap after GC invocations=7 (full 0):
 garbage-first heap   total 51200K, used 16029K [0x0000000081c00000, 0x0000000100000000)
  region size 1024K, 1 young (1024K), 1 survivors (1024K)
 Metaspace       used 26384K, committed 26752K, reserved 1114112K
  class space    used 3366K, committed 3520K, reserved 1048576K
}
Event: 5.392 GC heap before
{Heap before GC invocations=7 (full 0):
 garbage-first heap   total 51200K, used 36509K [0x0000000081c00000, 0x0000000100000000)
  region size 1024K, 21 young (21504K), 1 survivors (1024K)
 Metaspace       used 30775K, committed 31232K, reserved 1114112K
  class space    used 3884K, committed 4096K, reserved 1048576K
}
Event: 5.399 GC heap after
{Heap after GC invocations=8 (full 0):
 garbage-first heap   total 51200K, used 17408K [0x0000000081c00000, 0x0000000100000000)
  region size 1024K, 2 young (2048K), 2 survivors (2048K)
 Metaspace       used 30775K, committed 31232K, reserved 1114112K
  class space    used 3884K, committed 4096K, reserved 1048576K
}
Event: 6.128 GC heap before
{Heap before GC invocations=8 (full 0):
 garbage-first heap   total 51200K, used 33792K [0x0000000081c00000, 0x0000000100000000)
  region size 1024K, 20 young (20480K), 2 survivors (2048K)
 Metaspace       used 35759K, committed 36160K, reserved 1114112K
  class space    used 4515K, committed 4672K, reserved 1048576K
}
Event: 6.133 GC heap after
{Heap after GC invocations=9 (full 0):
 garbage-first heap   total 51200K, used 19363K [0x0000000081c00000, 0x0000000100000000)
  region size 1024K, 2 young (2048K), 2 survivors (2048K)
 Metaspace       used 35759K, committed 36160K, reserved 1114112K
  class space    used 4515K, committed 4672K, reserved 1048576K
}
Event: 6.963 GC heap before
{Heap before GC invocations=10 (full 0):
 garbage-first heap   total 51200K, used 36771K [0x0000000081c00000, 0x0000000100000000)
  region size 1024K, 20 young (20480K), 2 survivors (2048K)
 Metaspace       used 40678K, committed 41152K, reserved 1114112K
  class space    used 5316K, committed 5504K, reserved 1048576K
}
Event: 6.968 GC heap after
{Heap after GC invocations=11 (full 0):
 garbage-first heap   total 51200K, used 20281K [0x0000000081c00000, 0x0000000100000000)
  region size 1024K, 1 young (1024K), 1 survivors (1024K)
 Metaspace       used 40678K, committed 41152K, reserved 1114112K
  class space    used 5316K, committed 5504K, reserved 1048576K
}
Event: 7.015 GC heap before
{Heap before GC invocations=11 (full 0):
 garbage-first heap   total 51200K, used 21305K [0x0000000081c00000, 0x0000000100000000)
  region size 1024K, 2 young (2048K), 1 survivors (1024K)
 Metaspace       used 40949K, committed 41344K, reserved 1114112K
  class space    used 5350K, committed 5504K, reserved 1048576K
}
Event: 7.019 GC heap after
{Heap after GC invocations=12 (full 0):
 garbage-first heap   total 51200K, used 20251K [0x0000000081c00000, 0x0000000100000000)
  region size 1024K, 1 young (1024K), 1 survivors (1024K)
 Metaspace       used 40949K, committed 41344K, reserved 1114112K
  class space    used 5350K, committed 5504K, reserved 1048576K
}
Event: 7.825 GC heap before
{Heap before GC invocations=12 (full 0):
 garbage-first heap   total 51200K, used 36635K [0x0000000081c00000, 0x0000000100000000)
  region size 1024K, 18 young (18432K), 1 survivors (1024K)
 Metaspace       used 46471K, committed 46976K, reserved 1114112K
  class space    used 6144K, committed 6400K, reserved 1048576K
}
Event: 7.828 GC heap after
{Heap after GC invocations=13 (full 0):
 garbage-first heap   total 92160K, used 20958K [0x0000000081c00000, 0x0000000100000000)
  region size 1024K, 1 young (1024K), 1 survivors (1024K)
 Metaspace       used 46471K, committed 46976K, reserved 1114112K
  class space    used 6144K, committed 6400K, reserved 1048576K
}

Dll operation events (14 events):
Event: 0.017 Loaded shared library C:\Users\hp\.jdks\corretto-17.0.10\bin\java.dll
Event: 0.047 Loaded shared library C:\Users\hp\.jdks\corretto-17.0.10\bin\jsvml.dll
Event: 0.214 Loaded shared library C:\Users\hp\.jdks\corretto-17.0.10\bin\zip.dll
Event: 0.218 Loaded shared library C:\Users\hp\.jdks\corretto-17.0.10\bin\instrument.dll
Event: 0.226 Loaded shared library C:\Users\hp\.jdks\corretto-17.0.10\bin\net.dll
Event: 0.229 Loaded shared library C:\Users\hp\.jdks\corretto-17.0.10\bin\nio.dll
Event: 0.232 Loaded shared library C:\Users\hp\.jdks\corretto-17.0.10\bin\zip.dll
Event: 0.350 Loaded shared library C:\Program Files\JetBrains\IntelliJ IDEA Community Edition 2024.1\bin\breakgen64.dll
Event: 0.365 Loaded shared library C:\Users\hp\.jdks\corretto-17.0.10\bin\extnet.dll
Event: 0.420 Loaded shared library C:\Users\hp\.jdks\corretto-17.0.10\bin\jimage.dll
Event: 2.199 Loaded shared library C:\Users\hp\.jdks\corretto-17.0.10\bin\sunmscapi.dll
Event: 4.712 Loaded shared library C:\Users\hp\.jdks\corretto-17.0.10\bin\management.dll
Event: 4.716 Loaded shared library C:\Users\hp\.jdks\corretto-17.0.10\bin\management_ext.dll
Event: 6.243 Loaded shared library C:\Users\hp\.jdks\corretto-17.0.10\bin\verify.dll

Deoptimization events (20 events):
Event: 9.072 Thread 0x000001dde5a7c9a0 Uncommon trap: trap_request=0xffffff45 fr.pc=0x000001ddf51d9ef4 relative=0x00000000000013d4
Event: 9.072 Thread 0x000001dde5a7c9a0 Uncommon trap: reason=unstable_if action=reinterpret pc=0x000001ddf51d9ef4 method=java.util.concurrent.ConcurrentHashMap.putVal(Ljava/lang/Object;Ljava/lang/Object;Z)Ljava/lang/Object; @ 401 c2
Event: 9.072 Thread 0x000001dde5a7c9a0 DEOPT PACKING pc=0x000001ddf51d9ef4 sp=0x0000007556cfb600
Event: 9.072 Thread 0x000001dde5a7c9a0 DEOPT UNPACKING pc=0x000001ddf4b169a3 sp=0x0000007556cfb590 mode 2
Event: 9.269 Thread 0x000001dde5a7c9a0 Uncommon trap: trap_request=0xffffffbe fr.pc=0x000001ddf53140c8 relative=0x0000000000002188
Event: 9.269 Thread 0x000001dde5a7c9a0 Uncommon trap: reason=profile_predicate action=maybe_recompile pc=0x000001ddf53140c8 method=org.springframework.util.ReflectionUtils.doWithMethods(Ljava/lang/Class;Lorg/springframework/util/ReflectionUtils$MethodCallback;Lorg/springframework/util/Reflecti
Event: 9.269 Thread 0x000001dde5a7c9a0 DEOPT PACKING pc=0x000001ddf53140c8 sp=0x0000007556cfb320
Event: 9.269 Thread 0x000001dde5a7c9a0 DEOPT UNPACKING pc=0x000001ddf4b169a3 sp=0x0000007556cfb300 mode 2
Event: 9.269 Thread 0x000001dde5a7c9a0 Uncommon trap: trap_request=0xffffffbe fr.pc=0x000001ddf53140c8 relative=0x0000000000002188
Event: 9.269 Thread 0x000001dde5a7c9a0 Uncommon trap: reason=profile_predicate action=maybe_recompile pc=0x000001ddf53140c8 method=org.springframework.util.ReflectionUtils.doWithMethods(Ljava/lang/Class;Lorg/springframework/util/ReflectionUtils$MethodCallback;Lorg/springframework/util/Reflecti
Event: 9.269 Thread 0x000001dde5a7c9a0 DEOPT PACKING pc=0x000001ddf53140c8 sp=0x0000007556cfb260
Event: 9.269 Thread 0x000001dde5a7c9a0 DEOPT UNPACKING pc=0x000001ddf4b169a3 sp=0x0000007556cfb258 mode 2
Event: 9.269 Thread 0x000001dde5a7c9a0 Uncommon trap: trap_request=0xffffffbe fr.pc=0x000001ddf53140c8 relative=0x0000000000002188
Event: 9.269 Thread 0x000001dde5a7c9a0 Uncommon trap: reason=profile_predicate action=maybe_recompile pc=0x000001ddf53140c8 method=org.springframework.util.ReflectionUtils.doWithMethods(Ljava/lang/Class;Lorg/springframework/util/ReflectionUtils$MethodCallback;Lorg/springframework/util/Reflecti
Event: 9.269 Thread 0x000001dde5a7c9a0 DEOPT PACKING pc=0x000001ddf53140c8 sp=0x0000007556cfb1b0
Event: 9.269 Thread 0x000001dde5a7c9a0 DEOPT UNPACKING pc=0x000001ddf4b169a3 sp=0x0000007556cfb1a8 mode 2
Event: 9.269 Thread 0x000001dde5a7c9a0 Uncommon trap: trap_request=0xffffffbe fr.pc=0x000001ddf53140c8 relative=0x0000000000002188
Event: 9.269 Thread 0x000001dde5a7c9a0 Uncommon trap: reason=profile_predicate action=maybe_recompile pc=0x000001ddf53140c8 method=org.springframework.util.ReflectionUtils.doWithMethods(Ljava/lang/Class;Lorg/springframework/util/ReflectionUtils$MethodCallback;Lorg/springframework/util/Reflecti
Event: 9.269 Thread 0x000001dde5a7c9a0 DEOPT PACKING pc=0x000001ddf53140c8 sp=0x0000007556cfb320
Event: 9.269 Thread 0x000001dde5a7c9a0 DEOPT UNPACKING pc=0x000001ddf4b169a3 sp=0x0000007556cfb300 mode 2

Classes unloaded (0 events):
No events

Classes redefined (0 events):
No events

Internal exceptions (20 events):
Event: 7.390 Thread 0x000001dde5a7c9a0 Exception <a 'java/lang/IncompatibleClassChangeError'{0x0000000084399ec8}: Found class java.lang.Object, but interface was expected> (0x0000000084399ec8) 
thrown [s\src\hotspot\share\interpreter\linkResolver.cpp, line 826]
Event: 7.423 Thread 0x000001dde5a7c9a0 Exception <a 'java/lang/NoSuchMethodError'{0x0000000084261f50}: 'java.lang.Object java.lang.invoke.DirectMethodHandle$Holder.invokeStatic(java.lang.Object, java.lang.Object, int, java.lang.Object)'> (0x0000000084261f50) 
thrown [s\src\hotspot\share\interpreter\linkResolver.cpp, line 759]
Event: 7.424 Thread 0x000001dde5a7c9a0 Exception <a 'java/lang/NoSuchMethodError'{0x00000000842659e8}: 'java.lang.Object java.lang.invoke.DirectMethodHandle$Holder.invokeStaticInit(java.lang.Object, java.lang.Object, int, java.lang.Object)'> (0x00000000842659e8) 
thrown [s\src\hotspot\share\interpreter\linkResolver.cpp, line 759]
Event: 8.611 Thread 0x000001dde5a7c9a0 Exception <a 'java/lang/NoSuchMethodError'{0x000000008675da40}: 'void java.lang.invoke.DirectMethodHandle$Holder.invokeInterface(java.lang.Object, java.lang.Object, int, java.lang.Object)'> (0x000000008675da40) 
thrown [s\src\hotspot\share\interpreter\linkResolver.cpp, line 759]
Event: 8.619 Thread 0x000001dde5a7c9a0 Exception <a 'java/lang/NoSuchMethodError'{0x0000000086783fc8}: 'java.lang.Object java.lang.invoke.DirectMethodHandle$Holder.newInvokeSpecial(java.lang.Object, java.lang.Object, int, java.lang.Object)'> (0x0000000086783fc8) 
thrown [s\src\hotspot\share\interpreter\linkResolver.cpp, line 759]
Event: 8.620 Thread 0x000001dde5a7c9a0 Exception <a 'java/lang/NoSuchMethodError'{0x0000000086787b90}: 'java.lang.Object java.lang.invoke.Invokers$Holder.linkToTargetMethod(java.lang.Object, int, java.lang.Object, java.lang.Object)'> (0x0000000086787b90) 
thrown [s\src\hotspot\share\interpreter\linkResolver.cpp, line 759]
Event: 8.648 Thread 0x000001dde5a7c9a0 Exception <a 'java/lang/NoSuchMethodError'{0x000000008662e2e8}: 'java.lang.Object java.lang.invoke.DirectMethodHandle$Holder.newInvokeSpecial(java.lang.Object, java.lang.Object, int)'> (0x000000008662e2e8) 
thrown [s\src\hotspot\share\interpreter\linkResolver.cpp, line 759]
Event: 8.649 Thread 0x000001dde5a7c9a0 Exception <a 'java/lang/IncompatibleClassChangeError'{0x0000000086631fe8}: Found class java.lang.Object, but interface was expected> (0x0000000086631fe8) 
thrown [s\src\hotspot\share\interpreter\linkResolver.cpp, line 826]
Event: 8.700 Thread 0x000001dde5a7c9a0 Exception <a 'java/lang/NoSuchMethodError'{0x00000000865827e8}: 'int java.lang.invoke.DirectMethodHandle$Holder.invokeStatic(java.lang.Object, int, java.lang.Object)'> (0x00000000865827e8) 
thrown [s\src\hotspot\share\interpreter\linkResolver.cpp, line 759]
Event: 8.704 Thread 0x000001dde5a7c9a0 Exception <a 'java/lang/NoSuchMethodError'{0x00000000865a1ec8}: 'java.lang.Object java.lang.invoke.DirectMethodHandle$Holder.newInvokeSpecial(java.lang.Object, java.lang.Object, java.lang.Object, java.lang.Object, java.lang.Object, int, java.lang.Object)'> (0x00000000865a1ec8) 
thrown [s\src\hotspot\share\interpreter\linkResolver.cpp, line 759]
Event: 8.713 Thread 0x000001dde5a7c9a0 Exception <a 'java/lang/NoSuchMethodError'{0x00000000865d83d0}: 'java.lang.Object java.lang.invoke.DirectMethodHandle$Holder.newInvokeSpecial(java.lang.Object, java.lang.Object, java.lang.Object, java.lang.Object, java.lang.Object, java.lang.Object, java.lang.Object, java.lang.Object, java.lang.Object, java.lang.Object, java.lang.Object, java.lang.Object)'> (0x00000000865d83d0) 
thrown [s\src\hotspot\share\interpreter\linkResolver.cpp, line 759]
Event: 8.713 Thread 0x000001dde5a7c9a0 Exception <a 'java/lang/NoSuchMethodError'{0x00000000865dce68}: 'java.lang.Object java.lang.invoke.DirectMethodHandle$Holder.invokeSpecial(java.lang.Object, java.lang.Object, java.lang.Object, java.lang.Object, java.lang.Object, java.lang.Object, java.lang.Object, java.lang.Object, java.lang.Object, java.lang.Object, java.lang.Object, java.lang.Object, java.lang.Object)'> (0x00000000865dce68) 
thrown [s\src\hotspot\share\interpreter\linkResolver.cpp, line 759]
Event: 8.713 Thread 0x000001dde5a7c9a0 Exception <a 'java/lang/NoSuchMethodError'{0x00000000865e1580}: 'java.lang.Object java.lang.invoke.Invokers$Holder.linkToTargetMethod(java.lang.Object, java.lang.Object, java.lang.Object, java.lang.Object, java.lang.Object, java.lang.Object, java.lang.Object, java.lang.Object, java.lang.Object, java.lang.Object, java.lang.Object, java.lang.Object)'> (0x00000000865e1580) 
thrown [s\src\hotspot\share\interpreter\linkResolver.cpp, line 759]
Event: 8.778 Thread 0x000001dde5a7c9a0 Exception <a 'java/lang/NoSuchMethodError'{0x000000008638c5b8}: 'java.lang.Object java.lang.invoke.DirectMethodHandle$Holder.newInvokeSpecial(java.lang.Object, java.lang.Object, java.lang.Object, java.lang.Object, java.lang.Object, java.lang.Object)'> (0x000000008638c5b8) 
thrown [s\src\hotspot\share\interpreter\linkResolver.cpp, line 759]
Event: 8.795 Thread 0x000001dde5a7c9a0 Exception <a 'java/lang/NoSuchMethodError'{0x00000000863f70a0}: 'java.lang.Object java.lang.invoke.DirectMethodHandle$Holder.newInvokeSpecial(java.lang.Object, java.lang.Object, java.lang.Object, java.lang.Object, java.lang.Object, java.lang.Object, java.lang.Object, int)'> (0x00000000863f70a0) 
thrown [s\src\hotspot\share\interpreter\linkResolver.cpp, line 759]
Event: 8.796 Thread 0x000001dde5a7c9a0 Exception <a 'java/lang/NoSuchMethodError'{0x00000000863fc098}: 'java.lang.Object java.lang.invoke.DirectMethodHandle$Holder.invokeSpecial(java.lang.Object, java.lang.Object, java.lang.Object, java.lang.Object, java.lang.Object, java.lang.Object, java.lang.Object, java.lang.Object, int)'> (0x00000000863fc098) 
thrown [s\src\hotspot\share\interpreter\linkResolver.cpp, line 759]
Event: 8.796 Thread 0x000001dde5a7c9a0 Exception <a 'java/lang/NoSuchMethodError'{0x00000000862019c8}: 'java.lang.Object java.lang.invoke.Invokers$Holder.linkToTargetMethod(java.lang.Object, java.lang.Object, java.lang.Object, java.lang.Object, java.lang.Object, java.lang.Object, int, java.lang.Object)'> (0x00000000862019c8) 
thrown [s\src\hotspot\share\interpreter\linkResolver.cpp, line 759]
Event: 8.831 Thread 0x000001dde5a7c9a0 Exception <a 'java/lang/NoSuchMethodError'{0x00000000862d3df8}: 'void java.lang.invoke.DirectMethodHandle$Holder.invokeInterface(java.lang.Object, java.lang.Object)'> (0x00000000862d3df8) 
thrown [s\src\hotspot\share\interpreter\linkResolver.cpp, line 759]
Event: 9.073 Thread 0x000001dde5a7c9a0 Exception <a 'java/lang/IncompatibleClassChangeError'{0x0000000085c7aa60}: Found class java.lang.Object, but interface was expected> (0x0000000085c7aa60) 
thrown [s\src\hotspot\share\interpreter\linkResolver.cpp, line 826]
Event: 9.090 Thread 0x000001dde5a7c9a0 Exception <a 'java/lang/IncompatibleClassChangeError'{0x0000000085cf5ce0}: Found class java.lang.Object, but interface was expected> (0x0000000085cf5ce0) 
thrown [s\src\hotspot\share\interpreter\linkResolver.cpp, line 826]

VM Operations (20 events):
Event: 5.173 Executing VM operation: HandshakeAllThreads
Event: 5.173 Executing VM operation: HandshakeAllThreads done
Event: 5.392 Executing VM operation: G1CollectForAllocation
Event: 5.399 Executing VM operation: G1CollectForAllocation done
Event: 5.532 Executing VM operation: HandshakeAllThreads
Event: 5.533 Executing VM operation: HandshakeAllThreads done
Event: 6.128 Executing VM operation: CollectForMetadataAllocation
Event: 6.133 Executing VM operation: CollectForMetadataAllocation done
Event: 6.182 Executing VM operation: G1PauseRemark
Event: 6.186 Executing VM operation: G1PauseRemark done
Event: 6.205 Executing VM operation: G1PauseCleanup
Event: 6.205 Executing VM operation: G1PauseCleanup done
Event: 6.962 Executing VM operation: G1CollectForAllocation
Event: 6.968 Executing VM operation: G1CollectForAllocation done
Event: 7.015 Executing VM operation: G1CollectForAllocation
Event: 7.019 Executing VM operation: G1CollectForAllocation done
Event: 7.825 Executing VM operation: G1CollectForAllocation
Event: 7.828 Executing VM operation: G1CollectForAllocation done
Event: 8.526 Executing VM operation: ICBufferFull
Event: 8.526 Executing VM operation: ICBufferFull done

Events (20 events):
Event: 7.278 loading class java/util/concurrent/CompletableFuture$AsynchronousCompletionTask done
Event: 7.278 loading class java/util/concurrent/CompletableFuture$Completion done
Event: 7.371 loading class java/util/concurrent/CancellationException
Event: 7.371 loading class java/util/concurrent/CancellationException done
Event: 8.287 loading class java/lang/reflect/AnnotatedArrayType
Event: 8.287 loading class java/lang/reflect/AnnotatedArrayType done
Event: 8.486 Thread 0x000001ddc92e1040 Thread exited: 0x000001ddc92e1040
Event: 8.543 Thread 0x000001ddca7e55c0 Thread added: 0x000001ddca7e55c0
Event: 8.890 loading class javax/naming/Reference
Event: 8.890 loading class javax/naming/Reference done
Event: 8.895 loading class jdk/internal/reflect/UnsafeObjectFieldAccessorImpl
Event: 8.896 loading class jdk/internal/reflect/UnsafeObjectFieldAccessorImpl done
Event: 8.932 loading class java/lang/SafeVarargs
Event: 8.932 loading class java/lang/SafeVarargs done
Event: 8.934 loading class sun/reflect/generics/reflectiveObjects/GenericArrayTypeImpl
Event: 8.934 loading class sun/reflect/generics/reflectiveObjects/GenericArrayTypeImpl done
Event: 9.072 loading class java/util/concurrent/ConcurrentHashMap$TreeNode
Event: 9.072 loading class java/util/concurrent/ConcurrentHashMap$TreeNode done
Event: 9.072 loading class java/util/concurrent/ConcurrentHashMap$TreeBin
Event: 9.072 loading class java/util/concurrent/ConcurrentHashMap$TreeBin done


Dynamic libraries:
0x00007ff6f7200000 - 0x00007ff6f720e000 	C:\Users\hp\.jdks\corretto-17.0.10\bin\java.exe
0x00007ffe39b10000 - 0x00007ffe39d08000 	C:\Windows\SYSTEM32\ntdll.dll
0x00007ffe37d20000 - 0x00007ffe37ddd000 	C:\Windows\System32\KERNEL32.DLL
0x00007ffe37720000 - 0x00007ffe37a16000 	C:\Windows\System32\KERNELBASE.dll
0x00007ffe37260000 - 0x00007ffe37360000 	C:\Windows\System32\ucrtbase.dll
0x00007ffe32140000 - 0x00007ffe3215b000 	C:\Users\hp\.jdks\corretto-17.0.10\bin\VCRUNTIME140.dll
0x00007ffe32160000 - 0x00007ffe32177000 	C:\Users\hp\.jdks\corretto-17.0.10\bin\jli.dll
0x00007ffe39170000 - 0x00007ffe3930f000 	C:\Windows\System32\USER32.dll
0x00007ffe371c0000 - 0x00007ffe371e2000 	C:\Windows\System32\win32u.dll
0x00007ffe1d4a0000 - 0x00007ffe1d73a000 	C:\Windows\WinSxS\amd64_microsoft.windows.common-controls_6595b64144ccf1df_6.0.19041.3636_none_60b6a03d71f818d5\COMCTL32.dll
0x00007ffe39310000 - 0x00007ffe3933b000 	C:\Windows\System32\GDI32.dll
0x00007ffe37b90000 - 0x00007ffe37c2e000 	C:\Windows\System32\msvcrt.dll
0x00007ffe37a20000 - 0x00007ffe37b37000 	C:\Windows\System32\gdi32full.dll
0x00007ffe374a0000 - 0x00007ffe3753d000 	C:\Windows\System32\msvcp_win.dll
0x00007ffe37b50000 - 0x00007ffe37b82000 	C:\Windows\System32\IMM32.DLL
0x00007ffe33ca0000 - 0x00007ffe33cac000 	C:\Users\hp\.jdks\corretto-17.0.10\bin\vcruntime140_1.dll
0x00007ffe00720000 - 0x00007ffe007ad000 	C:\Users\hp\.jdks\corretto-17.0.10\bin\msvcp140.dll
0x00007ffdde790000 - 0x00007ffddf3f2000 	C:\Users\hp\.jdks\corretto-17.0.10\bin\server\jvm.dll
0x00007ffe397a0000 - 0x00007ffe39850000 	C:\Windows\System32\ADVAPI32.dll
0x00007ffe38c30000 - 0x00007ffe38cd0000 	C:\Windows\System32\sechost.dll
0x00007ffe393a0000 - 0x00007ffe394c3000 	C:\Windows\System32\RPCRT4.dll
0x00007ffe376a0000 - 0x00007ffe376c7000 	C:\Windows\System32\bcrypt.dll
0x00007ffe1b540000 - 0x00007ffe1b549000 	C:\Windows\SYSTEM32\WSOCK32.dll
0x00007ffe369d0000 - 0x00007ffe36a1b000 	C:\Windows\SYSTEM32\POWRPROF.dll
0x00007ffe38bc0000 - 0x00007ffe38c2b000 	C:\Windows\System32\WS2_32.dll
0x00007ffe1e370000 - 0x00007ffe1e397000 	C:\Windows\SYSTEM32\WINMM.dll
0x00007ffe2ab30000 - 0x00007ffe2ab3a000 	C:\Windows\SYSTEM32\VERSION.dll
0x00007ffe36970000 - 0x00007ffe36982000 	C:\Windows\SYSTEM32\UMPDC.dll
0x00007ffe359d0000 - 0x00007ffe359e2000 	C:\Windows\SYSTEM32\kernel.appcore.dll
0x00007ffe33c70000 - 0x00007ffe33c7a000 	C:\Users\hp\.jdks\corretto-17.0.10\bin\jimage.dll
0x00007ffe34ed0000 - 0x00007ffe350b4000 	C:\Windows\SYSTEM32\DBGHELP.DLL
0x00007ffe0cc20000 - 0x00007ffe0cc54000 	C:\Windows\SYSTEM32\dbgcore.DLL
0x00007ffe37410000 - 0x00007ffe37492000 	C:\Windows\System32\bcryptPrimitives.dll
0x00007ffe32130000 - 0x00007ffe3213e000 	C:\Users\hp\.jdks\corretto-17.0.10\bin\instrument.dll
0x00007ffe320d0000 - 0x00007ffe320f5000 	C:\Users\hp\.jdks\corretto-17.0.10\bin\java.dll
0x00007ffdffde0000 - 0x00007ffdffeb7000 	C:\Users\hp\.jdks\corretto-17.0.10\bin\jsvml.dll
0x00007ffe37de0000 - 0x00007ffe3854b000 	C:\Windows\System32\SHELL32.dll
0x00007ffe35230000 - 0x00007ffe359ce000 	C:\Windows\SYSTEM32\windows.storage.dll
0x00007ffe38d30000 - 0x00007ffe39083000 	C:\Windows\System32\combase.dll
0x00007ffe36bf0000 - 0x00007ffe36c1e000 	C:\Windows\SYSTEM32\Wldp.dll
0x00007ffe385b0000 - 0x00007ffe3867d000 	C:\Windows\System32\OLEAUT32.dll
0x00007ffe39860000 - 0x00007ffe3990d000 	C:\Windows\System32\SHCORE.dll
0x00007ffe38550000 - 0x00007ffe385a5000 	C:\Windows\System32\shlwapi.dll
0x00007ffe370f0000 - 0x00007ffe37113000 	C:\Windows\SYSTEM32\profapi.dll
0x00007ffe2c7d0000 - 0x00007ffe2c7e8000 	C:\Users\hp\.jdks\corretto-17.0.10\bin\zip.dll
0x00007ffe2c7a0000 - 0x00007ffe2c7b9000 	C:\Users\hp\.jdks\corretto-17.0.10\bin\net.dll
0x00007ffe2abe0000 - 0x00007ffe2acea000 	C:\Windows\SYSTEM32\WINHTTP.dll
0x00007ffe368e0000 - 0x00007ffe3694a000 	C:\Windows\system32\mswsock.dll
0x00007ffe28450000 - 0x00007ffe28466000 	C:\Users\hp\.jdks\corretto-17.0.10\bin\nio.dll
0x00007ffe28430000 - 0x00007ffe2844a000 	C:\Program Files\JetBrains\IntelliJ IDEA Community Edition 2024.1\bin\breakgen64.dll
0x00007ffe2cc90000 - 0x00007ffe2cc99000 	C:\Users\hp\.jdks\corretto-17.0.10\bin\extnet.dll
0x00007ffe285a0000 - 0x00007ffe285ae000 	C:\Users\hp\.jdks\corretto-17.0.10\bin\sunmscapi.dll
0x00007ffe37540000 - 0x00007ffe3769e000 	C:\Windows\System32\CRYPT32.dll
0x00007ffe36c60000 - 0x00007ffe36c88000 	C:\Windows\SYSTEM32\ncrypt.dll
0x00007ffe36c20000 - 0x00007ffe36c5b000 	C:\Windows\SYSTEM32\NTASN1.dll
0x00007ffe36b40000 - 0x00007ffe36b58000 	C:\Windows\SYSTEM32\CRYPTSP.dll
0x00007ffe36200000 - 0x00007ffe36234000 	C:\Windows\system32\rsaenh.dll
0x00007ffe37070000 - 0x00007ffe3709e000 	C:\Windows\SYSTEM32\USERENV.dll
0x00007ffe36b60000 - 0x00007ffe36b6c000 	C:\Windows\SYSTEM32\CRYPTBASE.dll
0x00007ffe365c0000 - 0x00007ffe365fb000 	C:\Windows\SYSTEM32\IPHLPAPI.DLL
0x00007ffe39850000 - 0x00007ffe39858000 	C:\Windows\System32\NSI.dll
0x00007ffe2a9f0000 - 0x00007ffe2aa07000 	C:\Windows\SYSTEM32\dhcpcsvc6.DLL
0x00007ffe2a9d0000 - 0x00007ffe2a9ed000 	C:\Windows\SYSTEM32\dhcpcsvc.DLL
0x00007ffe36600000 - 0x00007ffe366cb000 	C:\Windows\SYSTEM32\DNSAPI.dll
0x00007ffe28420000 - 0x00007ffe28429000 	C:\Users\hp\.jdks\corretto-17.0.10\bin\management.dll
0x00007ffe283c0000 - 0x00007ffe283cb000 	C:\Users\hp\.jdks\corretto-17.0.10\bin\management_ext.dll
0x00007ffe37b40000 - 0x00007ffe37b48000 	C:\Windows\System32\PSAPI.DLL
0x00007ffe26ec0000 - 0x00007ffe26eca000 	C:\Windows\System32\rasadhlp.dll
0x00007ffe279f0000 - 0x00007ffe27a70000 	C:\Windows\System32\fwpuclnt.dll
0x00007ffe283b0000 - 0x00007ffe283c0000 	C:\Users\hp\.jdks\corretto-17.0.10\bin\verify.dll

dbghelp: loaded successfully - version: 4.0.5 - missing functions: none
symbol engine: initialized successfully - sym options: 0x614 - pdb path: .;C:\Users\hp\.jdks\corretto-17.0.10\bin;C:\Windows\SYSTEM32;C:\Windows\WinSxS\amd64_microsoft.windows.common-controls_6595b64144ccf1df_6.0.19041.3636_none_60b6a03d71f818d5;C:\Users\hp\.jdks\corretto-17.0.10\bin\server;C:\Program Files\JetBrains\IntelliJ IDEA Community Edition 2024.1\bin

VM Arguments:
jvm_args: -javaagent:C:\Program Files\JetBrains\IntelliJ IDEA Community Edition 2024.1\lib\idea_rt.jar=53482:C:\Program Files\JetBrains\IntelliJ IDEA Community Edition 2024.1\bin -Dfile.encoding=UTF-8 
java_command: com.example.demo.DemoApplication
java_class_path (initial): C:\Users\hp\Downloads\Shoppingapp\target\classes;C:\Users\hp\.m2\repository\org\springframework\boot\spring-boot-starter-data-jpa\3.2.4\spring-boot-starter-data-jpa-3.2.4.jar;C:\Users\hp\.m2\repository\org\springframework\boot\spring-boot-starter-aop\3.2.4\spring-boot-starter-aop-3.2.4.jar;C:\Users\hp\.m2\repository\org\springframework\spring-aop\6.1.5\spring-aop-6.1.5.jar;C:\Users\hp\.m2\repository\org\aspectj\aspectjweaver\1.9.21\aspectjweaver-1.9.21.jar;C:\Users\hp\.m2\repository\org\springframework\boot\spring-boot-starter-jdbc\3.2.4\spring-boot-starter-jdbc-3.2.4.jar;C:\Users\hp\.m2\repository\com\zaxxer\HikariCP\5.0.1\HikariCP-5.0.1.jar;C:\Users\hp\.m2\repository\org\springframework\spring-jdbc\6.1.5\spring-jdbc-6.1.5.jar;C:\Users\hp\.m2\repository\org\hibernate\orm\hibernate-core\6.4.4.Final\hibernate-core-6.4.4.Final.jar;C:\Users\hp\.m2\repository\jakarta\persistence\jakarta.persistence-api\3.1.0\jakarta.persistence-api-3.1.0.jar;C:\Users\hp\.m2\repository\jakarta\transaction\jakarta.transaction-api\2.0.1\jakarta.transaction-api-2.0.1.jar;C:\Users\hp\.m2\repository\org\jboss\logging\jboss-logging\3.5.3.Final\jboss-logging-3.5.3.Final.jar;C:\Users\hp\.m2\repository\org\hibernate\common\hibernate-commons-annotations\6.0.6.Final\hibernate-commons-annotations-6.0.6.Final.jar;C:\Users\hp\.m2\repository\io\smallrye\jandex\3.1.2\jandex-3.1.2.jar;C:\Users\hp\.m2\repository\com\fasterxml\classmate\1.6.0\classmate-1.6.0.jar;C:\Users\hp\.m2\repository\net\bytebuddy\byte-buddy\1.14.12\byte-buddy-1.14.12.jar;C:\Users\hp\.m2\repository\org\glassfish\jaxb\jaxb-runtime\4.0.5\jaxb-runtime-4.0.5.jar;C:\Users\hp\.m2\repository\org\glassfish\jaxb\jaxb-core\4.0.5\jaxb-core-4.0.5.jar;C:\Users\hp\.m2\repository\org\eclipse\angus\angus-activation\2.0.2\angus-activation-2.0.2.jar;C:\Users\hp\.m2\repository\org\glassfish\jaxb\txw2\4.0.5\txw2-4.0.5.jar;C:\Users\hp\.m2\repository\com\sun\istack\istack-commons-runtime\4.1.2\istack-commons-runtime-4.1.2.jar;C
Launcher Type: SUN_STANDARD

[Global flags]
     intx CICompilerCount                          = 3                                         {product} {ergonomic}
     uint ConcGCThreads                            = 1                                         {product} {ergonomic}
     uint G1ConcRefinementThreads                  = 4                                         {product} {ergonomic}
   size_t G1HeapRegionSize                         = 1048576                                   {product} {ergonomic}
    uintx GCDrainStackTargetSize                   = 64                                        {product} {ergonomic}
   size_t InitialHeapSize                          = 134217728                                 {product} {ergonomic}
   size_t MarkStackSize                            = 4194304                                   {product} {ergonomic}
   size_t MaxHeapSize                              = 2118123520                                {product} {ergonomic}
   size_t MaxNewSize                               = 1270874112                                {product} {ergonomic}
   size_t MinHeapDeltaBytes                        = 1048576                                   {product} {ergonomic}
   size_t MinHeapSize                              = 8388608                                   {product} {ergonomic}
    uintx NonNMethodCodeHeapSize                   = 5832780                                {pd product} {ergonomic}
    uintx NonProfiledCodeHeapSize                  = 122912730                              {pd product} {ergonomic}
    uintx ProfiledCodeHeapSize                     = 122912730                              {pd product} {ergonomic}
    uintx ReservedCodeCacheSize                    = 251658240                              {pd product} {ergonomic}
     bool SegmentedCodeCache                       = true                                      {product} {ergonomic}
   size_t SoftMaxHeapSize                          = 2118123520                             {manageable} {ergonomic}
     bool UseCompressedClassPointers               = true                           {product lp64_product} {ergonomic}
     bool UseCompressedOops                        = true                           {product lp64_product} {ergonomic}
     bool UseG1GC                                  = true                                      {product} {ergonomic}
     bool UseLargePagesIndividualAllocation        = false                                  {pd product} {ergonomic}

Logging:
Log output configuration:
 #0: stdout all=warning uptime,level,tags
 #1: stderr all=off uptime,level,tags

Environment Variables:
PATH=C:\Program Files\Common Files\Oracle\Java\javapath;C:\Users\hp\Desktop\ORACLE\bin;C:\Program Files (x86)\VMware\VMware Workstation\bin\;C:\Windows\system32;C:\Windows;C:\Windows\System32\Wbem;C:\Windows\System32\WindowsPowerShell\v1.0\;C:\Windows\System32\OpenSSH\;C:\php;C:\ProgramData\ComposerSetup\bin;C:\Program Files\Git\cmd;C:\Program Files\Git\cmd;C:\flutter\bin;C:\Program Files\Git\bin;"C:\Program Files\Git\bin\git.exe;C:\Program Files\Git\cmd;C:\Windows\System32";C:\Windows\System32;C:\Program Files\nodejs\;C:\Users\hp\AppData\Local\Programs\Python\Launcher\;C:\Users\hp\AppData\Local\Microsoft\WindowsApps;C:\Users\hp\AppData\Local\Programs\Microsoft VS Code\bin;C:\Users\hp\AppData\Local\GitHubDesktop\bin;C:\Users\hp\AppData\Roaming\Composer\vendor\bin;C:\flutter\bin;C:\Program Files\Git\bin\git.exe;C:\Users\hp\AppData\Roaming\npm
USERNAME=hp
OS=Windows_NT
PROCESSOR_IDENTIFIER=Intel64 Family 6 Model 78 Stepping 3, GenuineIntel
TMP=C:\Users\hp\AppData\Local\Temp
TEMP=C:\Users\hp\AppData\Local\Temp



Periodic native trim disabled


---------------  S Y S T E M  ---------------

OS:
 Windows 10 , 64 bit Build 19041 (10.0.19041.3636)
OS uptime: 0 days 2:31 hours

CPU: total 4 (initial active 4) (2 cores per cpu, 2 threads per core) family 6 model 78 stepping 3 microcode 0xcc, cx8, cmov, fxsr, ht, mmx, 3dnowpref, sse, sse2, sse3, ssse3, sse4.1, sse4.2, popcnt, lzcnt, tsc, tscinvbit, avx, avx2, aes, erms, clmul, bmi1, bmi2, adx, fma, vzeroupper, clflush, clflushopt
Processor Information for all 4 processors :
  Max Mhz: 2400, Current Mhz: 2300, Mhz Limit: 2280

Memory: 4k page, system-wide physical 8072M (812M free)
TotalPageFile size 8072M (AvailPageFile size 4M)
current process WorkingSet (physical memory assigned to process): 228M, peak: 228M
current process commit charge ("private bytes"): 279M, peak: 280M

vm_info: OpenJDK 64-Bit Server VM (17.0.10+7-LTS) for windows-amd64 JRE (17.0.10+7-LTS), built on Jan 10 2024 22:11:07 by "Administrator" with MS VC++ 16.10 / 16.11 (VS2019)

END.
