#
# There is insufficient memory for the Java Runtime Environment to continue.
# Native memory allocation (malloc) failed to allocate 1529456 bytes for Chunk::new
# Possible reasons:
#   The system is out of physical RAM or swap space
#   The process is running with CompressedOops enabled, and the Java Heap may be blocking the growth of the native heap
# Possible solutions:
#   Reduce memory load on the system
#   Increase physical memory or swap space
#   Check if swap backing store is full
#   Decrease Java heap size (-Xmx/-Xms)
#   Decrease number of Java threads
#   Decrease Java thread stack sizes (-Xss)
#   Set larger code cache with -XX:ReservedCodeCacheSize=
#   JVM is running with Unscaled Compressed Oops mode in which the Java heap is
#     placed in the first 4GB address space. The Java Heap base address is the
#     maximum limit for the native heap growth. Please use -XX:HeapBaseMinAddress
#     to set the Java Heap base and to place the Java Heap above 4GB virtual address.
# This output file may be truncated or incomplete.
#
#  Out of Memory Error (arena.cpp:191), pid=4344, tid=12952
#
# JRE version: OpenJDK Runtime Environment Corretto-17.0.10.7.1 (17.0.10+7) (build 17.0.10+7-LTS)
# Java VM: OpenJDK 64-Bit Server VM Corretto-17.0.10.7.1 (17.0.10+7-LTS, mixed mode, sharing, tiered, compressed oops, compressed class ptrs, g1 gc, windows-amd64)
# No core dump will be written. Minidumps are not enabled by default on client versions of Windows
#

---------------  S U M M A R Y ------------

Command Line: -javaagent:C:\Program Files\JetBrains\IntelliJ IDEA Community Edition 2024.1\lib\idea_rt.jar=51628:C:\Program Files\JetBrains\IntelliJ IDEA Community Edition 2024.1\bin -Dfile.encoding=UTF-8 com.example.demo.DemoApplication

Host: Intel(R) Core(TM) i5-6200U CPU @ 2.30GHz, 4 cores, 7G,  Windows 10 , 64 bit Build 19041 (10.0.19041.3636)
Time: Wed Apr 24 20:46:19 2024 E. Africa Standard Time elapsed time: 9.387492 seconds (0d 0h 0m 9s)

---------------  T H R E A D  ---------------

Current thread (0x0000024becfe3030):  JavaThread "C2 CompilerThread1" daemon [_thread_in_native, id=12952, stack(0x00000053e4000000,0x00000053e4100000)]


Current CompileTask:
C2:   9387 2718   !   4       jdk.internal.loader.BuiltinClassLoader::loadClassOrNull (143 bytes)

Stack: [0x00000053e4000000,0x00000053e4100000]
Native frames: (J=compiled Java code, j=interpreted, Vv=VM code, C=native code)
V  [jvm.dll+0x67d2c9]
V  [jvm.dll+0x834b1a]
V  [jvm.dll+0x8365de]
V  [jvm.dll+0x836c43]
V  [jvm.dll+0x2477ff]
V  [jvm.dll+0xac514]
V  [jvm.dll+0xacb5c]
V  [jvm.dll+0x366782]
V  [jvm.dll+0x330bfa]
V  [jvm.dll+0x33009a]
V  [jvm.dll+0x219ef1]
V  [jvm.dll+0x219311]
V  [jvm.dll+0x1a502d]
V  [jvm.dll+0x2290de]
V  [jvm.dll+0x2272ac]
V  [jvm.dll+0x7e9bd7]
V  [jvm.dll+0x7e3fda]
V  [jvm.dll+0x67c1b5]
C  [ucrtbase.dll+0x21bb2]
C  [KERNEL32.DLL+0x17344]
C  [ntdll.dll+0x526b1]


---------------  P R O C E S S  ---------------

Threads class SMR info:
_java_thread_list=0x0000024bed44d880, length=14, elements={
0x0000024bc9ebc910, 0x0000024be7996af0, 0x0000024be7998110, 0x0000024be79a7860,
0x0000024be79a8420, 0x0000024be79a9780, 0x0000024be79ac150, 0x0000024be79b16a0,
0x0000024be79b8e10, 0x0000024be79ba750, 0x0000024be7bb5c80, 0x0000024be7c817d0,
0x0000024be7df9b10, 0x0000024becfe3030
}

Java Threads: ( => current thread )
  0x0000024bc9ebc910 JavaThread "main" [_thread_in_vm, id=12724, stack(0x00000053e2900000,0x00000053e2a00000)]
  0x0000024be7996af0 JavaThread "Reference Handler" daemon [_thread_blocked, id=6432, stack(0x00000053e3000000,0x00000053e3100000)]
  0x0000024be7998110 JavaThread "Finalizer" daemon [_thread_blocked, id=11572, stack(0x00000053e3100000,0x00000053e3200000)]
  0x0000024be79a7860 JavaThread "Signal Dispatcher" daemon [_thread_blocked, id=220, stack(0x00000053e3200000,0x00000053e3300000)]
  0x0000024be79a8420 JavaThread "Attach Listener" daemon [_thread_blocked, id=1332, stack(0x00000053e3300000,0x00000053e3400000)]
  0x0000024be79a9780 JavaThread "Service Thread" daemon [_thread_blocked, id=4068, stack(0x00000053e3400000,0x00000053e3500000)]
  0x0000024be79ac150 JavaThread "Monitor Deflation Thread" daemon [_thread_blocked, id=10228, stack(0x00000053e3500000,0x00000053e3600000)]
  0x0000024be79b16a0 JavaThread "C2 CompilerThread0" daemon [_thread_in_native, id=12140, stack(0x00000053e3600000,0x00000053e3700000)]
  0x0000024be79b8e10 JavaThread "C1 CompilerThread0" daemon [_thread_blocked, id=12052, stack(0x00000053e3700000,0x00000053e3800000)]
  0x0000024be79ba750 JavaThread "Sweeper thread" daemon [_thread_blocked, id=8844, stack(0x00000053e3800000,0x00000053e3900000)]
  0x0000024be7bb5c80 JavaThread "Common-Cleaner" daemon [_thread_blocked, id=13340, stack(0x00000053e3900000,0x00000053e3a00000)]
  0x0000024be7c817d0 JavaThread "Monitor Ctrl-Break" daemon [_thread_in_native, id=2784, stack(0x00000053e3b00000,0x00000053e3c00000)]
  0x0000024be7df9b10 JavaThread "Notification Thread" daemon [_thread_blocked, id=1388, stack(0x00000053e3c00000,0x00000053e3d00000)]
=>0x0000024becfe3030 JavaThread "C2 CompilerThread1" daemon [_thread_in_native, id=12952, stack(0x00000053e4000000,0x00000053e4100000)]

Other Threads:
  0x0000024be7990a80 VMThread "VM Thread" [stack: 0x00000053e2f00000,0x00000053e3000000] [id=14316]
  0x0000024be7d39670 WatcherThread [stack: 0x00000053e3d00000,0x00000053e3e00000] [id=2116]
  0x0000024bc9f152a0 GCTaskThread "GC Thread#0" [stack: 0x00000053e2a00000,0x00000053e2b00000] [id=13808]
  0x0000024bec5531d0 GCTaskThread "GC Thread#1" [stack: 0x00000053e3a00000,0x00000053e3b00000] [id=12236]
  0x0000024bec488f30 GCTaskThread "GC Thread#2" [stack: 0x00000053e3e00000,0x00000053e3f00000] [id=6596]
  0x0000024bec5cc3d0 GCTaskThread "GC Thread#3" [stack: 0x00000053e3f00000,0x00000053e4000000] [id=3220]
  0x0000024bc9f21f40 ConcurrentGCThread "G1 Main Marker" [stack: 0x00000053e2b00000,0x00000053e2c00000] [id=10852]
  0x0000024bc9f22960 ConcurrentGCThread "G1 Conc#0" [stack: 0x00000053e2c00000,0x00000053e2d00000] [id=12384]
  0x0000024bc9f66c30 ConcurrentGCThread "G1 Refine#0" [stack: 0x00000053e2d00000,0x00000053e2e00000] [id=11204]
  0x0000024bc9f67660 ConcurrentGCThread "G1 Service" [stack: 0x00000053e2e00000,0x00000053e2f00000] [id=5600]

Threads with active compile tasks:
C2 CompilerThread0     9469 2859       4       org.springframework.beans.factory.support.AbstractBeanFactory::isTypeMatch (619 bytes)
C2 CompilerThread1     9470 2718   !   4       jdk.internal.loader.BuiltinClassLoader::loadClassOrNull (143 bytes)

VM state: not at safepoint (normal execution)

VM Mutex/Monitor currently owned by a thread: None

Heap address: 0x0000000081c00000, size: 2020 MB, Compressed Oops mode: 32-bit

CDS archive(s) mapped at: [0x0000024b80000000-0x0000024b80bb0000-0x0000024b80bb0000), size 12255232, SharedBaseAddress: 0x0000024b80000000, ArchiveRelocationMode: 1.
Compressed class space mapped at: 0x0000024b81000000-0x0000024bc1000000, reserved size: 1073741824
Narrow klass base: 0x0000024b80000000, Narrow klass shift: 0, Narrow klass range: 0x100000000

GC Precious Log:
 CPUs: 4 total, 4 available
 Memory: 8072M
 Large Page Support: Disabled
 NUMA Support: Disabled
 Compressed Oops: Enabled (32-bit)
 Heap Region Size: 1M
 Heap Min Capacity: 8M
 Heap Initial Capacity: 128M
 Heap Max Capacity: 2020M
 Pre-touch: Disabled
 Parallel Workers: 4
 Concurrent Workers: 1
 Concurrent Refinement Workers: 4
 Periodic GC: Disabled

Heap:
 garbage-first heap   total 131072K, used 50175K [0x0000000081c00000, 0x0000000100000000)
  region size 1024K, 45 young (46080K), 3 survivors (3072K)
 Metaspace       used 19795K, committed 20096K, reserved 1114112K
  class space    used 2423K, committed 2560K, reserved 1048576K

Heap Regions: E=young(eden), S=young(survivor), O=old, HS=humongous(starts), HC=humongous(continues), CS=collection set, F=free, OA=open archive, CA=closed archive, TAMS=top-at-mark-start (previous, next)
|   0|0x0000000081c00000, 0x0000000081d00000, 0x0000000081d00000|100%|HS|  |TAMS 0x0000000081c00000, 0x0000000081c00000| Complete 
|   1|0x0000000081d00000, 0x0000000081e00000, 0x0000000081e00000|100%| O|  |TAMS 0x0000000081d00000, 0x0000000081d00000| Untracked 
|   2|0x0000000081e00000, 0x0000000081f00000, 0x0000000081f00000|100%| O|  |TAMS 0x0000000081e00000, 0x0000000081e00000| Untracked 
|   3|0x0000000081f00000, 0x0000000082000000, 0x0000000082000000|100%| O|  |TAMS 0x0000000081f00000, 0x0000000081f00000| Untracked 
|   4|0x0000000082000000, 0x0000000082100000, 0x0000000082100000|100%| O|  |TAMS 0x0000000082000000, 0x0000000082000000| Untracked 
|   5|0x0000000082100000, 0x0000000082200000, 0x0000000082200000|100%| O|  |TAMS 0x0000000082100000, 0x0000000082100000| Untracked 
|   6|0x0000000082200000, 0x0000000082200000, 0x0000000082300000|  0%| F|  |TAMS 0x0000000082200000, 0x0000000082200000| Untracked 
|   7|0x0000000082300000, 0x0000000082300000, 0x0000000082400000|  0%| F|  |TAMS 0x0000000082300000, 0x0000000082300000| Untracked 
|   8|0x0000000082400000, 0x0000000082400000, 0x0000000082500000|  0%| F|  |TAMS 0x0000000082400000, 0x0000000082400000| Untracked 
|   9|0x0000000082500000, 0x0000000082500000, 0x0000000082600000|  0%| F|  |TAMS 0x0000000082500000, 0x0000000082500000| Untracked 
|  10|0x0000000082600000, 0x0000000082600000, 0x0000000082700000|  0%| F|  |TAMS 0x0000000082600000, 0x0000000082600000| Untracked 
|  11|0x0000000082700000, 0x0000000082700000, 0x0000000082800000|  0%| F|  |TAMS 0x0000000082700000, 0x0000000082700000| Untracked 
|  12|0x0000000082800000, 0x0000000082800000, 0x0000000082900000|  0%| F|  |TAMS 0x0000000082800000, 0x0000000082800000| Untracked 
|  13|0x0000000082900000, 0x0000000082900000, 0x0000000082a00000|  0%| F|  |TAMS 0x0000000082900000, 0x0000000082900000| Untracked 
|  14|0x0000000082a00000, 0x0000000082a00000, 0x0000000082b00000|  0%| F|  |TAMS 0x0000000082a00000, 0x0000000082a00000| Untracked 
|  15|0x0000000082b00000, 0x0000000082b00000, 0x0000000082c00000|  0%| F|  |TAMS 0x0000000082b00000, 0x0000000082b00000| Untracked 
|  16|0x0000000082c00000, 0x0000000082c00000, 0x0000000082d00000|  0%| F|  |TAMS 0x0000000082c00000, 0x0000000082c00000| Untracked 
|  17|0x0000000082d00000, 0x0000000082d00000, 0x0000000082e00000|  0%| F|  |TAMS 0x0000000082d00000, 0x0000000082d00000| Untracked 
|  18|0x0000000082e00000, 0x0000000082e00000, 0x0000000082f00000|  0%| F|  |TAMS 0x0000000082e00000, 0x0000000082e00000| Untracked 
|  19|0x0000000082f00000, 0x0000000082f00000, 0x0000000083000000|  0%| F|  |TAMS 0x0000000082f00000, 0x0000000082f00000| Untracked 
|  20|0x0000000083000000, 0x0000000083000000, 0x0000000083100000|  0%| F|  |TAMS 0x0000000083000000, 0x0000000083000000| Untracked 
|  21|0x0000000083100000, 0x0000000083100000, 0x0000000083200000|  0%| F|  |TAMS 0x0000000083100000, 0x0000000083100000| Untracked 
|  22|0x0000000083200000, 0x0000000083200000, 0x0000000083300000|  0%| F|  |TAMS 0x0000000083200000, 0x0000000083200000| Untracked 
|  23|0x0000000083300000, 0x0000000083300000, 0x0000000083400000|  0%| F|  |TAMS 0x0000000083300000, 0x0000000083300000| Untracked 
|  24|0x0000000083400000, 0x0000000083400000, 0x0000000083500000|  0%| F|  |TAMS 0x0000000083400000, 0x0000000083400000| Untracked 
|  25|0x0000000083500000, 0x0000000083500000, 0x0000000083600000|  0%| F|  |TAMS 0x0000000083500000, 0x0000000083500000| Untracked 
|  26|0x0000000083600000, 0x0000000083600000, 0x0000000083700000|  0%| F|  |TAMS 0x0000000083600000, 0x0000000083600000| Untracked 
|  27|0x0000000083700000, 0x0000000083700000, 0x0000000083800000|  0%| F|  |TAMS 0x0000000083700000, 0x0000000083700000| Untracked 
|  28|0x0000000083800000, 0x0000000083800000, 0x0000000083900000|  0%| F|  |TAMS 0x0000000083800000, 0x0000000083800000| Untracked 
|  29|0x0000000083900000, 0x0000000083900000, 0x0000000083a00000|  0%| F|  |TAMS 0x0000000083900000, 0x0000000083900000| Untracked 
|  30|0x0000000083a00000, 0x0000000083a00000, 0x0000000083b00000|  0%| F|  |TAMS 0x0000000083a00000, 0x0000000083a00000| Untracked 
|  31|0x0000000083b00000, 0x0000000083b00000, 0x0000000083c00000|  0%| F|  |TAMS 0x0000000083b00000, 0x0000000083b00000| Untracked 
|  32|0x0000000083c00000, 0x0000000083c00000, 0x0000000083d00000|  0%| F|  |TAMS 0x0000000083c00000, 0x0000000083c00000| Untracked 
|  33|0x0000000083d00000, 0x0000000083d00000, 0x0000000083e00000|  0%| F|  |TAMS 0x0000000083d00000, 0x0000000083d00000| Untracked 
|  34|0x0000000083e00000, 0x0000000083e00000, 0x0000000083f00000|  0%| F|  |TAMS 0x0000000083e00000, 0x0000000083e00000| Untracked 
|  35|0x0000000083f00000, 0x0000000083f00000, 0x0000000084000000|  0%| F|  |TAMS 0x0000000083f00000, 0x0000000083f00000| Untracked 
|  36|0x0000000084000000, 0x0000000084000000, 0x0000000084100000|  0%| F|  |TAMS 0x0000000084000000, 0x0000000084000000| Untracked 
|  37|0x0000000084100000, 0x0000000084100000, 0x0000000084200000|  0%| F|  |TAMS 0x0000000084100000, 0x0000000084100000| Untracked 
|  38|0x0000000084200000, 0x0000000084200000, 0x0000000084300000|  0%| F|  |TAMS 0x0000000084200000, 0x0000000084200000| Untracked 
|  39|0x0000000084300000, 0x0000000084300000, 0x0000000084400000|  0%| F|  |TAMS 0x0000000084300000, 0x0000000084300000| Untracked 
|  40|0x0000000084400000, 0x0000000084400000, 0x0000000084500000|  0%| F|  |TAMS 0x0000000084400000, 0x0000000084400000| Untracked 
|  41|0x0000000084500000, 0x0000000084500000, 0x0000000084600000|  0%| F|  |TAMS 0x0000000084500000, 0x0000000084500000| Untracked 
|  42|0x0000000084600000, 0x0000000084600000, 0x0000000084700000|  0%| F|  |TAMS 0x0000000084600000, 0x0000000084600000| Untracked 
|  43|0x0000000084700000, 0x0000000084700000, 0x0000000084800000|  0%| F|  |TAMS 0x0000000084700000, 0x0000000084700000| Untracked 
|  44|0x0000000084800000, 0x0000000084800000, 0x0000000084900000|  0%| F|  |TAMS 0x0000000084800000, 0x0000000084800000| Untracked 
|  45|0x0000000084900000, 0x0000000084900000, 0x0000000084a00000|  0%| F|  |TAMS 0x0000000084900000, 0x0000000084900000| Untracked 
|  46|0x0000000084a00000, 0x0000000084a00000, 0x0000000084b00000|  0%| F|  |TAMS 0x0000000084a00000, 0x0000000084a00000| Untracked 
|  47|0x0000000084b00000, 0x0000000084b00000, 0x0000000084c00000|  0%| F|  |TAMS 0x0000000084b00000, 0x0000000084b00000| Untracked 
|  48|0x0000000084c00000, 0x0000000084c00000, 0x0000000084d00000|  0%| F|  |TAMS 0x0000000084c00000, 0x0000000084c00000| Untracked 
|  49|0x0000000084d00000, 0x0000000084d00000, 0x0000000084e00000|  0%| F|  |TAMS 0x0000000084d00000, 0x0000000084d00000| Untracked 
|  50|0x0000000084e00000, 0x0000000084e00000, 0x0000000084f00000|  0%| F|  |TAMS 0x0000000084e00000, 0x0000000084e00000| Untracked 
|  51|0x0000000084f00000, 0x0000000084f00000, 0x0000000085000000|  0%| F|  |TAMS 0x0000000084f00000, 0x0000000084f00000| Untracked 
|  52|0x0000000085000000, 0x0000000085000000, 0x0000000085100000|  0%| F|  |TAMS 0x0000000085000000, 0x0000000085000000| Untracked 
|  53|0x0000000085100000, 0x0000000085100000, 0x0000000085200000|  0%| F|  |TAMS 0x0000000085100000, 0x0000000085100000| Untracked 
|  54|0x0000000085200000, 0x0000000085200000, 0x0000000085300000|  0%| F|  |TAMS 0x0000000085200000, 0x0000000085200000| Untracked 
|  55|0x0000000085300000, 0x0000000085300000, 0x0000000085400000|  0%| F|  |TAMS 0x0000000085300000, 0x0000000085300000| Untracked 
|  56|0x0000000085400000, 0x0000000085400000, 0x0000000085500000|  0%| F|  |TAMS 0x0000000085400000, 0x0000000085400000| Untracked 
|  57|0x0000000085500000, 0x0000000085500000, 0x0000000085600000|  0%| F|  |TAMS 0x0000000085500000, 0x0000000085500000| Untracked 
|  58|0x0000000085600000, 0x0000000085600000, 0x0000000085700000|  0%| F|  |TAMS 0x0000000085600000, 0x0000000085600000| Untracked 
|  59|0x0000000085700000, 0x0000000085700000, 0x0000000085800000|  0%| F|  |TAMS 0x0000000085700000, 0x0000000085700000| Untracked 
|  60|0x0000000085800000, 0x0000000085800000, 0x0000000085900000|  0%| F|  |TAMS 0x0000000085800000, 0x0000000085800000| Untracked 
|  61|0x0000000085900000, 0x0000000085900000, 0x0000000085a00000|  0%| F|  |TAMS 0x0000000085900000, 0x0000000085900000| Untracked 
|  62|0x0000000085a00000, 0x0000000085a00000, 0x0000000085b00000|  0%| F|  |TAMS 0x0000000085a00000, 0x0000000085a00000| Untracked 
|  63|0x0000000085b00000, 0x0000000085b00000, 0x0000000085c00000|  0%| F|  |TAMS 0x0000000085b00000, 0x0000000085b00000| Untracked 
|  64|0x0000000085c00000, 0x0000000085c00000, 0x0000000085d00000|  0%| F|  |TAMS 0x0000000085c00000, 0x0000000085c00000| Untracked 
|  65|0x0000000085d00000, 0x0000000085d00000, 0x0000000085e00000|  0%| F|  |TAMS 0x0000000085d00000, 0x0000000085d00000| Untracked 
|  66|0x0000000085e00000, 0x0000000085e00000, 0x0000000085f00000|  0%| F|  |TAMS 0x0000000085e00000, 0x0000000085e00000| Untracked 
|  67|0x0000000085f00000, 0x0000000085f00000, 0x0000000086000000|  0%| F|  |TAMS 0x0000000085f00000, 0x0000000085f00000| Untracked 
|  68|0x0000000086000000, 0x0000000086000000, 0x0000000086100000|  0%| F|  |TAMS 0x0000000086000000, 0x0000000086000000| Untracked 
|  69|0x0000000086100000, 0x0000000086100000, 0x0000000086200000|  0%| F|  |TAMS 0x0000000086100000, 0x0000000086100000| Untracked 
|  70|0x0000000086200000, 0x0000000086200000, 0x0000000086300000|  0%| F|  |TAMS 0x0000000086200000, 0x0000000086200000| Untracked 
|  71|0x0000000086300000, 0x0000000086300000, 0x0000000086400000|  0%| F|  |TAMS 0x0000000086300000, 0x0000000086300000| Untracked 
|  72|0x0000000086400000, 0x0000000086400000, 0x0000000086500000|  0%| F|  |TAMS 0x0000000086400000, 0x0000000086400000| Untracked 
|  73|0x0000000086500000, 0x0000000086500000, 0x0000000086600000|  0%| F|  |TAMS 0x0000000086500000, 0x0000000086500000| Untracked 
|  74|0x0000000086600000, 0x0000000086600000, 0x0000000086700000|  0%| F|  |TAMS 0x0000000086600000, 0x0000000086600000| Untracked 
|  75|0x0000000086700000, 0x0000000086700000, 0x0000000086800000|  0%| F|  |TAMS 0x0000000086700000, 0x0000000086700000| Untracked 
|  76|0x0000000086800000, 0x0000000086800000, 0x0000000086900000|  0%| F|  |TAMS 0x0000000086800000, 0x0000000086800000| Untracked 
|  77|0x0000000086900000, 0x0000000086900000, 0x0000000086a00000|  0%| F|  |TAMS 0x0000000086900000, 0x0000000086900000| Untracked 
|  78|0x0000000086a00000, 0x0000000086a00000, 0x0000000086b00000|  0%| F|  |TAMS 0x0000000086a00000, 0x0000000086a00000| Untracked 
|  79|0x0000000086b00000, 0x0000000086b00000, 0x0000000086c00000|  0%| F|  |TAMS 0x0000000086b00000, 0x0000000086b00000| Untracked 
|  80|0x0000000086c00000, 0x0000000086c00000, 0x0000000086d00000|  0%| F|  |TAMS 0x0000000086c00000, 0x0000000086c00000| Untracked 
|  81|0x0000000086d00000, 0x0000000086d00000, 0x0000000086e00000|  0%| F|  |TAMS 0x0000000086d00000, 0x0000000086d00000| Untracked 
|  82|0x0000000086e00000, 0x0000000086e00000, 0x0000000086f00000|  0%| F|  |TAMS 0x0000000086e00000, 0x0000000086e00000| Untracked 
|  83|0x0000000086f00000, 0x0000000086f80800, 0x0000000087000000| 50%| E|  |TAMS 0x0000000086f00000, 0x0000000086f00000| Complete 
|  84|0x0000000087000000, 0x0000000087100000, 0x0000000087100000|100%| E|CS|TAMS 0x0000000087000000, 0x0000000087000000| Complete 
|  85|0x0000000087100000, 0x0000000087200000, 0x0000000087200000|100%| E|CS|TAMS 0x0000000087100000, 0x0000000087100000| Complete 
|  86|0x0000000087200000, 0x0000000087300000, 0x0000000087300000|100%| E|CS|TAMS 0x0000000087200000, 0x0000000087200000| Complete 
|  87|0x0000000087300000, 0x0000000087400000, 0x0000000087400000|100%| E|CS|TAMS 0x0000000087300000, 0x0000000087300000| Complete 
|  88|0x0000000087400000, 0x0000000087500000, 0x0000000087500000|100%| E|CS|TAMS 0x0000000087400000, 0x0000000087400000| Complete 
|  89|0x0000000087500000, 0x0000000087600000, 0x0000000087600000|100%| E|CS|TAMS 0x0000000087500000, 0x0000000087500000| Complete 
|  90|0x0000000087600000, 0x0000000087700000, 0x0000000087700000|100%| E|CS|TAMS 0x0000000087600000, 0x0000000087600000| Complete 
|  91|0x0000000087700000, 0x0000000087800000, 0x0000000087800000|100%| E|CS|TAMS 0x0000000087700000, 0x0000000087700000| Complete 
|  92|0x0000000087800000, 0x0000000087900000, 0x0000000087900000|100%| E|CS|TAMS 0x0000000087800000, 0x0000000087800000| Complete 
|  93|0x0000000087900000, 0x0000000087a00000, 0x0000000087a00000|100%| E|CS|TAMS 0x0000000087900000, 0x0000000087900000| Complete 
|  94|0x0000000087a00000, 0x0000000087b00000, 0x0000000087b00000|100%| E|CS|TAMS 0x0000000087a00000, 0x0000000087a00000| Complete 
|  95|0x0000000087b00000, 0x0000000087c00000, 0x0000000087c00000|100%| E|CS|TAMS 0x0000000087b00000, 0x0000000087b00000| Complete 
|  96|0x0000000087c00000, 0x0000000087d00000, 0x0000000087d00000|100%| E|CS|TAMS 0x0000000087c00000, 0x0000000087c00000| Complete 
|  97|0x0000000087d00000, 0x0000000087e00000, 0x0000000087e00000|100%| E|CS|TAMS 0x0000000087d00000, 0x0000000087d00000| Complete 
|  98|0x0000000087e00000, 0x0000000087f00000, 0x0000000087f00000|100%| E|CS|TAMS 0x0000000087e00000, 0x0000000087e00000| Complete 
|  99|0x0000000087f00000, 0x0000000088000000, 0x0000000088000000|100%| E|CS|TAMS 0x0000000087f00000, 0x0000000087f00000| Complete 
| 100|0x0000000088000000, 0x0000000088100000, 0x0000000088100000|100%| E|CS|TAMS 0x0000000088000000, 0x0000000088000000| Complete 
| 101|0x0000000088100000, 0x0000000088200000, 0x0000000088200000|100%| E|CS|TAMS 0x0000000088100000, 0x0000000088100000| Complete 
| 102|0x0000000088200000, 0x00000000882ffce0, 0x0000000088300000| 99%| S|CS|TAMS 0x0000000088200000, 0x0000000088200000| Complete 
| 103|0x0000000088300000, 0x0000000088400000, 0x0000000088400000|100%| S|CS|TAMS 0x0000000088300000, 0x0000000088300000| Complete 
| 104|0x0000000088400000, 0x0000000088500000, 0x0000000088500000|100%| S|CS|TAMS 0x0000000088400000, 0x0000000088400000| Complete 
| 105|0x0000000088500000, 0x0000000088600000, 0x0000000088600000|100%| E|CS|TAMS 0x0000000088500000, 0x0000000088500000| Complete 
| 106|0x0000000088600000, 0x0000000088700000, 0x0000000088700000|100%| E|CS|TAMS 0x0000000088600000, 0x0000000088600000| Complete 
| 107|0x0000000088700000, 0x0000000088800000, 0x0000000088800000|100%| E|CS|TAMS 0x0000000088700000, 0x0000000088700000| Complete 
| 108|0x0000000088800000, 0x0000000088900000, 0x0000000088900000|100%| E|CS|TAMS 0x0000000088800000, 0x0000000088800000| Complete 
| 109|0x0000000088900000, 0x0000000088a00000, 0x0000000088a00000|100%| E|CS|TAMS 0x0000000088900000, 0x0000000088900000| Complete 
| 110|0x0000000088a00000, 0x0000000088b00000, 0x0000000088b00000|100%| E|CS|TAMS 0x0000000088a00000, 0x0000000088a00000| Complete 
| 111|0x0000000088b00000, 0x0000000088c00000, 0x0000000088c00000|100%| E|CS|TAMS 0x0000000088b00000, 0x0000000088b00000| Complete 
| 112|0x0000000088c00000, 0x0000000088d00000, 0x0000000088d00000|100%| E|CS|TAMS 0x0000000088c00000, 0x0000000088c00000| Complete 
| 113|0x0000000088d00000, 0x0000000088e00000, 0x0000000088e00000|100%| E|CS|TAMS 0x0000000088d00000, 0x0000000088d00000| Complete 
| 114|0x0000000088e00000, 0x0000000088f00000, 0x0000000088f00000|100%| E|CS|TAMS 0x0000000088e00000, 0x0000000088e00000| Complete 
| 115|0x0000000088f00000, 0x0000000089000000, 0x0000000089000000|100%| E|CS|TAMS 0x0000000088f00000, 0x0000000088f00000| Complete 
| 116|0x0000000089000000, 0x0000000089100000, 0x0000000089100000|100%| E|CS|TAMS 0x0000000089000000, 0x0000000089000000| Complete 
| 117|0x0000000089100000, 0x0000000089200000, 0x0000000089200000|100%| E|CS|TAMS 0x0000000089100000, 0x0000000089100000| Complete 
| 118|0x0000000089200000, 0x0000000089300000, 0x0000000089300000|100%| E|CS|TAMS 0x0000000089200000, 0x0000000089200000| Complete 
| 119|0x0000000089300000, 0x0000000089400000, 0x0000000089400000|100%| E|CS|TAMS 0x0000000089300000, 0x0000000089300000| Complete 
| 120|0x0000000089400000, 0x0000000089500000, 0x0000000089500000|100%| E|CS|TAMS 0x0000000089400000, 0x0000000089400000| Complete 
| 121|0x0000000089500000, 0x0000000089600000, 0x0000000089600000|100%| E|CS|TAMS 0x0000000089500000, 0x0000000089500000| Complete 
| 122|0x0000000089600000, 0x0000000089700000, 0x0000000089700000|100%| E|  |TAMS 0x0000000089600000, 0x0000000089600000| Complete 
| 123|0x0000000089700000, 0x0000000089800000, 0x0000000089800000|100%| E|CS|TAMS 0x0000000089700000, 0x0000000089700000| Complete 
| 124|0x0000000089800000, 0x0000000089900000, 0x0000000089900000|100%| E|CS|TAMS 0x0000000089800000, 0x0000000089800000| Complete 
| 125|0x0000000089900000, 0x0000000089a00000, 0x0000000089a00000|100%| E|CS|TAMS 0x0000000089900000, 0x0000000089900000| Complete 
| 126|0x0000000089a00000, 0x0000000089b00000, 0x0000000089b00000|100%| E|CS|TAMS 0x0000000089a00000, 0x0000000089a00000| Complete 
| 127|0x0000000089b00000, 0x0000000089c00000, 0x0000000089c00000|100%| E|CS|TAMS 0x0000000089b00000, 0x0000000089b00000| Complete 

Card table byte_map: [0x0000024be0dd0000,0x0000024be11d0000] _byte_map_base: 0x0000024be09c2000

Marking Bits (Prev, Next): (CMBitMap*) 0x0000024bc9f158c0, (CMBitMap*) 0x0000024bc9f15900
 Prev Bits: [0x0000024be15d0000, 0x0000024be3560000)
 Next Bits: [0x0000024be3560000, 0x0000024be54f0000)

Polling page: 0x0000024bc7dd0000

Metaspace:

Usage:
  Non-class:     16.98 MB used.
      Class:      2.37 MB used.
       Both:     19.34 MB used.

Virtual space:
  Non-class space:       64.00 MB reserved,      17.12 MB ( 27%) committed,  1 nodes.
      Class space:        1.00 GB reserved,       2.50 MB ( <1%) committed,  1 nodes.
             Both:        1.06 GB reserved,      19.62 MB (  2%) committed. 

Chunk freelists:
   Non-Class:  14.58 MB
       Class:  13.53 MB
        Both:  28.11 MB

MaxMetaspaceSize: unlimited
CompressedClassSpaceSize: 1.00 GB
Initial GC threshold: 21.00 MB
Current GC threshold: 21.00 MB
CDS: on
MetaspaceReclaimPolicy: balanced
 - commit_granule_bytes: 65536.
 - commit_granule_words: 8192.
 - virtual_space_node_default_size: 8388608.
 - enlarge_chunks_in_place: 1.
 - new_chunks_are_fully_committed: 0.
 - uncommit_free_chunks: 1.
 - use_allocation_guard: 0.
 - handle_deallocations: 1.


Internal statistics:

num_allocs_failed_limit: 0.
num_arena_births: 234.
num_arena_deaths: 0.
num_vsnodes_births: 2.
num_vsnodes_deaths: 0.
num_space_committed: 314.
num_space_uncommitted: 0.
num_chunks_returned_to_freelist: 0.
num_chunks_taken_from_freelist: 907.
num_chunk_merges: 0.
num_chunk_splits: 618.
num_chunks_enlarged: 492.
num_inconsistent_stats: 0.

CodeHeap 'non-profiled nmethods': size=120000Kb used=1220Kb max_used=1220Kb free=118779Kb
 bounds [0x0000024bd94a0000, 0x0000024bd9710000, 0x0000024be09d0000]
CodeHeap 'profiled nmethods': size=120000Kb used=5972Kb max_used=5972Kb free=114027Kb
 bounds [0x0000024bd19d0000, 0x0000024bd1fb0000, 0x0000024bd8f00000]
CodeHeap 'non-nmethods': size=5760Kb used=1200Kb max_used=1287Kb free=4559Kb
 bounds [0x0000024bd8f00000, 0x0000024bd9170000, 0x0000024bd94a0000]
 total_blobs=3366 nmethods=2866 adapters=412
 compilation: enabled
              stopped_count=0, restarted_count=0
 full_count=0

Compilation events (20 events):
Event: 9.362 Thread 0x0000024be79b8e10 2803   !   3       java.lang.Class::getTypeName (59 bytes)
Event: 9.364 Thread 0x0000024be79b8e10 nmethod 2803 0x0000024bd1f91090 code [0x0000024bd1f91340, 0x0000024bd1f91d88]
Event: 9.369 Thread 0x0000024be79b8e10 2804       1       org.springframework.beans.factory.support.AbstractBeanDefinition::setDependencyCheck (6 bytes)
Event: 9.369 Thread 0x0000024be79b8e10 nmethod 2804 0x0000024bd95c7590 code [0x0000024bd95c7720, 0x0000024bd95c77f8]
Event: 9.369 Thread 0x0000024be79b8e10 2805       1       org.springframework.beans.factory.support.AbstractBeanDefinition::setEnforceInitMethod (6 bytes)
Event: 9.370 Thread 0x0000024be79b8e10 nmethod 2805 0x0000024bd95c7890 code [0x0000024bd95c7a20, 0x0000024bd95c7af8]
Event: 9.370 Thread 0x0000024be79b8e10 2806       1       org.springframework.beans.factory.support.AbstractBeanDefinition::setEnforceDestroyMethod (6 bytes)
Event: 9.370 Thread 0x0000024be79b8e10 nmethod 2806 0x0000024bd95c7b90 code [0x0000024bd95c7d20, 0x0000024bd95c7df8]
Event: 9.371 Thread 0x0000024be79b8e10 2807   !   3       org.springframework.boot.autoconfigure.condition.FilteringSpringBootCondition$ClassNameFilter::isPresent (19 bytes)
Event: 9.372 Thread 0x0000024be79b8e10 nmethod 2807 0x0000024bd1f92210 code [0x0000024bd1f923e0, 0x0000024bd1f926a8]
Event: 9.378 Thread 0x0000024be79b8e10 2808       3       sun.reflect.generics.reflectiveObjects.ParameterizedTypeImpl::hashCode (24 bytes)
Event: 9.378 Thread 0x0000024be79b16a0 nmethod 2794 0x0000024bd95c7e90 code [0x0000024bd95c8040, 0x0000024bd95c86f8]
Event: 9.378 Thread 0x0000024be79b16a0 2786       4       java.lang.ThreadLocal::getMap (5 bytes)
Event: 9.378 Thread 0x0000024be79b8e10 nmethod 2808 0x0000024bd1f92810 code [0x0000024bd1f929e0, 0x0000024bd1f92e28]
Event: 9.378 Thread 0x0000024be79b8e10 2810       3       org.springframework.core.ResolvableType::isAssignableFrom (36 bytes)
Event: 9.379 Thread 0x0000024be79b8e10 nmethod 2810 0x0000024bd1f92f90 code [0x0000024bd1f93160, 0x0000024bd1f93628]
Event: 9.379 Thread 0x0000024be79b8e10 2811       3       org.springframework.core.ResolvableType::isAssignableFrom (8 bytes)
Event: 9.379 Thread 0x0000024be79b16a0 nmethod 2786 0x0000024bd95c8b10 code [0x0000024bd95c8c80, 0x0000024bd95c8d18]
Event: 9.380 Thread 0x0000024be79b16a0 2809       4       java.util.IdentityHashMap::get (60 bytes)
Event: 9.380 Thread 0x0000024be79b8e10 nmethod 2811 0x0000024bd1f93790 code [0x0000024bd1f93940, 0x0000024bd1f93a88]

GC Heap History (6 events):
Event: 2.016 GC heap before
{Heap before GC invocations=0 (full 0):
 garbage-first heap   total 131072K, used 13312K [0x0000000081c00000, 0x0000000100000000)
  region size 1024K, 13 young (13312K), 0 survivors (0K)
 Metaspace       used 3416K, committed 3584K, reserved 1114112K
  class space    used 350K, committed 448K, reserved 1048576K
}
Event: 2.024 GC heap after
{Heap after GC invocations=1 (full 0):
 garbage-first heap   total 131072K, used 6165K [0x0000000081c00000, 0x0000000100000000)
  region size 1024K, 2 young (2048K), 2 survivors (2048K)
 Metaspace       used 3416K, committed 3584K, reserved 1114112K
  class space    used 350K, committed 448K, reserved 1048576K
}
Event: 3.323 GC heap before
{Heap before GC invocations=1 (full 0):
 garbage-first heap   total 131072K, used 17429K [0x0000000081c00000, 0x0000000100000000)
  region size 1024K, 14 young (14336K), 2 survivors (2048K)
 Metaspace       used 7034K, committed 7296K, reserved 1114112K
  class space    used 840K, committed 960K, reserved 1048576K
}
Event: 3.331 GC heap after
{Heap after GC invocations=2 (full 0):
 garbage-first heap   total 131072K, used 7490K [0x0000000081c00000, 0x0000000100000000)
  region size 1024K, 2 young (2048K), 2 survivors (2048K)
 Metaspace       used 7034K, committed 7296K, reserved 1114112K
  class space    used 840K, committed 960K, reserved 1048576K
}
Event: 4.869 GC heap before
{Heap before GC invocations=2 (full 0):
 garbage-first heap   total 131072K, used 27970K [0x0000000081c00000, 0x0000000100000000)
  region size 1024K, 23 young (23552K), 2 survivors (2048K)
 Metaspace       used 12607K, committed 12800K, reserved 1114112K
  class space    used 1506K, committed 1600K, reserved 1048576K
}
Event: 4.877 GC heap after
{Heap after GC invocations=3 (full 0):
 garbage-first heap   total 131072K, used 9215K [0x0000000081c00000, 0x0000000100000000)
  region size 1024K, 3 young (3072K), 3 survivors (3072K)
 Metaspace       used 12607K, committed 12800K, reserved 1114112K
  class space    used 1506K, committed 1600K, reserved 1048576K
}

Dll operation events (11 events):
Event: 0.039 Loaded shared library C:\Users\hp\.jdks\corretto-17.0.10\bin\java.dll
Event: 0.126 Loaded shared library C:\Users\hp\.jdks\corretto-17.0.10\bin\jsvml.dll
Event: 0.553 Loaded shared library C:\Users\hp\.jdks\corretto-17.0.10\bin\zip.dll
Event: 0.558 Loaded shared library C:\Users\hp\.jdks\corretto-17.0.10\bin\instrument.dll
Event: 0.575 Loaded shared library C:\Users\hp\.jdks\corretto-17.0.10\bin\net.dll
Event: 0.580 Loaded shared library C:\Users\hp\.jdks\corretto-17.0.10\bin\nio.dll
Event: 0.587 Loaded shared library C:\Users\hp\.jdks\corretto-17.0.10\bin\zip.dll
Event: 0.859 Loaded shared library C:\Program Files\JetBrains\IntelliJ IDEA Community Edition 2024.1\bin\breakgen64.dll
Event: 0.897 Loaded shared library C:\Users\hp\.jdks\corretto-17.0.10\bin\extnet.dll
Event: 1.075 Loaded shared library C:\Users\hp\.jdks\corretto-17.0.10\bin\jimage.dll
Event: 5.986 Loaded shared library C:\Users\hp\.jdks\corretto-17.0.10\bin\sunmscapi.dll

Deoptimization events (20 events):
Event: 8.057 Thread 0x0000024bc9ebc910 Uncommon trap: trap_request=0xffffffde fr.pc=0x0000024bd94b7928 relative=0x00000000000001a8
Event: 8.057 Thread 0x0000024bc9ebc910 Uncommon trap: reason=class_check action=maybe_recompile pc=0x0000024bd94b7928 method=java.lang.String.equals(Ljava/lang/Object;)Z @ 8 c2
Event: 8.057 Thread 0x0000024bc9ebc910 DEOPT PACKING pc=0x0000024bd94b7928 sp=0x00000053e29fec60
Event: 8.057 Thread 0x0000024bc9ebc910 DEOPT UNPACKING pc=0x0000024bd8f569a3 sp=0x00000053e29febf8 mode 2
Event: 8.057 Thread 0x0000024bc9ebc910 Uncommon trap: trap_request=0xffffffde fr.pc=0x0000024bd94b7928 relative=0x00000000000001a8
Event: 8.057 Thread 0x0000024bc9ebc910 Uncommon trap: reason=class_check action=maybe_recompile pc=0x0000024bd94b7928 method=java.lang.String.equals(Ljava/lang/Object;)Z @ 8 c2
Event: 8.057 Thread 0x0000024bc9ebc910 DEOPT PACKING pc=0x0000024bd94b7928 sp=0x00000053e29fec60
Event: 8.057 Thread 0x0000024bc9ebc910 DEOPT UNPACKING pc=0x0000024bd8f569a3 sp=0x00000053e29febf8 mode 2
Event: 8.061 Thread 0x0000024bc9ebc910 Uncommon trap: trap_request=0xffffffde fr.pc=0x0000024bd9591fb0 relative=0x0000000000000470
Event: 8.061 Thread 0x0000024bc9ebc910 Uncommon trap: reason=class_check action=maybe_recompile pc=0x0000024bd9591fb0 method=java.lang.String.equals(Ljava/lang/Object;)Z @ 8 c2
Event: 8.061 Thread 0x0000024bc9ebc910 DEOPT PACKING pc=0x0000024bd9591fb0 sp=0x00000053e29fe9b0
Event: 8.061 Thread 0x0000024bc9ebc910 DEOPT UNPACKING pc=0x0000024bd8f569a3 sp=0x00000053e29fe878 mode 2
Event: 8.061 Thread 0x0000024bc9ebc910 Uncommon trap: trap_request=0xffffff45 fr.pc=0x0000024bd9596d5c relative=0x00000000000001bc
Event: 8.061 Thread 0x0000024bc9ebc910 Uncommon trap: reason=unstable_if action=reinterpret pc=0x0000024bd9596d5c method=org.springframework.core.annotation.MergedAnnotationsCollection.isMappingForType(Lorg/springframework/core/annotation/AnnotationTypeMapping;Ljava/lang/Object;)Z @ 13 c2
Event: 8.061 Thread 0x0000024bc9ebc910 DEOPT PACKING pc=0x0000024bd9596d5c sp=0x00000053e29fe930
Event: 8.061 Thread 0x0000024bc9ebc910 DEOPT UNPACKING pc=0x0000024bd8f569a3 sp=0x00000053e29fe8d0 mode 2
Event: 8.061 Thread 0x0000024bc9ebc910 Uncommon trap: trap_request=0xffffffde fr.pc=0x0000024bd94b7928 relative=0x00000000000001a8
Event: 8.061 Thread 0x0000024bc9ebc910 Uncommon trap: reason=class_check action=maybe_recompile pc=0x0000024bd94b7928 method=java.lang.String.equals(Ljava/lang/Object;)Z @ 8 c2
Event: 8.062 Thread 0x0000024bc9ebc910 DEOPT PACKING pc=0x0000024bd94b7928 sp=0x00000053e29fe8c0
Event: 8.062 Thread 0x0000024bc9ebc910 DEOPT UNPACKING pc=0x0000024bd8f569a3 sp=0x00000053e29fe868 mode 2

Classes unloaded (0 events):
No events

Classes redefined (0 events):
No events

Internal exceptions (20 events):
Event: 3.493 Thread 0x0000024bc9ebc910 Exception <a 'java/lang/NoSuchMethodError'{0x0000000089958bb8}: 'java.lang.Object java.lang.invoke.DirectMethodHandle$Holder.invokeVirtual(java.lang.Object, java.lang.Object, java.lang.Object)'> (0x0000000089958bb8) 
thrown [s\src\hotspot\share\interpreter\linkResolver.cpp, line 759]
Event: 3.521 Thread 0x0000024bc9ebc910 Exception <a 'java/lang/NoSuchMethodError'{0x000000008997a350}: 'java.lang.Object java.lang.invoke.DirectMethodHandle$Holder.invokeStatic(java.lang.Object, java.lang.Object, long, java.lang.Object)'> (0x000000008997a350) 
thrown [s\src\hotspot\share\interpreter\linkResolver.cpp, line 759]
Event: 3.521 Thread 0x0000024bc9ebc910 Exception <a 'java/lang/NoSuchMethodError'{0x000000008997dde8}: 'java.lang.Object java.lang.invoke.DirectMethodHandle$Holder.invokeStaticInit(java.lang.Object, java.lang.Object, long, java.lang.Object)'> (0x000000008997dde8) 
thrown [s\src\hotspot\share\interpreter\linkResolver.cpp, line 759]
Event: 3.522 Thread 0x0000024bc9ebc910 Exception <a 'java/lang/NoSuchMethodError'{0x0000000089984528}: 'java.lang.Object java.lang.invoke.DirectMethodHandle$Holder.newInvokeSpecial(java.lang.Object, java.lang.Object, long)'> (0x0000000089984528) 
thrown [s\src\hotspot\share\interpreter\linkResolver.cpp, line 759]
Event: 3.523 Thread 0x0000024bc9ebc910 Exception <a 'java/lang/NoSuchMethodError'{0x0000000089988098}: 'java.lang.Object java.lang.invoke.Invokers$Holder.linkToTargetMethod(java.lang.Object, long, java.lang.Object)'> (0x0000000089988098) 
thrown [s\src\hotspot\share\interpreter\linkResolver.cpp, line 759]
Event: 3.561 Thread 0x0000024bc9ebc910 Exception <a 'java/lang/NoSuchMethodError'{0x00000000899d6270}: 'void java.lang.invoke.DirectMethodHandle$Holder.invokeSpecial(java.lang.Object, java.lang.Object, java.lang.Object, java.lang.Object, java.lang.Object)'> (0x00000000899d6270) 
thrown [s\src\hotspot\share\interpreter\linkResolver.cpp, line 759]
Event: 3.565 Thread 0x0000024bc9ebc910 Exception <a 'java/lang/NoSuchMethodError'{0x00000000899de888}: 'void java.lang.invoke.DirectMethodHandle$Holder.invokeVirtual(java.lang.Object, java.lang.Object, java.lang.Object, java.lang.Object)'> (0x00000000899de888) 
thrown [s\src\hotspot\share\interpreter\linkResolver.cpp, line 759]
Event: 3.705 Thread 0x0000024bc9ebc910 Exception <a 'java/lang/NoSuchMethodError'{0x000000008973b238}: 'void java.lang.invoke.DirectMethodHandle$Holder.invokeSpecial(java.lang.Object, java.lang.Object, java.lang.Object)'> (0x000000008973b238) 
thrown [s\src\hotspot\share\interpreter\linkResolver.cpp, line 759]
Event: 3.731 Thread 0x0000024bc9ebc910 Exception <a 'java/lang/IncompatibleClassChangeError'{0x00000000897916f0}: Found class java.lang.Object, but interface was expected> (0x00000000897916f0) 
thrown [s\src\hotspot\share\interpreter\linkResolver.cpp, line 826]
Event: 3.752 Thread 0x0000024bec722370 Exception <a 'java/lang/NoClassDefFoundError'{0x000000008977f600}: jakarta/validation/Validation> (0x000000008977f600) 
thrown [s\src\hotspot\share\classfile\systemDictionary.cpp, line 245]
Event: 5.157 Thread 0x0000024bc9ebc910 Exception <a 'sun/nio/fs/WindowsException'{0x0000000089792528}> (0x0000000089792528) 
thrown [s\src\hotspot\share\prims\jni.cpp, line 516]
Event: 5.159 Thread 0x0000024bc9ebc910 Exception <a 'java/lang/NoSuchMethodError'{0x0000000089793d88}: 'int java.lang.invoke.DirectMethodHandle$Holder.invokeSpecial(java.lang.Object, java.lang.Object, java.lang.Object, java.lang.Object, java.lang.Object)'> (0x0000000089793d88) 
thrown [s\src\hotspot\share\interpreter\linkResolver.cpp, line 759]
Event: 5.168 Thread 0x0000024bc9ebc910 Exception <a 'java/lang/NoSuchMethodError'{0x000000008979ca38}: 'void java.lang.invoke.DirectMethodHandle$Holder.invokeVirtual(java.lang.Object, java.lang.Object)'> (0x000000008979ca38) 
thrown [s\src\hotspot\share\interpreter\linkResolver.cpp, line 759]
Event: 5.432 Thread 0x0000024bec722370 Exception <a 'java/lang/NoSuchMethodError'{0x000000008902e678}: 'long java.lang.invoke.DirectMethodHandle$Holder.invokeSpecial(java.lang.Object, java.lang.Object)'> (0x000000008902e678) 
thrown [s\src\hotspot\share\interpreter\linkResolver.cpp, line 759]
Event: 5.436 Thread 0x0000024bec722370 Exception <a 'java/lang/NoSuchMethodError'{0x00000000890394c8}: 'long java.lang.invoke.DirectMethodHandle$Holder.invokeStatic(java.lang.Object, java.lang.Object)'> (0x00000000890394c8) 
thrown [s\src\hotspot\share\interpreter\linkResolver.cpp, line 759]
Event: 5.436 Thread 0x0000024bec722370 Exception <a 'java/lang/NoSuchMethodError'{0x000000008903cac8}: 'long java.lang.invoke.DirectMethodHandle$Holder.invokeStaticInit(java.lang.Object, java.lang.Object)'> (0x000000008903cac8) 
thrown [s\src\hotspot\share\interpreter\linkResolver.cpp, line 759]
Event: 5.440 Thread 0x0000024bec722370 Exception <a 'java/lang/NoSuchMethodError'{0x000000008904a670}: 'long java.lang.invoke.DirectMethodHandle$Holder.invokeInterface(java.lang.Object, java.lang.Object)'> (0x000000008904a670) 
thrown [s\src\hotspot\share\interpreter\linkResolver.cpp, line 759]
Event: 5.441 Thread 0x0000024bec722370 Exception <a 'java/lang/IncompatibleClassChangeError'{0x000000008904dc00}: Found class java.lang.Object, but interface was expected> (0x000000008904dc00) 
thrown [s\src\hotspot\share\interpreter\linkResolver.cpp, line 826]
Event: 5.475 Thread 0x0000024bec722370 Exception <a 'java/lang/NoSuchMethodError'{0x00000000890c1578}: 'java.lang.Object java.lang.invoke.DirectMethodHandle$Holder.invokeVirtual(java.lang.Object, java.lang.Object, java.lang.Object, java.lang.Object)'> (0x00000000890c1578) 
thrown [s\src\hotspot\share\interpreter\linkResolver.cpp, line 759]
Event: 6.485 Thread 0x0000024bc9ebc910 Exception <a 'java/lang/IncompatibleClassChangeError'{0x00000000888cf0c0}: Found class java.lang.Object, but interface was expected> (0x00000000888cf0c0) 
thrown [s\src\hotspot\share\interpreter\linkResolver.cpp, line 826]

VM Operations (20 events):
Event: 4.694 Executing VM operation: Cleanup
Event: 4.695 Executing VM operation: Cleanup done
Event: 4.767 Executing VM operation: HandshakeAllThreads
Event: 4.767 Executing VM operation: HandshakeAllThreads done
Event: 4.869 Executing VM operation: G1CollectForAllocation
Event: 4.877 Executing VM operation: G1CollectForAllocation done
Event: 5.001 Executing VM operation: HandshakeAllThreads
Event: 5.001 Executing VM operation: HandshakeAllThreads done
Event: 5.921 Executing VM operation: HandshakeAllThreads
Event: 5.921 Executing VM operation: HandshakeAllThreads done
Event: 5.921 Executing VM operation: Cleanup
Event: 5.921 Executing VM operation: Cleanup done
Event: 6.004 Executing VM operation: HandshakeAllThreads
Event: 6.004 Executing VM operation: HandshakeAllThreads done
Event: 7.015 Executing VM operation: Cleanup
Event: 7.017 Executing VM operation: Cleanup done
Event: 8.018 Executing VM operation: Cleanup
Event: 8.019 Executing VM operation: Cleanup done
Event: 9.026 Executing VM operation: Cleanup
Event: 9.026 Executing VM operation: Cleanup done

Events (20 events):
Event: 6.043 loading class com/sun/security/sasl/Provider
Event: 6.043 loading class com/sun/security/sasl/Provider done
Event: 6.043 loading class com/sun/security/sasl/Provider$1
Event: 6.043 loading class com/sun/security/sasl/Provider$1 done
Event: 6.044 loading class com/sun/security/sasl/Provider$ProviderService
Event: 6.044 loading class com/sun/security/sasl/Provider$ProviderService done
Event: 6.044 loading class sun/security/provider/certpath/ldap/JdkLDAP
Event: 6.044 loading class sun/security/provider/certpath/ldap/JdkLDAP done
Event: 6.045 loading class sun/security/provider/certpath/ldap/JdkLDAP$ProviderService
Event: 6.045 loading class sun/security/provider/certpath/ldap/JdkLDAP$ProviderService done
Event: 6.093 Thread 0x0000024bec722370 Thread exited: 0x0000024bec722370
Event: 6.319 Thread 0x0000024bedaa5650 Thread exited: 0x0000024bedaa5650
Event: 6.460 Thread 0x0000024becb4e060 Thread exited: 0x0000024becb4e060
Event: 6.567 Thread 0x0000024becfe3030 Thread added: 0x0000024becfe3030
Event: 7.202 loading class java/beans/PropertyVetoException
Event: 7.202 loading class java/beans/PropertyVetoException done
Event: 9.341 loading class java/lang/UnsupportedClassVersionError
Event: 9.341 loading class java/lang/ClassFormatError
Event: 9.341 loading class java/lang/ClassFormatError done
Event: 9.341 loading class java/lang/UnsupportedClassVersionError done


Dynamic libraries:
0x00007ff6c3530000 - 0x00007ff6c353e000 	C:\Users\hp\.jdks\corretto-17.0.10\bin\java.exe
0x00007ff95a070000 - 0x00007ff95a268000 	C:\Windows\SYSTEM32\ntdll.dll
0x00007ff959b40000 - 0x00007ff959bfd000 	C:\Windows\System32\KERNEL32.DLL
0x00007ff9577e0000 - 0x00007ff957ad6000 	C:\Windows\System32\KERNELBASE.dll
0x00007ff957ae0000 - 0x00007ff957be0000 	C:\Windows\System32\ucrtbase.dll
0x00007ff940df0000 - 0x00007ff940e0b000 	C:\Users\hp\.jdks\corretto-17.0.10\bin\VCRUNTIME140.dll
0x00007ff940dd0000 - 0x00007ff940de7000 	C:\Users\hp\.jdks\corretto-17.0.10\bin\jli.dll
0x00007ff9586d0000 - 0x00007ff95886f000 	C:\Windows\System32\USER32.dll
0x00007ff957f20000 - 0x00007ff957f42000 	C:\Windows\System32\win32u.dll
0x00007ff93d830000 - 0x00007ff93daca000 	C:\Windows\WinSxS\amd64_microsoft.windows.common-controls_6595b64144ccf1df_6.0.19041.3636_none_60b6a03d71f818d5\COMCTL32.dll
0x00007ff958510000 - 0x00007ff95853b000 	C:\Windows\System32\GDI32.dll
0x00007ff959e60000 - 0x00007ff959efe000 	C:\Windows\System32\msvcrt.dll
0x00007ff957d40000 - 0x00007ff957e57000 	C:\Windows\System32\gdi32full.dll
0x00007ff958000000 - 0x00007ff95809d000 	C:\Windows\System32\msvcp_win.dll
0x00007ff958550000 - 0x00007ff958582000 	C:\Windows\System32\IMM32.DLL
0x00007ff950e50000 - 0x00007ff950e5c000 	C:\Users\hp\.jdks\corretto-17.0.10\bin\vcruntime140_1.dll
0x00007ff924a10000 - 0x00007ff924a9d000 	C:\Users\hp\.jdks\corretto-17.0.10\bin\msvcp140.dll
0x00007ff90ab70000 - 0x00007ff90b7d2000 	C:\Users\hp\.jdks\corretto-17.0.10\bin\server\jvm.dll
0x00007ff958620000 - 0x00007ff9586d0000 	C:\Windows\System32\ADVAPI32.dll
0x00007ff958870000 - 0x00007ff958910000 	C:\Windows\System32\sechost.dll
0x00007ff959f00000 - 0x00007ff95a023000 	C:\Windows\System32\RPCRT4.dll
0x00007ff957e60000 - 0x00007ff957e87000 	C:\Windows\System32\bcrypt.dll
0x00007ff956ed0000 - 0x00007ff956f1b000 	C:\Windows\SYSTEM32\POWRPROF.dll
0x00007ff93a220000 - 0x00007ff93a229000 	C:\Windows\SYSTEM32\WSOCK32.dll
0x00007ff9585b0000 - 0x00007ff95861b000 	C:\Windows\System32\WS2_32.dll
0x00007ff9416c0000 - 0x00007ff9416e7000 	C:\Windows\SYSTEM32\WINMM.dll
0x00007ff94b4d0000 - 0x00007ff94b4da000 	C:\Windows\SYSTEM32\VERSION.dll
0x00007ff956e40000 - 0x00007ff956e52000 	C:\Windows\SYSTEM32\UMPDC.dll
0x00007ff955f30000 - 0x00007ff955f42000 	C:\Windows\SYSTEM32\kernel.appcore.dll
0x00007ff94f110000 - 0x00007ff94f11a000 	C:\Users\hp\.jdks\corretto-17.0.10\bin\jimage.dll
0x00007ff955430000 - 0x00007ff955614000 	C:\Windows\SYSTEM32\DBGHELP.DLL
0x00007ff930be0000 - 0x00007ff930c14000 	C:\Windows\SYSTEM32\dbgcore.DLL
0x00007ff957e90000 - 0x00007ff957f12000 	C:\Windows\System32\bcryptPrimitives.dll
0x00007ff941d60000 - 0x00007ff941d6e000 	C:\Users\hp\.jdks\corretto-17.0.10\bin\instrument.dll
0x00007ff93fc50000 - 0x00007ff93fc75000 	C:\Users\hp\.jdks\corretto-17.0.10\bin\java.dll
0x00007ff921ac0000 - 0x00007ff921b97000 	C:\Users\hp\.jdks\corretto-17.0.10\bin\jsvml.dll
0x00007ff958f50000 - 0x00007ff9596bb000 	C:\Windows\System32\SHELL32.dll
0x00007ff955790000 - 0x00007ff955f2e000 	C:\Windows\SYSTEM32\windows.storage.dll
0x00007ff9597e0000 - 0x00007ff959b33000 	C:\Windows\System32\combase.dll
0x00007ff957150000 - 0x00007ff95717e000 	C:\Windows\SYSTEM32\Wldp.dll
0x00007ff959d80000 - 0x00007ff959e4d000 	C:\Windows\System32\OLEAUT32.dll
0x00007ff958ba0000 - 0x00007ff958c4d000 	C:\Windows\System32\SHCORE.dll
0x00007ff959780000 - 0x00007ff9597d5000 	C:\Windows\System32\shlwapi.dll
0x00007ff957650000 - 0x00007ff957673000 	C:\Windows\SYSTEM32\profapi.dll
0x00007ff93fc00000 - 0x00007ff93fc18000 	C:\Users\hp\.jdks\corretto-17.0.10\bin\zip.dll
0x00007ff93e510000 - 0x00007ff93e529000 	C:\Users\hp\.jdks\corretto-17.0.10\bin\net.dll
0x00007ff9455d0000 - 0x00007ff9456da000 	C:\Windows\SYSTEM32\WINHTTP.dll
0x00007ff956e60000 - 0x00007ff956eca000 	C:\Windows\system32\mswsock.dll
0x00007ff93ab30000 - 0x00007ff93ab46000 	C:\Users\hp\.jdks\corretto-17.0.10\bin\nio.dll
0x00007ff935060000 - 0x00007ff93507a000 	C:\Program Files\JetBrains\IntelliJ IDEA Community Edition 2024.1\bin\breakgen64.dll
0x00007ff93fb00000 - 0x00007ff93fb09000 	C:\Users\hp\.jdks\corretto-17.0.10\bin\extnet.dll
0x00007ff93a9d0000 - 0x00007ff93a9de000 	C:\Users\hp\.jdks\corretto-17.0.10\bin\sunmscapi.dll
0x00007ff957be0000 - 0x00007ff957d3e000 	C:\Windows\System32\CRYPT32.dll
0x00007ff9571c0000 - 0x00007ff9571e8000 	C:\Windows\SYSTEM32\ncrypt.dll
0x00007ff957180000 - 0x00007ff9571bb000 	C:\Windows\SYSTEM32\NTASN1.dll

dbghelp: loaded successfully - version: 4.0.5 - missing functions: none
symbol engine: initialized successfully - sym options: 0x614 - pdb path: .;C:\Users\hp\.jdks\corretto-17.0.10\bin;C:\Windows\SYSTEM32;C:\Windows\WinSxS\amd64_microsoft.windows.common-controls_6595b64144ccf1df_6.0.19041.3636_none_60b6a03d71f818d5;C:\Users\hp\.jdks\corretto-17.0.10\bin\server;C:\Program Files\JetBrains\IntelliJ IDEA Community Edition 2024.1\bin

VM Arguments:
jvm_args: -javaagent:C:\Program Files\JetBrains\IntelliJ IDEA Community Edition 2024.1\lib\idea_rt.jar=51628:C:\Program Files\JetBrains\IntelliJ IDEA Community Edition 2024.1\bin -Dfile.encoding=UTF-8 
java_command: com.example.demo.DemoApplication
java_class_path (initial): C:\Users\hp\Downloads\Shoppingapp\target\classes;C:\Users\hp\.m2\repository\org\springframework\boot\spring-boot-starter-data-jpa\3.2.4\spring-boot-starter-data-jpa-3.2.4.jar;C:\Users\hp\.m2\repository\org\springframework\boot\spring-boot-starter-aop\3.2.4\spring-boot-starter-aop-3.2.4.jar;C:\Users\hp\.m2\repository\org\springframework\spring-aop\6.1.5\spring-aop-6.1.5.jar;C:\Users\hp\.m2\repository\org\aspectj\aspectjweaver\1.9.21\aspectjweaver-1.9.21.jar;C:\Users\hp\.m2\repository\org\springframework\boot\spring-boot-starter-jdbc\3.2.4\spring-boot-starter-jdbc-3.2.4.jar;C:\Users\hp\.m2\repository\com\zaxxer\HikariCP\5.0.1\HikariCP-5.0.1.jar;C:\Users\hp\.m2\repository\org\springframework\spring-jdbc\6.1.5\spring-jdbc-6.1.5.jar;C:\Users\hp\.m2\repository\org\hibernate\orm\hibernate-core\6.4.4.Final\hibernate-core-6.4.4.Final.jar;C:\Users\hp\.m2\repository\jakarta\persistence\jakarta.persistence-api\3.1.0\jakarta.persistence-api-3.1.0.jar;C:\Users\hp\.m2\repository\jakarta\transaction\jakarta.transaction-api\2.0.1\jakarta.transaction-api-2.0.1.jar;C:\Users\hp\.m2\repository\org\jboss\logging\jboss-logging\3.5.3.Final\jboss-logging-3.5.3.Final.jar;C:\Users\hp\.m2\repository\org\hibernate\common\hibernate-commons-annotations\6.0.6.Final\hibernate-commons-annotations-6.0.6.Final.jar;C:\Users\hp\.m2\repository\io\smallrye\jandex\3.1.2\jandex-3.1.2.jar;C:\Users\hp\.m2\repository\com\fasterxml\classmate\1.6.0\classmate-1.6.0.jar;C:\Users\hp\.m2\repository\net\bytebuddy\byte-buddy\1.14.12\byte-buddy-1.14.12.jar;C:\Users\hp\.m2\repository\org\glassfish\jaxb\jaxb-runtime\4.0.5\jaxb-runtime-4.0.5.jar;C:\Users\hp\.m2\repository\org\glassfish\jaxb\jaxb-core\4.0.5\jaxb-core-4.0.5.jar;C:\Users\hp\.m2\repository\org\eclipse\angus\angus-activation\2.0.2\angus-activation-2.0.2.jar;C:\Users\hp\.m2\repository\org\glassfish\jaxb\txw2\4.0.5\txw2-4.0.5.jar;C:\Users\hp\.m2\repository\com\sun\istack\istack-commons-runtime\4.1.2\istack-commons-runtime-4.1.2.jar;C
Launcher Type: SUN_STANDARD

[Global flags]
     intx CICompilerCount                          = 3                                         {product} {ergonomic}
     uint ConcGCThreads                            = 1                                         {product} {ergonomic}
     uint G1ConcRefinementThreads                  = 4                                         {product} {ergonomic}
   size_t G1HeapRegionSize                         = 1048576                                   {product} {ergonomic}
    uintx GCDrainStackTargetSize                   = 64                                        {product} {ergonomic}
   size_t InitialHeapSize                          = 134217728                                 {product} {ergonomic}
   size_t MarkStackSize                            = 4194304                                   {product} {ergonomic}
   size_t MaxHeapSize                              = 2118123520                                {product} {ergonomic}
   size_t MaxNewSize                               = 1270874112                                {product} {ergonomic}
   size_t MinHeapDeltaBytes                        = 1048576                                   {product} {ergonomic}
   size_t MinHeapSize                              = 8388608                                   {product} {ergonomic}
    uintx NonNMethodCodeHeapSize                   = 5832780                                {pd product} {ergonomic}
    uintx NonProfiledCodeHeapSize                  = 122912730                              {pd product} {ergonomic}
    uintx ProfiledCodeHeapSize                     = 122912730                              {pd product} {ergonomic}
    uintx ReservedCodeCacheSize                    = 251658240                              {pd product} {ergonomic}
     bool SegmentedCodeCache                       = true                                      {product} {ergonomic}
   size_t SoftMaxHeapSize                          = 2118123520                             {manageable} {ergonomic}
     bool UseCompressedClassPointers               = true                           {product lp64_product} {ergonomic}
     bool UseCompressedOops                        = true                           {product lp64_product} {ergonomic}
     bool UseG1GC                                  = true                                      {product} {ergonomic}
     bool UseLargePagesIndividualAllocation        = false                                  {pd product} {ergonomic}

Logging:
Log output configuration:
 #0: stdout all=warning uptime,level,tags
 #1: stderr all=off uptime,level,tags

Environment Variables:
PATH=C:\Program Files\Common Files\Oracle\Java\javapath;C:\Users\hp\Desktop\ORACLE\bin;C:\Program Files (x86)\VMware\VMware Workstation\bin\;C:\Windows\system32;C:\Windows;C:\Windows\System32\Wbem;C:\Windows\System32\WindowsPowerShell\v1.0\;C:\Windows\System32\OpenSSH\;C:\php;C:\ProgramData\ComposerSetup\bin;C:\Program Files\Git\cmd;C:\Program Files\Git\cmd;C:\flutter\bin;C:\Program Files\Git\bin;"C:\Program Files\Git\bin\git.exe;C:\Program Files\Git\cmd;C:\Windows\System32";C:\Windows\System32;C:\Program Files\nodejs\;C:\Users\hp\AppData\Local\Programs\Python\Launcher\;C:\Users\hp\AppData\Local\Microsoft\WindowsApps;C:\Users\hp\AppData\Local\Programs\Microsoft VS Code\bin;C:\Users\hp\AppData\Local\GitHubDesktop\bin;C:\Users\hp\AppData\Roaming\Composer\vendor\bin;C:\flutter\bin;C:\Program Files\Git\bin\git.exe;C:\Users\hp\AppData\Roaming\npm
USERNAME=hp
OS=Windows_NT
PROCESSOR_IDENTIFIER=Intel64 Family 6 Model 78 Stepping 3, GenuineIntel
TMP=C:\Users\hp\AppData\Local\Temp
TEMP=C:\Users\hp\AppData\Local\Temp



Periodic native trim disabled


---------------  S Y S T E M  ---------------

OS:
 Windows 10 , 64 bit Build 19041 (10.0.19041.3636)
OS uptime: 0 days 8:12 hours

CPU: total 4 (initial active 4) (2 cores per cpu, 2 threads per core) family 6 model 78 stepping 3 microcode 0xcc, cx8, cmov, fxsr, ht, mmx, 3dnowpref, sse, sse2, sse3, ssse3, sse4.1, sse4.2, popcnt, lzcnt, tsc, tscinvbit, avx, avx2, aes, erms, clmul, bmi1, bmi2, adx, fma, vzeroupper, clflush, clflushopt
Processor Information for all 4 processors :
  Max Mhz: 2400, Current Mhz: 2300, Mhz Limit: 2280

Memory: 4k page, system-wide physical 8072M (887M free)
TotalPageFile size 8072M (AvailPageFile size 6M)
current process WorkingSet (physical memory assigned to process): 142M, peak: 142M
current process commit charge ("private bytes"): 255M, peak: 256M

vm_info: OpenJDK 64-Bit Server VM (17.0.10+7-LTS) for windows-amd64 JRE (17.0.10+7-LTS), built on Jan 10 2024 22:11:07 by "Administrator" with MS VC++ 16.10 / 16.11 (VS2019)

END.
