#
# There is insufficient memory for the Java Runtime Environment to continue.
# Native memory allocation (mmap) failed to map 2097152 bytes for G1 virtual space
# Possible reasons:
#   The system is out of physical RAM or swap space
#   The process is running with CompressedOops enabled, and the Java Heap may be blocking the growth of the native heap
# Possible solutions:
#   Reduce memory load on the system
#   Increase physical memory or swap space
#   Check if swap backing store is full
#   Decrease Java heap size (-Xmx/-Xms)
#   Decrease number of Java threads
#   Decrease Java thread stack sizes (-Xss)
#   Set larger code cache with -XX:ReservedCodeCacheSize=
#   JVM is running with Unscaled Compressed Oops mode in which the Java heap is
#     placed in the first 4GB address space. The Java Heap base address is the
#     maximum limit for the native heap growth. Please use -XX:HeapBaseMinAddress
#     to set the Java Heap base and to place the Java Heap above 4GB virtual address.
# This output file may be truncated or incomplete.
#
#  Out of Memory Error (os_windows.cpp:3613), pid=11832, tid=12712
#
# JRE version:  (17.0.10+7) (build )
# Java VM: OpenJDK 64-Bit Server VM (17.0.10+7-LTS, mixed mode, sharing, tiered, compressed oops, compressed class ptrs, g1 gc, windows-amd64)
# No core dump will be written. Minidumps are not enabled by default on client versions of Windows
#

---------------  S U M M A R Y ------------

Command Line: -javaagent:C:\Program Files\JetBrains\IntelliJ IDEA Community Edition 2024.1\lib\idea_rt.jar=63465:C:\Program Files\JetBrains\IntelliJ IDEA Community Edition 2024.1\bin -Dfile.encoding=UTF-8 com.example.demo.DemoApplication

Host: Intel(R) Core(TM) i5-6200U CPU @ 2.30GHz, 4 cores, 7G,  Windows 10 , 64 bit Build 19041 (10.0.19041.3636)
Time: Mon Apr 22 16:30:58 2024 E. Africa Standard Time elapsed time: 0.041219 seconds (0d 0h 0m 0s)

---------------  T H R E A D  ---------------

Current thread (0x000001419584d140):  JavaThread "Unknown thread" [_thread_in_vm, id=12712, stack(0x00000024b9b00000,0x00000024b9c00000)]

Stack: [0x00000024b9b00000,0x00000024b9c00000]
Native frames: (J=compiled Java code, j=interpreted, Vv=VM code, C=native code)
V  [jvm.dll+0x67d2c9]
V  [jvm.dll+0x834b1a]
V  [jvm.dll+0x8365de]
V  [jvm.dll+0x836c43]
V  [jvm.dll+0x2477ff]
V  [jvm.dll+0x67a109]
V  [jvm.dll+0x66eb7a]
V  [jvm.dll+0x30764b]
V  [jvm.dll+0x30eaf6]
V  [jvm.dll+0x35e853]
V  [jvm.dll+0x35ea6f]
V  [jvm.dll+0x2de248]
V  [jvm.dll+0x2df1b4]
V  [jvm.dll+0x806381]
V  [jvm.dll+0x36c6f1]
V  [jvm.dll+0x7e4e26]
V  [jvm.dll+0x3eff3f]
V  [jvm.dll+0x3f1b71]
C  [jli.dll+0x528f]
C  [ucrtbase.dll+0x21bb2]
C  [KERNEL32.DLL+0x17344]
C  [ntdll.dll+0x526b1]


---------------  P R O C E S S  ---------------

Threads class SMR info:
_java_thread_list=0x00007ff9952eee98, length=0, elements={
}

Java Threads: ( => current thread )

Other Threads:
  0x00000141958a59e0 GCTaskThread "GC Thread#0" [stack: 0x00000024b9c00000,0x00000024b9d00000] [id=11476]
  0x00000141958b2680 ConcurrentGCThread "G1 Main Marker" [stack: 0x00000024b9d00000,0x00000024b9e00000] [id=1772]
  0x000001419364e000 ConcurrentGCThread "G1 Conc#0" [stack: 0x00000024b9e00000,0x00000024b9f00000] [id=13084]

[error occurred during error reporting (printing all threads), id 0xc0000005, EXCEPTION_ACCESS_VIOLATION (0xc0000005) at pc=0x00007ff994aaec87]

VM state: not at safepoint (not fully initialized)

VM Mutex/Monitor currently owned by a thread:  ([mutex/lock_event])
[0x00000141958487f0] Heap_lock - owner thread: 0x000001419584d140

Heap address: 0x0000000081c00000, size: 2020 MB, Compressed Oops mode: 32-bit

CDS archive(s) mapped at: [0x0000000000000000-0x0000000000000000-0x0000000000000000), size 0, SharedBaseAddress: 0x0000000800000000, ArchiveRelocationMode: 1.
Narrow klass base: 0x0000000000000000, Narrow klass shift: 0, Narrow klass range: 0x0

GC Precious Log:
<Empty>

Heap:
 garbage-first heap   total 0K, used 0K [0x0000000081c00000, 0x0000000100000000)
  region size 1024K, 0 young (0K), 0 survivors (0K)

[error occurred during error reporting (printing heap information), id 0xc0000005, EXCEPTION_ACCESS_VIOLATION (0xc0000005) at pc=0x00007ff994e96fb9]

GC Heap History (0 events):
No events

Dll operation events (1 events):
Event: 0.013 Loaded shared library C:\Users\hp\.jdks\corretto-17.0.10\bin\java.dll

Deoptimization events (0 events):
No events

Classes unloaded (0 events):
No events

Classes redefined (0 events):
No events

Internal exceptions (0 events):
No events

VM Operations (0 events):
No events

Events (0 events):
No events


Dynamic libraries:
0x00007ff7951a0000 - 0x00007ff7951ae000 	C:\Users\hp\.jdks\corretto-17.0.10\bin\java.exe
0x00007ff9d2390000 - 0x00007ff9d2588000 	C:\Windows\SYSTEM32\ntdll.dll
0x00007ff9d0a40000 - 0x00007ff9d0afd000 	C:\Windows\System32\KERNEL32.DLL
0x00007ff9cfc20000 - 0x00007ff9cff16000 	C:\Windows\System32\KERNELBASE.dll
0x00007ff9cffb0000 - 0x00007ff9d00b0000 	C:\Windows\System32\ucrtbase.dll
0x00007ff9a8340000 - 0x00007ff9a8357000 	C:\Users\hp\.jdks\corretto-17.0.10\bin\jli.dll
0x00007ff9b6b40000 - 0x00007ff9b6b5b000 	C:\Users\hp\.jdks\corretto-17.0.10\bin\VCRUNTIME140.dll
0x00007ff9d03e0000 - 0x00007ff9d057f000 	C:\Windows\System32\USER32.dll
0x00007ff9cfa90000 - 0x00007ff9cfab2000 	C:\Windows\System32\win32u.dll
0x00007ff9d1780000 - 0x00007ff9d17ab000 	C:\Windows\System32\GDI32.dll
0x00007ff9b6fb0000 - 0x00007ff9b724a000 	C:\Windows\WinSxS\amd64_microsoft.windows.common-controls_6595b64144ccf1df_6.0.19041.3636_none_60b6a03d71f818d5\COMCTL32.dll
0x00007ff9d0270000 - 0x00007ff9d0387000 	C:\Windows\System32\gdi32full.dll
0x00007ff9d09a0000 - 0x00007ff9d0a3e000 	C:\Windows\System32\msvcrt.dll
0x00007ff9d0160000 - 0x00007ff9d01fd000 	C:\Windows\System32\msvcp_win.dll
0x00007ff9d1590000 - 0x00007ff9d15c2000 	C:\Windows\System32\IMM32.DLL
0x00007ff9b6b30000 - 0x00007ff9b6b3c000 	C:\Users\hp\.jdks\corretto-17.0.10\bin\vcruntime140_1.dll
0x00007ff9a5690000 - 0x00007ff9a571d000 	C:\Users\hp\.jdks\corretto-17.0.10\bin\msvcp140.dll
0x00007ff9947c0000 - 0x00007ff995422000 	C:\Users\hp\.jdks\corretto-17.0.10\bin\server\jvm.dll
0x00007ff9d0e10000 - 0x00007ff9d0ec0000 	C:\Windows\System32\ADVAPI32.dll
0x00007ff9d0720000 - 0x00007ff9d07c0000 	C:\Windows\System32\sechost.dll
0x00007ff9d07c0000 - 0x00007ff9d08e3000 	C:\Windows\System32\RPCRT4.dll
0x00007ff9d0390000 - 0x00007ff9d03b7000 	C:\Windows\System32\bcrypt.dll
0x00007ff9cf7f0000 - 0x00007ff9cf83b000 	C:\Windows\SYSTEM32\POWRPROF.dll
0x00007ff9b4100000 - 0x00007ff9b4109000 	C:\Windows\SYSTEM32\WSOCK32.dll
0x00007ff9d0ec0000 - 0x00007ff9d0f2b000 	C:\Windows\System32\WS2_32.dll
0x00007ff9c3f50000 - 0x00007ff9c3f5a000 	C:\Windows\SYSTEM32\VERSION.dll
0x00007ff9b81e0000 - 0x00007ff9b8207000 	C:\Windows\SYSTEM32\WINMM.dll
0x00007ff9cf7d0000 - 0x00007ff9cf7e2000 	C:\Windows\SYSTEM32\UMPDC.dll
0x00007ff9cd960000 - 0x00007ff9cd972000 	C:\Windows\SYSTEM32\kernel.appcore.dll
0x00007ff9b23b0000 - 0x00007ff9b23ba000 	C:\Users\hp\.jdks\corretto-17.0.10\bin\jimage.dll
0x00007ff9cd750000 - 0x00007ff9cd934000 	C:\Windows\SYSTEM32\DBGHELP.DLL
0x00007ff9c0c80000 - 0x00007ff9c0cb4000 	C:\Windows\SYSTEM32\dbgcore.DLL
0x00007ff9cff20000 - 0x00007ff9cffa2000 	C:\Windows\System32\bcryptPrimitives.dll
0x00007ff9caa00000 - 0x00007ff9caa0e000 	C:\Users\hp\.jdks\corretto-17.0.10\bin\instrument.dll
0x00007ff9a4d10000 - 0x00007ff9a4d35000 	C:\Users\hp\.jdks\corretto-17.0.10\bin\java.dll

dbghelp: loaded successfully - version: 4.0.5 - missing functions: none
symbol engine: initialized successfully - sym options: 0x614 - pdb path: .;C:\Users\hp\.jdks\corretto-17.0.10\bin;C:\Windows\SYSTEM32;C:\Windows\WinSxS\amd64_microsoft.windows.common-controls_6595b64144ccf1df_6.0.19041.3636_none_60b6a03d71f818d5;C:\Users\hp\.jdks\corretto-17.0.10\bin\server

VM Arguments:
jvm_args: -javaagent:C:\Program Files\JetBrains\IntelliJ IDEA Community Edition 2024.1\lib\idea_rt.jar=63465:C:\Program Files\JetBrains\IntelliJ IDEA Community Edition 2024.1\bin -Dfile.encoding=UTF-8 
java_command: com.example.demo.DemoApplication
java_class_path (initial): C:\Users\hp\Downloads\Shoppingapp\target\classes;C:\Users\hp\.m2\repository\org\springframework\boot\spring-boot-starter-data-jpa\3.2.4\spring-boot-starter-data-jpa-3.2.4.jar;C:\Users\hp\.m2\repository\org\springframework\boot\spring-boot-starter-aop\3.2.4\spring-boot-starter-aop-3.2.4.jar;C:\Users\hp\.m2\repository\org\springframework\spring-aop\6.1.5\spring-aop-6.1.5.jar;C:\Users\hp\.m2\repository\org\aspectj\aspectjweaver\1.9.21\aspectjweaver-1.9.21.jar;C:\Users\hp\.m2\repository\org\springframework\boot\spring-boot-starter-jdbc\3.2.4\spring-boot-starter-jdbc-3.2.4.jar;C:\Users\hp\.m2\repository\com\zaxxer\HikariCP\5.0.1\HikariCP-5.0.1.jar;C:\Users\hp\.m2\repository\org\springframework\spring-jdbc\6.1.5\spring-jdbc-6.1.5.jar;C:\Users\hp\.m2\repository\org\hibernate\orm\hibernate-core\6.4.4.Final\hibernate-core-6.4.4.Final.jar;C:\Users\hp\.m2\repository\jakarta\persistence\jakarta.persistence-api\3.1.0\jakarta.persistence-api-3.1.0.jar;C:\Users\hp\.m2\repository\jakarta\transaction\jakarta.transaction-api\2.0.1\jakarta.transaction-api-2.0.1.jar;C:\Users\hp\.m2\repository\org\jboss\logging\jboss-logging\3.5.3.Final\jboss-logging-3.5.3.Final.jar;C:\Users\hp\.m2\repository\org\hibernate\common\hibernate-commons-annotations\6.0.6.Final\hibernate-commons-annotations-6.0.6.Final.jar;C:\Users\hp\.m2\repository\io\smallrye\jandex\3.1.2\jandex-3.1.2.jar;C:\Users\hp\.m2\repository\com\fasterxml\classmate\1.6.0\classmate-1.6.0.jar;C:\Users\hp\.m2\repository\net\bytebuddy\byte-buddy\1.14.12\byte-buddy-1.14.12.jar;C:\Users\hp\.m2\repository\org\glassfish\jaxb\jaxb-runtime\4.0.5\jaxb-runtime-4.0.5.jar;C:\Users\hp\.m2\repository\org\glassfish\jaxb\jaxb-core\4.0.5\jaxb-core-4.0.5.jar;C:\Users\hp\.m2\repository\org\eclipse\angus\angus-activation\2.0.2\angus-activation-2.0.2.jar;C:\Users\hp\.m2\repository\org\glassfish\jaxb\txw2\4.0.5\txw2-4.0.5.jar;C:\Users\hp\.m2\repository\com\sun\istack\istack-commons-runtime\4.1.2\istack-commons-runtime-4.1.2.jar;C
Launcher Type: SUN_STANDARD

[Global flags]
     intx CICompilerCount                          = 3                                         {product} {ergonomic}
     uint ConcGCThreads                            = 1                                         {product} {ergonomic}
     uint G1ConcRefinementThreads                  = 4                                         {product} {ergonomic}
   size_t G1HeapRegionSize                         = 1048576                                   {product} {ergonomic}
    uintx GCDrainStackTargetSize                   = 64                                        {product} {ergonomic}
   size_t InitialHeapSize                          = 134217728                                 {product} {ergonomic}
   size_t MarkStackSize                            = 4194304                                   {product} {ergonomic}
   size_t MaxHeapSize                              = 2118123520                                {product} {ergonomic}
   size_t MinHeapDeltaBytes                        = 1048576                                   {product} {ergonomic}
   size_t MinHeapSize                              = 8388608                                   {product} {ergonomic}
    uintx NonNMethodCodeHeapSize                   = 5832780                                {pd product} {ergonomic}
    uintx NonProfiledCodeHeapSize                  = 122912730                              {pd product} {ergonomic}
    uintx ProfiledCodeHeapSize                     = 122912730                              {pd product} {ergonomic}
    uintx ReservedCodeCacheSize                    = 251658240                              {pd product} {ergonomic}
     bool SegmentedCodeCache                       = true                                      {product} {ergonomic}
   size_t SoftMaxHeapSize                          = 2118123520                             {manageable} {ergonomic}
     bool UseCompressedClassPointers               = true                           {product lp64_product} {ergonomic}
     bool UseCompressedOops                        = true                           {product lp64_product} {ergonomic}
     bool UseG1GC                                  = true                                      {product} {ergonomic}
     bool UseLargePagesIndividualAllocation        = false                                  {pd product} {ergonomic}

Logging:
Log output configuration:
 #0: stdout all=warning uptime,level,tags
 #1: stderr all=off uptime,level,tags

Environment Variables:
PATH=C:\Program Files\Common Files\Oracle\Java\javapath;C:\Users\hp\Desktop\ORACLE\bin;C:\Program Files (x86)\VMware\VMware Workstation\bin\;C:\Windows\system32;C:\Windows;C:\Windows\System32\Wbem;C:\Windows\System32\WindowsPowerShell\v1.0\;C:\Windows\System32\OpenSSH\;C:\php;C:\ProgramData\ComposerSetup\bin;C:\Program Files\Git\cmd;C:\Program Files\Git\cmd;C:\flutter\bin;C:\Program Files\Git\bin;"C:\Program Files\Git\bin\git.exe;C:\Program Files\Git\cmd;C:\Windows\System32";C:\Windows\System32;C:\Program Files\nodejs\;C:\Users\hp\AppData\Local\Programs\Python\Launcher\;C:\Users\hp\AppData\Local\Microsoft\WindowsApps;C:\Users\hp\AppData\Local\Programs\Microsoft VS Code\bin;C:\Users\hp\AppData\Local\GitHubDesktop\bin;C:\Users\hp\AppData\Roaming\Composer\vendor\bin;C:\flutter\bin;C:\Program Files\Git\bin\git.exe;C:\Users\hp\AppData\Roaming\npm
USERNAME=hp
OS=Windows_NT
PROCESSOR_IDENTIFIER=Intel64 Family 6 Model 78 Stepping 3, GenuineIntel
TMP=C:\Users\hp\AppData\Local\Temp
TEMP=C:\Users\hp\AppData\Local\Temp



Periodic native trim disabled


---------------  S Y S T E M  ---------------

OS:
 Windows 10 , 64 bit Build 19041 (10.0.19041.3636)
OS uptime: 0 days 7:03 hours

CPU: total 4 (initial active 4) (2 cores per cpu, 2 threads per core) family 6 model 78 stepping 3 microcode 0xcc, cx8, cmov, fxsr, ht, mmx, 3dnowpref, sse, sse2, sse3, ssse3, sse4.1, sse4.2, popcnt, lzcnt, tsc, tscinvbit, avx, avx2, aes, erms, clmul, bmi1, bmi2, adx, fma, vzeroupper, clflush, clflushopt
Processor Information for all 4 processors :
  Max Mhz: 2400, Current Mhz: 2300, Mhz Limit: 2280

Memory: 4k page, system-wide physical 8072M (952M free)
TotalPageFile size 8072M (AvailPageFile size 6M)
current process WorkingSet (physical memory assigned to process): 10M, peak: 10M
current process commit charge ("private bytes"): 180M, peak: 182M

vm_info: OpenJDK 64-Bit Server VM (17.0.10+7-LTS) for windows-amd64 JRE (17.0.10+7-LTS), built on Jan 10 2024 22:11:07 by "Administrator" with MS VC++ 16.10 / 16.11 (VS2019)

END.
